train_set_x
[30000  9460]
train_set_y
[30000    43]
valid_set_x
[10000  9460]
valid_set_y
[10000    43]
test_set_x
[10000  9460]
test_set_y
[10000    43]
... building the model
W
[[ 1.  1.  1. ...,  1.  1.  1.]
 [ 1.  1.  1. ...,  1.  1.  1.]
 [ 1.  1.  1. ...,  1.  1.  1.]
 ..., 
 [ 1.  1.  1. ...,  1.  1.  1.]
 [ 1.  1.  1. ...,  1.  1.  1.]
 [ 1.  1.  1. ...,  1.  1.  1.]]
B
[ 1.  1.  1. ...,  1.  1.  1.]
... training
epoch 1, minibatch 1500/1500, validation error 55.022326 % average loss 52.102272 %
     epoch 1, minibatch 1500/1500, test error of best model 55.425581 % average loss 52.102272 %
epoch 2, minibatch 1500/1500, validation error 54.852558 % average loss 52.310038 %
     epoch 2, minibatch 1500/1500, test error of best model 54.941395 % average loss 52.310038 %
epoch 3, minibatch 1500/1500, validation error 54.737907 % average loss 52.428792 %
     epoch 3, minibatch 1500/1500, test error of best model 54.866279 % average loss 52.428792 %
epoch 4, minibatch 1500/1500, validation error 54.485814 % average loss 52.244971 %
     epoch 4, minibatch 1500/1500, test error of best model 54.130233 % average loss 52.244971 %
epoch 5, minibatch 1500/1500, validation error 53.950698 % average loss 52.144358 %
     epoch 5, minibatch 1500/1500, test error of best model 54.626047 % average loss 52.144358 %
epoch 6, minibatch 1500/1500, validation error 53.941395 % average loss 52.182867 %
     epoch 6, minibatch 1500/1500, test error of best model 53.785814 % average loss 52.182867 %
epoch 7, minibatch 1500/1500, validation error 53.950233 % average loss 52.134848 %
epoch 8, minibatch 1500/1500, validation error 53.950233 % average loss 52.087513 %
epoch 9, minibatch 1500/1500, validation error 53.959767 % average loss 52.024198 %
epoch 10, minibatch 1500/1500, validation error 55.323256 % average loss 51.843055 %
epoch 11, minibatch 1500/1500, validation error 53.973023 % average loss 51.954692 %
epoch 12, minibatch 1500/1500, validation error 54.020930 % average loss 51.853357 %
epoch 13, minibatch 1500/1500, validation error 53.966512 % average loss 51.824441 %
epoch 14, minibatch 1500/1500, validation error 54.124884 % average loss 51.860971 %
epoch 15, minibatch 1500/1500, validation error 54.832791 % average loss 51.674367 %
epoch 16, minibatch 1500/1500, validation error 53.951628 % average loss 51.586941 %
epoch 17, minibatch 1500/1500, validation error 53.969767 % average loss 51.710578 %
epoch 18, minibatch 1500/1500, validation error 54.000930 % average loss 51.499716 %
epoch 19, minibatch 1500/1500, validation error 54.776279 % average loss 51.467557 %
epoch 20, minibatch 1500/1500, validation error 54.820465 % average loss 51.505326 %
epoch 21, minibatch 1500/1500, validation error 54.769767 % average loss 51.472624 %
epoch 22, minibatch 1500/1500, validation error 53.920465 % average loss 51.393948 %
     epoch 22, minibatch 1500/1500, test error of best model 53.780698 % average loss 51.393948 %
epoch 23, minibatch 1500/1500, validation error 53.957674 % average loss 51.375185 %
epoch 24, minibatch 1500/1500, validation error 53.904884 % average loss 51.211194 %
     epoch 24, minibatch 1500/1500, test error of best model 53.779767 % average loss 51.211194 %
epoch 25, minibatch 1500/1500, validation error 54.876279 % average loss 51.220565 %
epoch 26, minibatch 1500/1500, validation error 54.801628 % average loss 51.199542 %
epoch 27, minibatch 1500/1500, validation error 54.827674 % average loss 51.227684 %
epoch 28, minibatch 1500/1500, validation error 53.973488 % average loss 51.176854 %
epoch 29, minibatch 1500/1500, validation error 54.842326 % average loss 51.188825 %
epoch 30, minibatch 1500/1500, validation error 54.791628 % average loss 51.136138 %
epoch 31, minibatch 1500/1500, validation error 54.806512 % average loss 51.158575 %
epoch 32, minibatch 1500/1500, validation error 54.800465 % average loss 51.051065 %
epoch 33, minibatch 1500/1500, validation error 54.809535 % average loss 51.036342 %
epoch 34, minibatch 1500/1500, validation error 54.849767 % average loss 50.974936 %
epoch 35, minibatch 1500/1500, validation error 54.756512 % average loss 51.019545 %
epoch 36, minibatch 1500/1500, validation error 54.794186 % average loss 50.900255 %
epoch 37, minibatch 1500/1500, validation error 53.906512 % average loss 50.895597 %
epoch 38, minibatch 1500/1500, validation error 54.795581 % average loss 50.795279 %
epoch 39, minibatch 1500/1500, validation error 54.090000 % average loss 50.867837 %
epoch 40, minibatch 1500/1500, validation error 53.848837 % average loss 50.654517 %
     epoch 40, minibatch 1500/1500, test error of best model 53.734884 % average loss 50.654517 %
epoch 41, minibatch 1500/1500, validation error 53.783721 % average loss 50.610683 %
     epoch 41, minibatch 1500/1500, test error of best model 53.545349 % average loss 50.610683 %
epoch 42, minibatch 1500/1500, validation error 53.748837 % average loss 50.610676 %
     epoch 42, minibatch 1500/1500, test error of best model 53.547442 % average loss 50.610676 %
epoch 43, minibatch 1500/1500, validation error 53.718837 % average loss 50.555288 %
     epoch 43, minibatch 1500/1500, test error of best model 53.572326 % average loss 50.555288 %
epoch 44, minibatch 1500/1500, validation error 53.722791 % average loss 50.497043 %
epoch 45, minibatch 1500/1500, validation error 54.432093 % average loss 50.380706 %
epoch 46, minibatch 1500/1500, validation error 53.713488 % average loss 50.368280 %
     epoch 46, minibatch 1500/1500, test error of best model 53.510930 % average loss 50.368280 %
epoch 47, minibatch 1500/1500, validation error 54.545814 % average loss 50.286026 %
epoch 48, minibatch 1500/1500, validation error 54.551395 % average loss 50.268317 %
epoch 49, minibatch 1500/1500, validation error 54.495814 % average loss 50.229343 %
epoch 50, minibatch 1500/1500, validation error 54.506047 % average loss 50.185968 %
[[ 0.22703962  0.54290639  0.230054   ...,  0.34024639  0.29473768
   0.36501593]
 [ 0.22704394  0.54289578  0.23006028 ...,  0.34025577  0.29472564
   0.36501859]
 [ 0.227049    0.54288874  0.23006226 ...,  0.34026079  0.29473476
   0.36500445]
 ..., 
 [ 0.22729252  0.53839142  0.23431606 ...,  0.34199396  0.29125078
   0.36675526]
 [ 0.22731328  0.53836382  0.23432289 ...,  0.34198406  0.29124698
   0.36676896]
 [ 0.22732743  0.5383533   0.23431927 ...,  0.34198964  0.29121509
   0.36679527]]
Optimization complete. Best validation score of 53.713488 % obtained at iteration 69000, with test performance 53.510930 %
The code for file SGD4FFN.py ran for 1349.27m
(10000, 43)
(10000, 43)
fscore 0.454546511627907
microf1 0.207058470247
macrof1 0.454546511628
weighted1 0.299872682301
