train_set_x
[ 600 9460]
train_set_y
[600  43]
valid_set_x
[ 200 9460]
valid_set_y
[200  43]
test_set_x
[ 200 9460]
test_set_y
[200  43]
... building the model
W
[[ 1.  1.  1. ...,  1.  1.  1.]
 [ 1.  1.  1. ...,  1.  1.  1.]
 [ 1.  1.  1. ...,  1.  1.  1.]
 ..., 
 [ 1.  1.  1. ...,  1.  1.  1.]
 [ 1.  1.  1. ...,  1.  1.  1.]
 [ 1.  1.  1. ...,  1.  1.  1.]]
B
[ 1.  1.  1. ...,  1.  1.  1.]
... training
epoch 1, minibatch 30/30, validation error 53.511628 % average loss 49.846799 %
     epoch 1, minibatch 30/30, test error of best model 52.406977 % average loss 49.846799 %
[[ 0.2433091   0.47297216  0.28371874 ...,  0.28740778  0.38242771
   0.33016451]
 [ 0.24328756  0.47299593  0.28371651 ...,  0.28736924  0.38250017
   0.33013059]
 [ 0.24327721  0.47300975  0.28371304 ...,  0.28737169  0.38248657
   0.33014173]
 ..., 
 [ 0.24320841  0.47308492  0.28370667 ...,  0.28732489  0.3825589
   0.3301162 ]
 [ 0.24322617  0.47306413  0.28370971 ...,  0.28732168  0.38256828
   0.33011004]
 [ 0.24322904  0.47305894  0.28371202 ...,  0.2873081   0.38259562
   0.33009629]]
Optimization complete. Best validation score of 53.511628 % obtained at iteration 30, with test performance 52.406977 %
The code for file SGD4FFN.py ran for 0.63m
(200, 43)
(200, 43)
0
68
0
132
68
0
132
0
0
64
0
136
61
0
139
0
0
73
0
127
0
66
0
134
0
76
0
124
0
40
0
160
84
0
116
0
0
59
0
141
76
0
124
0
0
65
0
135
0
60
0
140
0
80
0
120
60
0
140
0
0
63
0
137
74
0
126
0
0
63
0
137
0
69
0
131
62
0
138
0
0
69
0
131
0
45
0
155
111
0
89
0
0
44
0
156
69
0
131
0
0
55
0
145
0
76
0
124
0
46
0
154
110
0
90
0
0
44
0
156
0
61
0
139
90
0
110
0
0
49
0
151
0
60
0
140
0
80
0
120
60
0
140
0
0
65
0
135
0
80
0
120
55
0
145
0
0
43
0
157
110
0
90
0
0
47
0
153
0
54
0
146
107
0
93
0
0
39
0
161
0
60
0
140
93
0
107
0
0
47
0
153
88
0
112
0
0
32
0
168
0
80
0
120
0
68
0
132
0
56
0
144
76
0
124
0
56
0
144
0
0
79
0
121
0
65
0
135
0
49
0
151
100
0
100
0
0
51
0
149
0
73
0
127
0
47
0
153
80
0
120
0
0
61
0
139
62
0
138
0
0
77
0
123
0
17
0
183
160
0
40
0
0
23
0
177
0
39
0
161
121
0
79
0
0
40
0
160
0
79
0
121
0
54
0
146
67
0
133
0
0
48
0
152
95
0
105
0
0
57
0
143
0
27
0
173
138
0
62
0
0
35
0
165
0
28
0
172
142
0
58
0
0
30
0
170
0
32
0
168
129
0
71
0
0
39
0
161
0
29
0
171
143
0
57
0
0
28
0
172
0
52
0
148
85
0
115
0
0
63
0
137
0
11
0
189
171
0
29
0
0
18
0
182
0
75
0
125
0
38
0
162
87
0
113
0
0
39
0
161
107
0
93
0
0
54
0
146
0
33
0
167
127
0
73
0
0
40
0
160
0
22
0
178
155
0
45
0
0
23
0
177
75
0
125
0
0
34
0
166
0
91
0
109
0
31
0
169
127
0
73
0
0
42
0
158
76
0
124
0
0
36
0
164
0
88
0
112
0
42
0
158
124
0
76
0
0
34
0
166
85
0
115
0
0
31
0
169
0
84
0
116
0
69
0
131
0
47
0
153
84
0
116
0
0
84
0
116
43
0
157
0
0
73
0
127
fscore 0.47593023255813954
microf1 0.210079224994
macrof1 0.475930232558
weighted1 0.321622790135
