train_set_x
[30000  9460]
train_set_y
[30000    43]
valid_set_x
[10000  9460]
valid_set_y
[10000    43]
test_set_x
[10000  9460]
test_set_y
[10000    43]
... building the model
W
[[ 1.  1.  1. ...,  1.  1.  1.]
 [ 1.  1.  1. ...,  1.  1.  1.]
 [ 1.  1.  1. ...,  1.  1.  1.]
 ..., 
 [ 1.  1.  1. ...,  1.  1.  1.]
 [ 1.  1.  1. ...,  1.  1.  1.]
 [ 1.  1.  1. ...,  1.  1.  1.]]
B
[ 1.  1.  1. ...,  1.  1.  1.]
... training
epoch 1, minibatch 1500/1500, validation error 55.022326 % average loss 52.102272 %
     epoch 1, minibatch 1500/1500, test error of best model 55.425581 % average loss 52.102272 %
epoch 2, minibatch 1500/1500, validation error 54.852558 % average loss 52.310038 %
     epoch 2, minibatch 1500/1500, test error of best model 54.941395 % average loss 52.310038 %
epoch 3, minibatch 1500/1500, validation error 54.737907 % average loss 52.428792 %
     epoch 3, minibatch 1500/1500, test error of best model 54.866279 % average loss 52.428792 %
epoch 4, minibatch 1500/1500, validation error 54.485814 % average loss 52.244971 %
     epoch 4, minibatch 1500/1500, test error of best model 54.130233 % average loss 52.244971 %
epoch 5, minibatch 1500/1500, validation error 53.950698 % average loss 52.144358 %
     epoch 5, minibatch 1500/1500, test error of best model 54.626047 % average loss 52.144358 %
epoch 6, minibatch 1500/1500, validation error 53.941395 % average loss 52.182867 %
     epoch 6, minibatch 1500/1500, test error of best model 53.785814 % average loss 52.182867 %
epoch 7, minibatch 1500/1500, validation error 53.950233 % average loss 52.134848 %
epoch 8, minibatch 1500/1500, validation error 53.950233 % average loss 52.087513 %
epoch 9, minibatch 1500/1500, validation error 53.959767 % average loss 52.024198 %
epoch 10, minibatch 1500/1500, validation error 55.323256 % average loss 51.843055 %
epoch 11, minibatch 1500/1500, validation error 53.973023 % average loss 51.954692 %
epoch 12, minibatch 1500/1500, validation error 54.020930 % average loss 51.853357 %
epoch 13, minibatch 1500/1500, validation error 53.966512 % average loss 51.824441 %
epoch 14, minibatch 1500/1500, validation error 54.124884 % average loss 51.860971 %
epoch 15, minibatch 1500/1500, validation error 54.832791 % average loss 51.674367 %
epoch 16, minibatch 1500/1500, validation error 53.951628 % average loss 51.586941 %
epoch 17, minibatch 1500/1500, validation error 53.969767 % average loss 51.710578 %
epoch 18, minibatch 1500/1500, validation error 54.000930 % average loss 51.499716 %
epoch 19, minibatch 1500/1500, validation error 54.776279 % average loss 51.467557 %
epoch 20, minibatch 1500/1500, validation error 54.820465 % average loss 51.505326 %
epoch 21, minibatch 1500/1500, validation error 54.769767 % average loss 51.472624 %
epoch 22, minibatch 1500/1500, validation error 53.920465 % average loss 51.393948 %
     epoch 22, minibatch 1500/1500, test error of best model 53.780698 % average loss 51.393948 %
epoch 23, minibatch 1500/1500, validation error 53.957674 % average loss 51.375185 %
epoch 24, minibatch 1500/1500, validation error 53.904884 % average loss 51.211194 %
     epoch 24, minibatch 1500/1500, test error of best model 53.779767 % average loss 51.211194 %
epoch 25, minibatch 1500/1500, validation error 54.876279 % average loss 51.220565 %
epoch 26, minibatch 1500/1500, validation error 54.801628 % average loss 51.199542 %
epoch 27, minibatch 1500/1500, validation error 54.827674 % average loss 51.227684 %
epoch 28, minibatch 1500/1500, validation error 53.973488 % average loss 51.176854 %
epoch 29, minibatch 1500/1500, validation error 54.842326 % average loss 51.188825 %
epoch 30, minibatch 1500/1500, validation error 54.791628 % average loss 51.136138 %
epoch 31, minibatch 1500/1500, validation error 54.806512 % average loss 51.158575 %
epoch 32, minibatch 1500/1500, validation error 54.800465 % average loss 51.051065 %
epoch 33, minibatch 1500/1500, validation error 54.809535 % average loss 51.036342 %
epoch 34, minibatch 1500/1500, validation error 54.849767 % average loss 50.974936 %
epoch 35, minibatch 1500/1500, validation error 54.756512 % average loss 51.019545 %
epoch 36, minibatch 1500/1500, validation error 54.794186 % average loss 50.900255 %
epoch 37, minibatch 1500/1500, validation error 53.906512 % average loss 50.895597 %
epoch 38, minibatch 1500/1500, validation error 54.795581 % average loss 50.795279 %
epoch 39, minibatch 1500/1500, validation error 54.090000 % average loss 50.867837 %
epoch 40, minibatch 1500/1500, validation error 53.848837 % average loss 50.654517 %
     epoch 40, minibatch 1500/1500, test error of best model 53.734884 % average loss 50.654517 %
epoch 41, minibatch 1500/1500, validation error 53.783721 % average loss 50.610683 %
     epoch 41, minibatch 1500/1500, test error of best model 53.545349 % average loss 50.610683 %
epoch 42, minibatch 1500/1500, validation error 53.748837 % average loss 50.610676 %
     epoch 42, minibatch 1500/1500, test error of best model 53.547442 % average loss 50.610676 %
epoch 43, minibatch 1500/1500, validation error 53.718837 % average loss 50.555288 %
     epoch 43, minibatch 1500/1500, test error of best model 53.572326 % average loss 50.555288 %
epoch 44, minibatch 1500/1500, validation error 53.722791 % average loss 50.497043 %
epoch 45, minibatch 1500/1500, validation error 54.432093 % average loss 50.380706 %
epoch 46, minibatch 1500/1500, validation error 53.713488 % average loss 50.368280 %
     epoch 46, minibatch 1500/1500, test error of best model 53.510930 % average loss 50.368280 %
epoch 47, minibatch 1500/1500, validation error 54.545814 % average loss 50.286026 %
epoch 48, minibatch 1500/1500, validation error 54.551395 % average loss 50.268317 %
epoch 49, minibatch 1500/1500, validation error 54.495814 % average loss 50.229343 %
epoch 50, minibatch 1500/1500, validation error 54.506047 % average loss 50.185968 %
epoch 51, minibatch 1500/1500, validation error 54.535581 % average loss 50.142666 %
epoch 52, minibatch 1500/1500, validation error 54.507674 % average loss 50.098439 %
epoch 53, minibatch 1500/1500, validation error 53.710233 % average loss 50.065195 %
     epoch 53, minibatch 1500/1500, test error of best model 53.472558 % average loss 50.065195 %
epoch 54, minibatch 1500/1500, validation error 53.768140 % average loss 50.024539 %
epoch 55, minibatch 1500/1500, validation error 54.536512 % average loss 49.948514 %
epoch 56, minibatch 1500/1500, validation error 54.536512 % average loss 49.928493 %
epoch 57, minibatch 1500/1500, validation error 54.475349 % average loss 49.904592 %
epoch 58, minibatch 1500/1500, validation error 54.466744 % average loss 49.889760 %
epoch 59, minibatch 1500/1500, validation error 54.536977 % average loss 49.829702 %
epoch 60, minibatch 1500/1500, validation error 54.538372 % average loss 49.793709 %
epoch 61, minibatch 1500/1500, validation error 54.523953 % average loss 49.754777 %
epoch 62, minibatch 1500/1500, validation error 54.490465 % average loss 49.726122 %
epoch 63, minibatch 1500/1500, validation error 54.525581 % average loss 49.684677 %
epoch 64, minibatch 1500/1500, validation error 54.532791 % average loss 49.640352 %
epoch 65, minibatch 1500/1500, validation error 54.538372 % average loss 49.591530 %
epoch 66, minibatch 1500/1500, validation error 54.538372 % average loss 49.566548 %
[[ 0.23017381  0.53711118  0.23271501 ...,  0.37829016  0.26181552
   0.35989432]
 [ 0.23017529  0.53709837  0.23272634 ...,  0.37828355  0.26180986
   0.35990659]
 [ 0.23016312  0.53711799  0.23271889 ...,  0.37829315  0.26181819
   0.35988866]
 ..., 
 [ 0.22810858  0.53565081  0.2362406  ...,  0.37774522  0.2580996
   0.36415518]
 [ 0.22812475  0.53561235  0.2362629  ...,  0.37774915  0.25808507
   0.36416578]
 [ 0.22811144  0.53559551  0.23629305 ...,  0.37777137  0.25804788
   0.36418074]]
Optimization complete. Best validation score of 53.710233 % obtained at iteration 79500, with test performance 53.472558 %
The code for file SGD4FFN.py ran for 1795.34m
(10000, 43)
(10000, 43)
fscore 0.47495116279069766
microf1 0.221008780331
macrof1 0.474951162791
weighted1 0.327188049625
