[[ 2.  1.  1.  2.  1.  1.  2.  1.  0.  1.  1.  1.  1.  1.  1.  0.  0.  0.
   0.  1.  2.  0.  1.  1.  2.  2.  0.  2.  1.  1.  1.  1.  1.  2.  1.  2.
   0.  1.  2.  1.  0.  0.  0.]
 [ 0.  0.  0.  2.  1.  1.  2.  1.  2.  1.  0.  1.  1.  1.  0.  0.  1.  0.
   2.  2.  0.  2.  1.  1.  2.  1.  2.  2.  1.  1.  1.  1.  2.  1.  0.  1.
   0.  1.  2.  0.  0.  2.  0.]
 [ 0.  0.  0.  1.  2.  1.  0.  1.  1.  1.  1.  2.  1.  1.  1.  2.  1.  0.
   0.  2.  2.  0.  2.  1.  2.  2.  1.  0.  1.  1.  1.  1.  1.  1.  1.  1.
   0.  1.  2.  2.  1.  2.  2.]
 [ 0.  2.  2.  1.  2.  0.  2.  1.  2.  1.  1.  2.  1.  1.  1.  2.  2.  1.
   0.  1.  2.  2.  1.  1.  0.  1.  1.  0.  1.  1.  0.  1.  2.  0.  1.  1.
   2.  1.  2.  1.  1.  2.  2.]
 [ 2.  1.  0.  1.  1.  1.  0.  2.  0.  0.  0.  1.  2.  2.  1.  2.  1.  1.
   2.  0.  2.  1.  1.  1.  2.  0.  2.  2.  1.  0.  1.  1.  2.  2.  1.  1.
   1.  1.  2.  1.  1.  0.  0.]
 [ 0.  0.  2.  0.  2.  0.  0.  1.  2.  0.  0.  2.  1.  2.  2.  0.  1.  1.
   0.  2.  2.  2.  1.  1.  0.  1.  2.  0.  2.  2.  2.  1.  2.  1.  1.  1.
   2.  1.  0.  1.  2.  0.  2.]
 [ 0.  0.  2.  1.  0.  1.  0.  1.  2.  0.  1.  0.  1.  0.  0.  0.  0.  1.
   0.  1.  2.  2.  0.  1.  0.  2.  1.  2.  1.  1.  0.  1.  2.  2.  2.  0.
   0.  2.  0.  1.  1.  0.  2.]
 [ 2.  1.  2.  0.  0.  1.  1.  1.  1.  0.  2.  0.  1.  1.  2.  2.  0.  1.
   2.  1.  0.  2.  1.  1.  2.  2.  2.  2.  0.  1.  1.  1.  2.  1.  0.  2.
   1.  0.  1.  1.  0.  0.  2.]
 [ 0.  1.  0.  0.  2.  1.  2.  1.  2.  1.  1.  2.  0.  2.  2.  0.  1.  1.
   2.  1.  0.  0.  1.  1.  2.  2.  0.  2.  0.  1.  1.  2.  2.  0.  2.  0.
   0.  1.  0.  1.  1.  1.  2.]
 [ 1.  1.  1.  0.  0.  0.  1.  1.  1.  1.  1.  0.  2.  2.  0.  0.  0.  0.
   0.  2.  0.  2.  2.  1.  0.  2.  2.  2.  0.  1.  2.  2.  0.  1.  1.  2.
   2.  1.  2.  1.  1.  2.  2.]
 [ 2.  1.  2.  2.  0.  2.  0.  1.  1.  0.  1.  0.  1.  1.  1.  2.  2.  1.
   1.  0.  1.  1.  1.  1.  2.  1.  2.  2.  1.  1.  0.  1.  2.  2.  1.  0.
   2.  1.  2.  1.  2.  2.  0.]
 [ 1.  2.  0.  0.  0.  0.  1.  2.  2.  0.  1.  0.  1.  1.  2.  0.  2.  1.
   1.  1.  0.  1.  1.  1.  0.  2.  2.  0.  0.  1.  1.  1.  2.  0.  1.  1.
   2.  1.  0.  2.  1.  0.  0.]
 [ 0.  0.  0.  1.  1.  1.  1.  1.  1.  1.  2.  1.  1.  1.  2.  0.  0.  1.
   0.  1.  2.  2.  1.  1.  0.  0.  2.  2.  0.  1.  2.  1.  0.  1.  1.  1.
   1.  1.  2.  1.  1.  2.  2.]
 [ 2.  0.  2.  0.  0.  0.  1.  1.  2.  1.  2.  0.  2.  1.  2.  2.  2.  2.
   2.  1.  2.  2.  1.  0.  1.  0.  0.  0.  2.  1.  1.  1.  2.  1.  1.  1.
   2.  1.  0.  0.  1.  0.  0.]
 [ 0.  1.  2.  1.  0.  1.  1.  1.  0.  2.  1.  0.  1.  1.  2.  1.  1.  2.
   1.  2.  2.  1.  1.  1.  0.  0.  1.  2.  2.  1.  0.  1.  2.  1.  1.  1.
   2.  1.  1.  1.  0.  1.  0.]
 [ 1.  1.  1.  2.  0.  2.  2.  1.  2.  1.  1.  0.  2.  0.  2.  2.  2.  0.
   1.  0.  0.  0.  1.  1.  0.  2.  0.  2.  0.  2.  0.  1.  1.  1.  1.  1.
   1.  1.  0.  1.  1.  2.  2.]
 [ 1.  1.  1.  1.  2.  1.  0.  1.  0.  2.  1.  2.  1.  1.  0.  0.  0.  2.
   1.  0.  0.  1.  2.  1.  2.  0.  1.  0.  2.  1.  1.  1.  0.  1.  1.  1.
   0.  1.  0.  1.  1.  0.  1.]
 [ 1.  2.  0.  2.  2.  1.  2.  1.  2.  2.  1.  2.  0.  1.  1.  0.  0.  2.
   1.  0.  0.  0.  2.  1.  0.  1.  1.  2.  0.  1.  2.  1.  0.  1.  1.  1.
   2.  1.  2.  1.  1.  2.  0.]
 [ 1.  1.  2.  0.  2.  1.  2.  1.  2.  2.  0.  2.  1.  1.  1.  2.  0.  2.
   2.  0.  2.  0.  1.  1.  1.  2.  0.  0.  0.  2.  1.  1.  2.  1.  1.  1.
   2.  0.  1.  1.  1.  0.  1.]
 [ 2.  1.  1.  0.  0.  0.  2.  1.  2.  0.  2.  0.  1.  2.  1.  1.  0.  2.
   1.  0.  0.  2.  2.  1.  1.  2.  1.  0.  2.  1.  0.  1.  2.  2.  1.  1.
   2.  0.  2.  1.  1.  1.  2.]
 [ 0.  0.  2.  0.  2.  2.  1.  1.  2.  1.  1.  2.  2.  1.  0.  1.  1.  0.
   2.  0.  2.  2.  0.  1.  2.  2.  0.  0.  0.  2.  0.  1.  2.  2.  1.  2.
   0.  1.  2.  1.  2.  0.  2.]
 [ 2.  2.  0.  2.  0.  1.  0.  1.  2.  1.  1.  0.  0.  1.  1.  1.  2.  2.
   0.  2.  2.  0.  1.  2.  2.  2.  1.  2.  1.  2.  2.  1.  0.  0.  1.  1.
   2.  1.  0.  1.  1.  0.  1.]
 [ 1.  2.  2.  2.  2.  2.  0.  1.  0.  1.  1.  2.  0.  1.  2.  1.  0.  2.
   2.  0.  2.  2.  0.  1.  2.  0.  0.  2.  0.  1.  0.  1.  0.  0.  0.  1.
   2.  1.  0.  1.  1.  2.  1.]
 [ 2.  1.  2.  0.  1.  2.  0.  1.  0.  1.  1.  1.  2.  1.  2.  0.  0.  2.
   0.  1.  2.  0.  0.  1.  2.  0.  2.  2.  2.  2.  0.  1.  1.  2.  2.  1.
   0.  1.  2.  2.  1.  0.  2.]
 [ 2.  1.  1.  2.  0.  0.  0.  1.  0.  2.  1.  0.  1.  1.  1.  1.  0.  2.
   2.  1.  0.  1.  0.  1.  2.  0.  1.  0.  0.  2.  0.  1.  1.  1.  1.  1.
   1.  1.  0.  1.  2.  0.  2.]
 [ 2.  0.  0.  0.  2.  2.  2.  1.  2.  1.  1.  2.  1.  1.  2.  2.  0.  2.
   2.  0.  1.  1.  2.  1.  2.  2.  2.  2.  2.  2.  0.  1.  2.  0.  1.  1.
   2.  1.  0.  0.  0.  0.  0.]
 [ 0.  2.  1.  2.  2.  1.  0.  1.  0.  0.  2.  2.  2.  1.  1.  0.  2.  2.
   1.  1.  1.  1.  2.  1.  1.  0.  1.  0.  2.  1.  1.  1.  0.  2.  1.  1.
   2.  1.  0.  1.  0.  2.  1.]
 [ 0.  0.  0.  0.  0.  0.  0.  1.  2.  0.  1.  0.  2.  1.  2.  2.  1.  0.
   0.  0.  2.  0.  2.  1.  0.  1.  2.  0.  1.  1.  0.  1.  1.  1.  0.  1.
   0.  1.  0.  1.  1.  1.  2.]
 [ 1.  1.  0.  2.  1.  2.  0.  1.  0.  2.  1.  1.  2.  1.  1.  0.  1.  0.
   1.  1.  0.  2.  0.  1.  0.  1.  2.  2.  2.  1.  1.  1.  0.  2.  1.  1.
   1.  1.  1.  2.  2.  2.  1.]
 [ 1.  0.  1.  0.  2.  0.  2.  1.  0.  2.  2.  2.  2.  0.  1.  2.  2.  1.
   0.  0.  2.  0.  0.  1.  1.  2.  0.  0.  2.  0.  0.  1.  2.  0.  1.  1.
   2.  2.  2.  0.  0.  0.  0.]
 [ 0.  1.  2.  0.  2.  2.  0.  1.  2.  2.  1.  2.  2.  2.  2.  2.  0.  1.
   1.  1.  1.  2.  2.  1.  2.  1.  1.  0.  0.  1.  2.  1.  0.  0.  2.  1.
   2.  1.  2.  1.  1.  1.  0.]
 [ 2.  0.  0.  2.  0.  1.  0.  1.  2.  2.  1.  0.  1.  1.  2.  2.  1.  1.
   2.  1.  2.  1.  2.  1.  2.  1.  2.  0.  0.  0.  1.  1.  0.  1.  0.  0.
   2.  1.  2.  1.  1.  2.  1.]
 [ 2.  1.  0.  1.  2.  1.  0.  1.  0.  1.  1.  2.  1.  1.  2.  2.  2.  2.
   2.  2.  0.  2.  0.  1.  0.  1.  2.  0.  0.  1.  0.  1.  2.  1.  0.  0.
   0.  1.  2.  1.  0.  2.  2.]
 [ 1.  2.  2.  2.  2.  1.  1.  1.  0.  2.  1.  2.  0.  0.  0.  2.  0.  0.
   1.  0.  2.  1.  2.  1.  2.  1.  0.  2.  2.  0.  1.  1.  2.  1.  1.  2.
   2.  1.  0.  1.  0.  0.  1.]
 [ 1.  1.  1.  1.  0.  0.  2.  1.  2.  2.  1.  0.  2.  1.  0.  2.  2.  0.
   2.  0.  1.  0.  2.  1.  0.  0.  2.  0.  1.  0.  1.  1.  1.  1.  2.  0.
   0.  1.  2.  0.  1.  2.  0.]
 [ 0.  0.  2.  2.  1.  2.  1.  1.  2.  0.  1.  1.  2.  2.  2.  0.  0.  0.
   2.  2.  1.  2.  2.  1.  0.  1.  2.  0.  0.  2.  2.  1.  1.  1.  1.  1.
   2.  1.  0.  2.  1.  1.  1.]
 [ 1.  1.  2.  1.  0.  2.  1.  1.  2.  1.  1.  0.  0.  1.  1.  2.  1.  2.
   0.  2.  0.  2.  2.  1.  1.  2.  1.  2.  2.  2.  1.  1.  1.  1.  1.  2.
   2.  1.  1.  1.  2.  1.  1.]
 [ 0.  2.  0.  0.  0.  0.  1.  2.  2.  1.  1.  0.  0.  1.  2.  1.  2.  2.
   0.  2.  1.  0.  0.  1.  2.  1.  2.  2.  1.  2.  1.  0.  0.  2.  1.  1.
   0.  1.  2.  0.  1.  0.  2.]
 [ 0.  0.  2.  2.  0.  2.  0.  1.  2.  1.  1.  0.  2.  1.  1.  1.  0.  0.
   2.  1.  2.  0.  0.  1.  0.  1.  0.  1.  2.  0.  2.  1.  2.  2.  0.  0.
   0.  1.  1.  2.  1.  2.  0.]
 [ 2.  2.  0.  1.  2.  2.  2.  1.  0.  1.  1.  2.  0.  1.  1.  2.  2.  1.
   1.  1.  0.  0.  2.  1.  1.  1.  0.  0.  2.  2.  0.  1.  1.  1.  2.  2.
   2.  1.  2.  0.  1.  0.  0.]
 [ 1.  1.  2.  2.  2.  1.  2.  1.  0.  1.  1.  2.  0.  1.  1.  0.  1.  0.
   0.  1.  2.  2.  0.  1.  0.  2.  1.  2.  0.  1.  1.  1.  2.  1.  1.  2.
   0.  1.  1.  2.  1.  2.  0.]
 [ 0.  1.  2.  2.  0.  2.  2.  1.  2.  1.  1.  0.  1.  1.  2.  1.  2.  1.
   0.  1.  1.  0.  0.  1.  0.  1.  1.  0.  0.  1.  1.  1.  0.  1.  1.  1.
   0.  1.  0.  1.  1.  0.  0.]
 [ 0.  1.  2.  1.  2.  2.  2.  1.  2.  0.  2.  2.  2.  1.  1.  1.  2.  1.
   0.  2.  2.  1.  2.  1.  2.  0.  1.  2.  2.  0.  2.  1.  0.  1.  0.  1.
   2.  1.  2.  1.  1.  2.  0.]
 [ 1.  0.  0.  0.  2.  1.  0.  1.  2.  0.  1.  2.  0.  1.  2.  1.  2.  1.
   2.  1.  0.  0.  2.  1.  0.  2.  2.  2.  1.  1.  2.  0.  1.  2.  2.  1.
   1.  1.  0.  0.  1.  0.  1.]
 [ 0.  2.  0.  2.  2.  2.  2.  1.  2.  1.  2.  2.  2.  1.  0.  1.  0.  2.
   0.  1.  1.  2.  2.  1.  2.  0.  1.  0.  2.  0.  1.  1.  1.  1.  1.  1.
   0.  1.  0.  1.  1.  2.  2.]
 [ 1.  2.  2.  0.  0.  2.  0.  1.  2.  2.  0.  0.  0.  1.  0.  1.  2.  0.
   1.  0.  2.  0.  2.  1.  0.  0.  1.  2.  1.  0.  1.  1.  2.  0.  1.  1.
   2.  1.  0.  2.  0.  0.  1.]
 [ 0.  2.  0.  1.  1.  0.  0.  1.  2.  1.  1.  1.  0.  0.  1.  1.  2.  0.
   2.  2.  2.  0.  0.  1.  1.  1.  0.  2.  1.  2.  1.  1.  1.  1.  1.  1.
   2.  1.  0.  0.  1.  2.  2.]
 [ 2.  2.  0.  1.  2.  2.  2.  1.  0.  1.  2.  2.  0.  1.  1.  1.  0.  2.
   1.  1.  2.  2.  0.  1.  0.  1.  1.  0.  2.  2.  1.  1.  1.  1.  1.  1.
   0.  1.  2.  2.  0.  1.  1.]
 [ 1.  0.  0.  2.  2.  0.  0.  1.  2.  1.  1.  2.  1.  2.  0.  1.  2.  1.
   2.  0.  0.  2.  0.  1.  2.  1.  1.  1.  0.  1.  0.  1.  1.  1.  2.  1.
   2.  1.  2.  1.  0.  2.  0.]
 [ 1.  0.  2.  1.  2.  2.  0.  1.  2.  0.  2.  2.  2.  0.  1.  1.  0.  0.
   2.  0.  0.  0.  2.  1.  2.  1.  0.  2.  2.  1.  0.  1.  1.  0.  1.  1.
   0.  1.  0.  1.  2.  2.  1.]
 [ 2.  0.  2.  1.  2.  1.  2.  1.  0.  0.  1.  2.  0.  2.  1.  1.  2.  0.
   2.  0.  1.  2.  2.  1.  0.  1.  1.  2.  0.  2.  2.  1.  1.  1.  1.  2.
   2.  1.  1.  0.  1.  2.  0.]
 [ 2.  2.  0.  2.  2.  1.  0.  1.  2.  1.  0.  2.  2.  0.  1.  1.  2.  2.
   2.  2.  2.  1.  0.  1.  2.  2.  1.  2.  0.  2.  1.  2.  1.  1.  1.  1.
   0.  1.  0.  2.  0.  2.  2.]
 [ 0.  0.  2.  2.  0.  0.  1.  1.  2.  1.  1.  0.  1.  1.  0.  1.  2.  0.
   2.  1.  0.  1.  2.  1.  0.  1.  1.  0.  2.  0.  1.  1.  1.  1.  0.  0.
   0.  1.  2.  1.  2.  0.  0.]
 [ 2.  2.  2.  1.  1.  1.  1.  1.  1.  1.  1.  1.  1.  2.  1.  0.  2.  2.
   0.  0.  2.  2.  2.  1.  0.  1.  1.  0.  2.  0.  1.  0.  2.  1.  1.  2.
   0.  1.  0.  1.  2.  0.  2.]
 [ 0.  1.  0.  0.  0.  1.  1.  1.  0.  1.  2.  0.  0.  0.  1.  2.  1.  1.
   1.  1.  0.  1.  1.  1.  2.  1.  1.  2.  0.  2.  1.  1.  2.  1.  0.  0.
   0.  1.  1.  1.  1.  1.  2.]
 [ 2.  0.  0.  0.  2.  2.  2.  1.  0.  1.  1.  2.  0.  2.  2.  1.  2.  0.
   2.  1.  0.  2.  0.  1.  2.  0.  1.  2.  2.  2.  1.  1.  2.  1.  1.  1.
   1.  1.  2.  1.  0.  2.  0.]
 [ 2.  2.  0.  2.  2.  0.  1.  1.  0.  0.  1.  2.  1.  0.  0.  1.  0.  0.
   0.  2.  2.  1.  0.  1.  2.  0.  1.  0.  2.  1.  0.  1.  0.  1.  1.  0.
   0.  1.  1.  1.  0.  0.  1.]
 [ 1.  2.  0.  1.  2.  2.  1.  1.  1.  2.  0.  2.  2.  1.  1.  2.  0.  2.
   1.  1.  1.  2.  2.  1.  2.  2.  1.  0.  2.  1.  1.  0.  0.  1.  2.  1.
   2.  1.  1.  1.  2.  2.  1.]
 [ 0.  0.  2.  2.  2.  0.  2.  1.  2.  1.  2.  2.  0.  1.  2.  0.  0.  0.
   0.  0.  1.  2.  0.  2.  2.  2.  2.  2.  0.  2.  0.  1.  1.  0.  1.  2.
   2.  0.  0.  1.  0.  2.  1.]
 [ 0.  0.  1.  1.  0.  2.  2.  2.  0.  1.  2.  0.  0.  0.  0.  2.  2.  0.
   2.  2.  2.  1.  2.  1.  1.  0.  1.  0.  1.  2.  1.  1.  0.  2.  0.  0.
   1.  1.  0.  1.  1.  2.  0.]
 [ 1.  0.  2.  2.  1.  0.  2.  0.  2.  1.  0.  1.  2.  1.  0.  1.  0.  2.
   0.  2.  0.  1.  0.  1.  0.  1.  1.  2.  1.  0.  1.  1.  2.  1.  1.  1.
   0.  1.  2.  1.  2.  0.  0.]
 [ 0.  2.  0.  1.  2.  1.  2.  1.  2.  1.  0.  2.  2.  1.  1.  2.  0.  1.
   2.  0.  0.  0.  2.  1.  1.  1.  1.  2.  1.  2.  1.  0.  1.  2.  1.  1.
   1.  1.  0.  1.  0.  2.  1.]
 [ 2.  1.  2.  0.  0.  0.  0.  2.  2.  1.  2.  0.  0.  1.  0.  1.  0.  2.
   0.  0.  0.  1.  1.  1.  0.  0.  1.  2.  1.  1.  1.  1.  1.  1.  1.  1.
   0.  1.  2.  1.  2.  0.  1.]
 [ 0.  1.  2.  2.  2.  2.  2.  1.  2.  0.  2.  2.  2.  1.  1.  1.  0.  2.
   1.  2.  0.  2.  0.  2.  2.  1.  1.  2.  1.  1.  1.  0.  0.  1.  2.  1.
   2.  1.  2.  1.  1.  0.  2.]
 [ 2.  1.  0.  2.  2.  1.  1.  2.  2.  0.  1.  2.  2.  2.  2.  1.  2.  0.
   0.  0.  0.  2.  0.  1.  2.  1.  1.  0.  1.  1.  1.  1.  1.  0.  1.  1.
   0.  1.  2.  1.  1.  2.  1.]
 [ 2.  0.  0.  1.  0.  1.  1.  1.  2.  0.  1.  0.  0.  1.  0.  1.  0.  1.
   0.  1.  1.  0.  2.  1.  0.  1.  1.  0.  1.  2.  1.  1.  0.  2.  1.  1.
   2.  1.  0.  1.  1.  2.  1.]
 [ 1.  2.  0.  0.  2.  2.  1.  2.  0.  0.  2.  2.  1.  1.  0.  1.  2.  0.
   0.  2.  2.  0.  2.  0.  0.  1.  1.  2.  1.  2.  0.  0.  1.  2.  2.  1.
   2.  1.  0.  1.  2.  2.  1.]
 [ 2.  2.  1.  1.  2.  1.  1.  1.  0.  2.  1.  2.  1.  1.  1.  1.  2.  2.
   1.  2.  0.  1.  1.  2.  1.  2.  1.  0.  1.  2.  1.  1.  1.  0.  0.  1.
   2.  1.  1.  1.  2.  2.  1.]
 [ 1.  0.  0.  1.  2.  2.  0.  1.  0.  2.  0.  2.  1.  1.  2.  1.  0.  2.
   1.  1.  0.  1.  0.  0.  0.  2.  1.  2.  0.  0.  2.  1.  2.  1.  2.  2.
   2.  1.  2.  1.  1.  0.  2.]
 [ 0.  2.  1.  1.  0.  1.  1.  2.  2.  2.  2.  0.  2.  0.  1.  1.  1.  2.
   2.  2.  1.  0.  2.  1.  2.  0.  1.  0.  1.  1.  0.  1.  1.  1.  1.  1.
   0.  1.  0.  1.  1.  1.  0.]
 [ 2.  0.  2.  2.  0.  1.  2.  1.  0.  0.  1.  0.  0.  2.  2.  0.  2.  0.
   2.  1.  2.  0.  0.  2.  1.  0.  1.  0.  0.  1.  1.  1.  0.  0.  0.  1.
   2.  1.  2.  1.  1.  2.  0.]
 [ 2.  1.  2.  0.  2.  1.  0.  0.  0.  1.  1.  2.  2.  0.  0.  2.  0.  2.
   1.  0.  2.  1.  0.  1.  1.  2.  0.  2.  1.  1.  1.  1.  2.  2.  1.  1.
   0.  1.  1.  1.  1.  2.  1.]
 [ 2.  1.  0.  1.  0.  2.  0.  1.  0.  2.  1.  0.  2.  1.  1.  1.  2.  2.
   2.  1.  0.  2.  2.  1.  2.  2.  1.  2.  1.  1.  2.  1.  1.  1.  2.  1.
   2.  1.  0.  1.  0.  0.  0.]
 [ 1.  1.  2.  0.  2.  1.  0.  1.  2.  0.  2.  2.  0.  1.  0.  1.  2.  0.
   2.  0.  0.  0.  2.  2.  2.  0.  1.  0.  1.  1.  0.  1.  1.  0.  0.  1.
   2.  2.  1.  1.  1.  2.  2.]
 [ 1.  2.  2.  0.  2.  2.  2.  1.  2.  1.  1.  2.  2.  1.  1.  1.  2.  0.
   1.  0.  2.  0.  1.  1.  1.  2.  1.  0.  2.  1.  1.  1.  1.  1.  2.  1.
   2.  1.  0.  1.  1.  1.  0.]
 [ 1.  2.  2.  1.  0.  1.  2.  1.  0.  1.  1.  0.  0.  1.  1.  1.  0.  2.
   1.  0.  2.  0.  1.  1.  2.  0.  1.  2.  1.  2.  0.  1.  0.  1.  0.  1.
   0.  1.  1.  1.  2.  0.  2.]
 [ 0.  0.  0.  2.  0.  1.  1.  1.  0.  0.  1.  0.  1.  1.  0.  2.  0.  1.
   2.  1.  1.  0.  1.  0.  2.  1.  1.  2.  0.  1.  0.  1.  0.  1.  0.  1.
   0.  1.  1.  1.  0.  2.  2.]
 [ 2.  2.  1.  1.  1.  2.  2.  1.  2.  1.  0.  1.  1.  1.  1.  1.  2.  0.
   2.  1.  2.  0.  1.  0.  2.  1.  1.  0.  1.  1.  2.  1.  2.  2.  2.  1.
   1.  0.  2.  1.  2.  1.  1.]
 [ 1.  1.  0.  0.  2.  0.  1.  1.  2.  2.  1.  2.  1.  1.  1.  1.  2.  1.
   0.  2.  0.  1.  1.  1.  2.  1.  1.  0.  1.  2.  1.  1.  0.  2.  1.  1.
   2.  1.  0.  1.  0.  1.  2.]
 [ 2.  2.  2.  0.  1.  2.  1.  0.  2.  2.  1.  1.  1.  2.  1.  1.  0.  1.
   0.  1.  0.  1.  1.  1.  0.  1.  1.  1.  0.  2.  1.  1.  2.  2.  1.  1.
   0.  1.  0.  2.  2.  1.  1.]
 [ 0.  0.  0.  0.  2.  0.  1.  1.  2.  2.  1.  2.  1.  0.  0.  0.  2.  0.
   2.  1.  2.  1.  1.  1.  2.  1.  1.  0.  1.  0.  2.  1.  2.  0.  1.  1.
   0.  1.  0.  0.  0.  1.  0.]
 [ 2.  0.  0.  2.  0.  0.  0.  2.  0.  0.  1.  0.  0.  2.  2.  1.  2.  2.
   0.  1.  2.  2.  1.  1.  0.  0.  1.  2.  2.  2.  1.  1.  2.  2.  0.  1.
   0.  1.  0.  1.  2.  1.  0.]
 [ 1.  0.  1.  0.  2.  1.  1.  2.  0.  2.  1.  2.  0.  0.  1.  1.  2.  0.
   2.  1.  2.  2.  1.  1.  2.  2.  1.  2.  1.  1.  1.  1.  0.  2.  1.  1.
   0.  1.  2.  1.  0.  2.  1.]
 [ 0.  2.  2.  1.  1.  0.  0.  1.  2.  1.  1.  1.  1.  1.  2.  2.  0.  1.
   1.  0.  0.  0.  1.  1.  2.  0.  1.  2.  0.  0.  2.  1.  1.  1.  1.  2.
   2.  1.  2.  2.  2.  0.  1.]
 [ 1.  0.  0.  1.  0.  0.  1.  0.  0.  0.  1.  0.  2.  2.  0.  1.  2.  0.
   2.  2.  2.  1.  1.  1.  1.  0.  1.  2.  0.  2.  1.  1.  0.  1.  0.  1.
   2.  1.  0.  0.  2.  0.  2.]
 [ 2.  0.  2.  1.  2.  2.  2.  0.  0.  1.  1.  2.  2.  1.  1.  1.  2.  0.
   2.  0.  0.  1.  1.  1.  0.  1.  1.  2.  0.  1.  1.  1.  1.  1.  2.  1.
   0.  1.  0.  2.  2.  1.  2.]
 [ 1.  2.  0.  1.  0.  1.  1.  1.  0.  0.  1.  0.  2.  1.  2.  2.  0.  2.
   1.  0.  2.  2.  1.  1.  2.  2.  1.  2.  0.  1.  0.  1.  2.  1.  1.  1.
   1.  1.  0.  1.  0.  2.  2.]
 [ 1.  2.  2.  1.  0.  1.  1.  2.  2.  1.  1.  0.  0.  2.  2.  1.  0.  2.
   0.  2.  2.  2.  1.  1.  0.  0.  1.  2.  2.  0.  2.  2.  0.  1.  1.  1.
   0.  1.  0.  1.  1.  1.  2.]
 [ 1.  1.  2.  2.  0.  0.  2.  1.  2.  1.  1.  0.  0.  0.  1.  2.  1.  0.
   0.  1.  0.  0.  1.  1.  0.  1.  1.  0.  2.  1.  1.  1.  2.  0.  1.  1.
   0.  1.  2.  0.  0.  2.  2.]
 [ 0.  1.  2.  1.  2.  0.  0.  0.  0.  1.  0.  2.  1.  1.  2.  1.  0.  2.
   0.  0.  2.  1.  1.  1.  2.  1.  1.  1.  0.  1.  1.  1.  0.  1.  2.  1.
   2.  1.  0.  1.  0.  2.  1.]
 [ 2.  0.  2.  2.  0.  2.  1.  1.  2.  1.  2.  0.  0.  1.  2.  1.  2.  2.
   0.  2.  0.  1.  1.  1.  2.  1.  1.  0.  1.  1.  0.  1.  2.  1.  1.  1.
   0.  2.  2.  1.  0.  0.  1.]
 [ 1.  2.  2.  0.  2.  2.  2.  1.  0.  1.  1.  2.  0.  1.  0.  1.  0.  1.
   1.  0.  2.  2.  1.  1.  2.  2.  1.  2.  1.  1.  2.  1.  1.  1.  0.  1.
   0.  1.  2.  2.  0.  0.  1.]
 [ 2.  2.  0.  2.  2.  1.  2.  1.  0.  1.  1.  2.  2.  1.  0.  1.  0.  0.
   1.  0.  2.  2.  1.  0.  0.  0.  1.  1.  0.  1.  0.  1.  2.  2.  2.  1.
   2.  1.  0.  1.  2.  2.  1.]
 [ 1.  2.  2.  0.  2.  1.  1.  2.  0.  1.  0.  2.  1.  1.  1.  1.  0.  0.
   0.  0.  0.  2.  1.  2.  0.  0.  1.  1.  0.  2.  0.  1.  0.  1.  1.  0.
   0.  1.  0.  1.  2.  2.  1.]
 [ 1.  1.  0.  1.  2.  1.  1.  1.  0.  2.  1.  2.  2.  1.  1.  1.  0.  2.
   2.  1.  0.  1.  1.  1.  0.  2.  1.  1.  2.  1.  0.  1.  1.  1.  1.  1.
   0.  1.  2.  0.  0.  0.  0.]
 [ 1.  2.  1.  2.  2.  2.  0.  1.  2.  1.  1.  2.  2.  2.  1.  1.  0.  0.
   0.  2.  2.  2.  1.  1.  0.  1.  2.  2.  0.  1.  1.  1.  1.  1.  1.  1.
   0.  1.  1.  2.  0.  0.  0.]
 [ 0.  0.  2.  1.  2.  0.  1.  1.  2.  1.  1.  2.  2.  1.  0.  1.  2.  2.
   0.  0.  0.  1.  1.  0.  2.  1.  2.  1.  0.  1.  2.  1.  2.  2.  1.  1.
   0.  0.  2.  1.  2.  0.  2.]
 [ 1.  1.  0.  0.  2.  2.  2.  2.  2.  1.  1.  2.  0.  2.  0.  1.  2.  0.
   2.  2.  2.  1.  1.  1.  2.  0.  1.  1.  2.  1.  1.  1.  0.  1.  0.  1.
   1.  0.  2.  0.  1.  2.  1.]
 [ 1.  1.  1.  1.  0.  0.  2.  1.  2.  1.  1.  0.  1.  0.  1.  1.  2.  2.
   0.  1.  2.  0.  1.  1.  0.  0.  1.  1.  0.  1.  2.  1.  2.  0.  2.  1.
   0.  1.  1.  1.  0.  1.  1.]
 [ 1.  0.  2.  1.  0.  1.  1.  0.  0.  1.  2.  0.  1.  0.  1.  1.  2.  1.
   1.  2.  2.  1.  1.  1.  2.  2.  1.  1.  1.  1.  0.  1.  0.  1.  0.  1.
   2.  1.  0.  1.  1.  2.  1.]
 [ 1.  2.  0.  0.  2.  2.  0.  1.  0.  1.  2.  2.  1.  1.  0.  1.  2.  0.
   1.  0.  2.  2.  1.  2.  1.  1.  2.  1.  2.  1.  0.  1.  1.  1.  1.  1.
   0.  1.  0.  2.  0.  0.  1.]
 [ 0.  0.  1.  2.  2.  0.  2.  1.  2.  1.  0.  2.  2.  1.  1.  1.  0.  1.
   1.  0.  0.  1.  1.  1.  0.  1.  1.  1.  1.  1.  0.  1.  0.  1.  2.  1.
   0.  1.  2.  1.  0.  0.  0.]
 [ 1.  1.  2.  0.  0.  0.  0.  2.  2.  0.  2.  0.  1.  2.  1.  2.  0.  2.
   1.  0.  0.  2.  1.  1.  2.  2.  1.  1.  1.  0.  1.  1.  0.  1.  1.  2.
   0.  1.  1.  1.  0.  2.  2.]
 [ 1.  2.  2.  0.  2.  1.  1.  1.  0.  1.  0.  2.  1.  1.  0.  2.  0.  0.
   2.  0.  0.  0.  1.  2.  2.  1.  1.  1.  0.  2.  0.  1.  1.  1.  1.  1.
   2.  1.  0.  1.  1.  1.  0.]
 [ 1.  0.  2.  2.  2.  2.  2.  1.  0.  2.  2.  2.  0.  1.  2.  1.  1.  1.
   0.  2.  2.  2.  0.  1.  1.  0.  1.  1.  0.  1.  1.  1.  2.  1.  0.  1.
   2.  1.  2.  1.  1.  0.  1.]
 [ 1.  0.  0.  2.  2.  0.  1.  1.  0.  1.  2.  2.  2.  1.  1.  0.  1.  1.
   2.  2.  2.  1.  0.  0.  0.  0.  1.  2.  1.  1.  2.  1.  0.  1.  1.  1.
   2.  1.  2.  1.  2.  0.  0.]
 [ 2.  2.  2.  1.  2.  1.  0.  1.  2.  1.  0.  2.  0.  0.  2.  1.  0.  0.
   0.  0.  0.  0.  0.  2.  2.  1.  1.  1.  1.  0.  0.  1.  0.  1.  1.  1.
   1.  0.  1.  1.  2.  1.  2.]
 [ 0.  2.  0.  0.  0.  0.  0.  1.  0.  1.  1.  0.  2.  1.  0.  2.  2.  2.
   2.  0.  2.  1.  1.  2.  1.  0.  1.  1.  1.  1.  0.  0.  1.  1.  1.  1.
   0.  0.  2.  1.  0.  0.  2.]
 [ 1.  0.  0.  2.  0.  2.  1.  1.  2.  1.  1.  0.  1.  1.  2.  1.  2.  0.
   0.  1.  0.  0.  1.  1.  2.  2.  1.  1.  1.  1.  2.  1.  1.  1.  2.  0.
   1.  1.  1.  1.  2.  2.  2.]
 [ 0.  1.  1.  0.  2.  1.  2.  1.  0.  1.  1.  2.  2.  1.  1.  1.  1.  0.
   0.  2.  2.  2.  1.  1.  1.  1.  1.  2.  1.  1.  2.  2.  2.  1.  0.  1.
   2.  1.  1.  1.  0.  0.  1.]
 [ 0.  0.  1.  1.  0.  1.  0.  1.  0.  1.  1.  0.  2.  1.  0.  1.  2.  1.
   1.  1.  1.  2.  1.  2.  0.  1.  1.  1.  1.  0.  1.  2.  0.  1.  2.  0.
   2.  0.  0.  1.  2.  0.  1.]
 [ 1.  2.  1.  2.  2.  0.  2.  1.  2.  1.  0.  2.  2.  1.  2.  1.  0.  0.
   1.  2.  0.  0.  1.  0.  1.  1.  1.  1.  1.  0.  2.  0.  2.  1.  1.  2.
   2.  0.  0.  1.  0.  0.  2.]
 [ 0.  0.  2.  1.  1.  0.  0.  2.  0.  1.  1.  1.  1.  1.  1.  1.  0.  0.
   0.  2.  0.  2.  2.  2.  0.  1.  1.  1.  1.  1.  1.  1.  1.  1.  0.  0.
   1.  1.  1.  2.  0.  2.  2.]
 [ 2.  2.  1.  0.  0.  2.  1.  0.  2.  1.  2.  0.  2.  1.  0.  1.  0.  1.
   0.  0.  1.  2.  0.  2.  0.  2.  1.  1.  1.  1.  0.  0.  2.  1.  2.  2.
   2.  2.  2.  2.  0.  0.  2.]
 [ 1.  0.  1.  2.  0.  2.  2.  1.  0.  0.  1.  0.  1.  2.  0.  1.  0.  2.
   2.  0.  1.  1.  1.  2.  2.  0.  1.  1.  1.  2.  2.  2.  1.  2.  1.  1.
   1.  1.  2.  0.  2.  2.  0.]
 [ 0.  2.  1.  2.  2.  1.  2.  1.  2.  1.  1.  2.  0.  1.  2.  1.  0.  2.
   0.  2.  0.  0.  1.  2.  1.  2.  1.  1.  1.  1.  1.  0.  1.  1.  0.  1.
   0.  2.  2.  2.  0.  1.  2.]
 [ 1.  2.  0.  2.  2.  1.  1.  2.  0.  1.  2.  2.  2.  1.  1.  1.  0.  1.
   2.  2.  1.  1.  1.  1.  1.  1.  1.  1.  1.  1.  1.  2.  0.  1.  2.  0.
   2.  1.  2.  0.  0.  0.  0.]
 [ 1.  1.  0.  2.  0.  1.  1.  0.  0.  2.  0.  0.  0.  0.  2.  1.  2.  1.
   1.  1.  2.  1.  1.  2.  1.  1.  1.  1.  1.  1.  2.  1.  1.  1.  1.  1.
   2.  1.  0.  1.  2.  0.  2.]
 [ 1.  0.  1.  0.  2.  2.  0.  2.  0.  0.  1.  2.  1.  2.  2.  1.  0.  1.
   1.  0.  2.  1.  2.  1.  1.  1.  1.  1.  0.  1.  0.  1.  0.  2.  1.  0.
   1.  2.  1.  1.  2.  2.  2.]
 [ 2.  1.  0.  2.  1.  0.  0.  2.  0.  1.  2.  1.  0.  0.  1.  2.  0.  1.
   2.  0.  1.  1.  1.  2.  1.  1.  1.  1.  1.  1.  0.  1.  2.  2.  1.  2.
   2.  1.  0.  2.  2.  0.  1.]
 [ 1.  1.  2.  0.  0.  2.  0.  0.  0.  0.  2.  0.  2.  1.  1.  2.  2.  0.
   0.  2.  2.  2.  1.  2.  2.  0.  1.  1.  1.  1.  0.  1.  1.  0.  1.  2.
   0.  1.  0.  1.  2.  1.  0.]
 [ 1.  0.  1.  0.  1.  1.  2.  2.  2.  1.  0.  1.  1.  1.  1.  2.  0.  1.
   1.  0.  2.  1.  1.  2.  1.  1.  1.  1.  1.  0.  0.  1.  0.  0.  1.  1.
   0.  1.  2.  1.  0.  1.  0.]
 [ 2.  1.  1.  2.  0.  1.  2.  0.  2.  1.  1.  0.  0.  1.  1.  1.  2.  0.
   0.  2.  0.  1.  0.  2.  2.  2.  1.  1.  1.  2.  2.  1.  2.  0.  1.  1.
   0.  1.  1.  1.  0.  1.  2.]
 [ 1.  0.  0.  0.  1.  0.  2.  1.  2.  1.  1.  1.  0.  1.  1.  1.  2.  0.
   1.  0.  0.  1.  1.  2.  1.  1.  1.  1.  1.  1.  0.  1.  1.  2.  1.  2.
   2.  1.  0.  0.  0.  0.  2.]
 [ 1.  0.  2.  2.  2.  2.  2.  1.  2.  1.  0.  2.  2.  1.  1.  1.  1.  2.
   2.  2.  0.  2.  1.  1.  1.  1.  1.  1.  2.  2.  0.  1.  2.  2.  1.  2.
   1.  0.  1.  1.  1.  2.  2.]
 [ 2.  1.  2.  1.  1.  2.  0.  1.  0.  1.  0.  1.  0.  1.  1.  2.  1.  0.
   1.  0.  2.  1.  1.  2.  1.  0.  1.  1.  1.  2.  2.  1.  0.  2.  0.  1.
   2.  1.  0.  2.  0.  2.  2.]
 [ 2.  1.  1.  1.  2.  0.  2.  1.  2.  1.  2.  2.  2.  1.  1.  1.  2.  0.
   2.  2.  1.  1.  1.  2.  1.  0.  1.  1.  2.  1.  0.  2.  2.  0.  2.  1.
   2.  0.  0.  1.  2.  2.  0.]
 [ 1.  1.  0.  0.  0.  2.  2.  1.  0.  1.  1.  0.  1.  2.  1.  0.  1.  0.
   0.  2.  0.  1.  2.  2.  0.  1.  0.  1.  1.  1.  0.  2.  0.  0.  1.  1.
   0.  0.  0.  1.  0.  0.  2.]
 [ 0.  2.  2.  0.  1.  2.  1.  0.  2.  1.  0.  1.  1.  0.  1.  1.  2.  2.
   1.  0.  0.  1.  1.  0.  1.  2.  1.  1.  1.  0.  1.  0.  0.  1.  1.  2.
   2.  0.  2.  1.  2.  0.  2.]
 [ 1.  2.  0.  2.  1.  0.  0.  1.  0.  0.  2.  1.  1.  1.  0.  1.  0.  2.
   2.  0.  0.  1.  1.  0.  0.  1.  1.  1.  1.  1.  1.  1.  0.  1.  0.  0.
   2.  1.  0.  1.  2.  1.  0.]
 [ 0.  0.  2.  2.  1.  1.  2.  1.  2.  1.  0.  1.  2.  1.  1.  0.  2.  0.
   0.  0.  0.  2.  1.  1.  1.  2.  1.  1.  1.  0.  1.  0.  1.  1.  2.  1.
   1.  2.  0.  1.  0.  2.  0.]
 [ 0.  0.  0.  0.  0.  2.  1.  1.  2.  1.  1.  0.  0.  1.  1.  1.  0.  1.
   2.  0.  1.  2.  1.  1.  0.  1.  1.  1.  0.  2.  1.  1.  2.  1.  1.  2.
   0.  1.  0.  1.  0.  0.  1.]
 [ 2.  2.  1.  2.  1.  2.  0.  0.  2.  1.  2.  1.  0.  1.  1.  1.  1.  0.
   0.  2.  2.  1.  1.  1.  1.  1.  1.  1.  1.  2.  0.  1.  0.  1.  1.  1.
   1.  1.  0.  2.  2.  1.  0.]
 [ 0.  0.  1.  2.  1.  2.  2.  1.  0.  2.  1.  1.  2.  1.  1.  2.  1.  2.
   2.  1.  2.  1.  1.  1.  0.  0.  2.  0.  1.  2.  1.  1.  0.  0.  1.  2.
   0.  1.  2.  1.  0.  2.  0.]
 [ 0.  2.  1.  1.  1.  0.  2.  1.  2.  1.  0.  1.  2.  1.  1.  1.  1.  2.
   2.  0.  2.  0.  0.  1.  1.  1.  1.  1.  1.  0.  1.  1.  1.  1.  1.  1.
   1.  0.  2.  1.  2.  1.  0.]
 [ 1.  0.  2.  1.  2.  0.  0.  1.  2.  2.  0.  2.  1.  1.  0.  1.  2.  0.
   0.  2.  2.  2.  1.  1.  2.  0.  2.  1.  1.  0.  1.  1.  2.  2.  1.  0.
   2.  1.  0.  2.  0.  1.  2.]
 [ 2.  1.  0.  1.  1.  1.  0.  0.  2.  2.  2.  1.  0.  1.  1.  1.  1.  2.
   1.  2.  0.  2.  1.  1.  0.  1.  1.  2.  1.  0.  1.  1.  1.  0.  0.  1.
   0.  1.  0.  1.  2.  2.  0.]
 [ 1.  1.  0.  1.  1.  2.  1.  2.  0.  0.  0.  1.  2.  1.  1.  0.  1.  2.
   1.  2.  0.  2.  1.  0.  0.  1.  1.  1.  1.  1.  1.  1.  0.  0.  2.  1.
   0.  1.  2.  1.  0.  0.  2.]
 [ 1.  0.  2.  1.  1.  1.  2.  1.  2.  1.  0.  1.  0.  2.  1.  0.  0.  2.
   0.  2.  0.  1.  1.  0.  2.  1.  1.  1.  2.  1.  1.  2.  2.  2.  1.  0.
   2.  0.  2.  0.  2.  2.  0.]
 [ 0.  2.  0.  0.  1.  0.  2.  1.  2.  1.  1.  1.  0.  2.  1.  1.  2.  0.
   0.  1.  0.  0.  1.  2.  2.  1.  1.  1.  2.  2.  1.  1.  2.  1.  1.  1.
   0.  0.  0.  1.  0.  1.  1.]
 [ 0.  0.  0.  1.  1.  0.  0.  1.  2.  1.  2.  1.  1.  1.  1.  1.  2.  2.
   2.  2.  0.  2.  1.  0.  0.  0.  1.  1.  2.  1.  1.  1.  0.  2.  0.  1.
   0.  1.  2.  1.  2.  0.  0.]
 [ 2.  1.  0.  2.  1.  2.  0.  1.  2.  1.  2.  1.  1.  1.  2.  0.  2.  2.
   1.  0.  2.  2.  1.  2.  0.  0.  1.  1.  1.  1.  0.  1.  1.  0.  2.  2.
   1.  2.  2.  1.  2.  2.  2.]
 [ 0.  0.  2.  0.  1.  0.  2.  1.  2.  1.  2.  1.  0.  1.  0.  1.  1.  1.
   0.  0.  0.  2.  1.  1.  1.  2.  0.  1.  2.  1.  1.  1.  1.  2.  1.  1.
   0.  1.  2.  1.  1.  0.  1.]
 [ 2.  1.  2.  2.  1.  0.  2.  1.  0.  1.  0.  1.  1.  1.  1.  1.  0.  2.
   2.  2.  2.  2.  1.  2.  0.  0.  1.  1.  0.  1.  1.  1.  0.  0.  0.  0.
   0.  2.  0.  1.  2.  0.  1.]
 [ 2.  0.  2.  0.  1.  2.  2.  1.  0.  0.  2.  1.  1.  1.  1.  2.  1.  1.
   2.  0.  0.  0.  1.  0.  0.  2.  1.  1.  0.  0.  0.  1.  0.  2.  1.  2.
   2.  0.  0.  1.  0.  2.  2.]
 [ 0.  0.  2.  0.  1.  1.  0.  2.  0.  2.  2.  1.  0.  1.  0.  2.  1.  0.
   2.  1.  0.  2.  2.  0.  0.  1.  1.  1.  1.  1.  2.  0.  2.  0.  2.  2.
   2.  1.  1.  2.  2.  2.  2.]
 [ 1.  1.  0.  1.  0.  1.  2.  0.  2.  1.  0.  0.  1.  1.  1.  1.  2.  0.
   0.  1.  2.  0.  1.  0.  2.  1.  1.  1.  1.  1.  1.  1.  2.  1.  1.  0.
   2.  0.  0.  0.  2.  0.  0.]
 [ 1.  2.  2.  1.  1.  0.  0.  2.  0.  1.  2.  1.  2.  2.  1.  1.  1.  2.
   1.  1.  2.  1.  1.  0.  0.  1.  2.  1.  1.  0.  1.  0.  0.  1.  1.  2.
   2.  2.  0.  2.  0.  2.  0.]
 [ 1.  2.  0.  1.  1.  1.  1.  0.  2.  1.  0.  1.  2.  1.  1.  1.  2.  0.
   1.  1.  0.  2.  1.  2.  0.  0.  1.  1.  1.  0.  1.  1.  2.  2.  1.  1.
   0.  0.  0.  0.  0.  0.  2.]
 [ 1.  1.  1.  0.  1.  1.  0.  2.  2.  1.  0.  1.  1.  1.  1.  1.  2.  2.
   1.  1.  2.  0.  1.  2.  0.  2.  1.  1.  1.  1.  2.  1.  1.  1.  1.  0.
   0.  2.  2.  1.  0.  0.  2.]
 [ 0.  1.  0.  1.  1.  0.  0.  0.  2.  2.  2.  1.  0.  0.  1.  0.  2.  0.
   2.  1.  0.  0.  1.  1.  2.  2.  1.  1.  1.  0.  2.  1.  1.  2.  1.  1.
   2.  2.  2.  1.  2.  2.  2.]
 [ 2.  2.  2.  1.  1.  2.  2.  2.  0.  0.  0.  1.  0.  0.  1.  2.  2.  1.
   2.  1.  2.  1.  1.  2.  0.  1.  1.  1.  1.  2.  0.  1.  0.  0.  1.  1.
   2.  2.  0.  1.  2.  2.  0.]
 [ 1.  0.  1.  1.  2.  0.  1.  1.  2.  2.  0.  2.  2.  1.  1.  1.  0.  1.
   0.  1.  2.  1.  1.  0.  1.  2.  2.  1.  1.  1.  2.  2.  2.  0.  0.  1.
   2.  0.  0.  2.  0.  1.  0.]
 [ 1.  1.  2.  1.  1.  1.  0.  2.  0.  1.  0.  1.  0.  2.  1.  1.  2.  2.
   0.  1.  1.  1.  1.  0.  0.  1.  1.  1.  1.  0.  1.  1.  0.  2.  2.  1.
   1.  0.  2.  0.  2.  0.  0.]
 [ 0.  0.  0.  1.  1.  1.  2.  2.  2.  0.  0.  1.  2.  1.  1.  1.  1.  0.
   1.  1.  2.  1.  1.  2.  1.  2.  0.  1.  2.  0.  1.  1.  2.  2.  1.  2.
   0.  0.  2.  1.  2.  2.  2.]
 [ 2.  2.  1.  1.  0.  1.  0.  2.  2.  0.  0.  0.  2.  2.  1.  2.  0.  2.
   1.  1.  0.  2.  1.  2.  1.  2.  2.  1.  1.  2.  1.  1.  0.  1.  1.  1.
   1.  2.  0.  2.  1.  0.  0.]
 [ 1.  1.  1.  2.  1.  2.  2.  0.  2.  0.  0.  1.  1.  0.  1.  1.  0.  0.
   1.  1.  2.  2.  1.  2.  0.  0.  1.  1.  1.  0.  1.  1.  0.  0.  2.  0.
   1.  0.  0.  2.  0.  0.  2.]
 [ 1.  1.  1.  1.  1.  0.  0.  2.  2.  1.  2.  1.  0.  1.  1.  2.  2.  1.
   1.  1.  0.  1.  1.  0.  1.  1.  1.  1.  1.  1.  1.  1.  2.  1.  1.  2.
   0.  2.  0.  1.  0.  0.  0.]
 [ 0.  1.  2.  1.  1.  2.  2.  2.  2.  1.  0.  1.  2.  1.  1.  1.  1.  2.
   2.  1.  1.  2.  1.  0.  2.  1.  2.  1.  1.  1.  2.  1.  2.  0.  0.  1.
   2.  2.  2.  0.  0.  2.  0.]
 [ 2.  1.  0.  1.  1.  1.  2.  1.  2.  1.  2.  1.  1.  0.  1.  1.  0.  1.
   2.  1.  2.  0.  1.  2.  0.  1.  0.  1.  2.  1.  2.  1.  2.  1.  1.  1.
   2.  1.  0.  1.  0.  0.  2.]
 [ 1.  0.  0.  2.  1.  0.  0.  1.  0.  2.  0.  1.  1.  1.  2.  1.  1.  2.
   1.  1.  2.  2.  1.  0.  1.  2.  0.  1.  2.  2.  0.  1.  0.  1.  1.  1.
   0.  2.  0.  1.  2.  2.  0.]
 [ 1.  1.  0.  1.  1.  0.  0.  2.  0.  2.  2.  1.  2.  0.  0.  2.  0.  0.
   2.  1.  0.  0.  1.  0.  2.  0.  2.  0.  1.  2.  1.  1.  2.  2.  1.  1.
   2.  2.  0.  1.  2.  2.  1.]
 [ 1.  2.  0.  2.  1.  2.  0.  0.  2.  1.  0.  1.  1.  1.  2.  0.  1.  2.
   0.  1.  0.  1.  1.  2.  0.  1.  2.  1.  1.  0.  0.  1.  0.  0.  0.  1.
   2.  2.  2.  0.  0.  0.  1.]
 [ 1.  0.  2.  0.  1.  0.  1.  0.  0.  0.  2.  1.  2.  1.  1.  1.  0.  0.
   2.  1.  2.  1.  1.  1.  0.  1.  2.  1.  0.  1.  1.  1.  2.  1.  1.  1.
   1.  2.  2.  2.  2.  2.  0.]
 [ 0.  0.  2.  1.  1.  0.  1.  2.  2.  0.  0.  1.  1.  1.  2.  1.  2.  2.
   0.  1.  2.  2.  1.  2.  2.  0.  2.  1.  1.  1.  1.  1.  1.  1.  2.  1.
   2.  0.  0.  1.  0.  2.  1.]
 [ 0.  0.  1.  0.  1.  0.  1.  2.  2.  2.  2.  1.  2.  2.  2.  1.  2.  0.
   1.  1.  2.  1.  1.  0.  0.  1.  2.  1.  1.  1.  2.  1.  0.  2.  1.  0.
   2.  0.  2.  1.  2.  1.  2.]
 [ 1.  0.  2.  0.  1.  2.  0.  2.  0.  2.  2.  1.  1.  0.  1.  0.  2.  1.
   1.  0.  2.  0.  1.  2.  2.  1.  0.  1.  2.  1.  0.  1.  1.  1.  1.  1.
   0.  2.  2.  1.  0.  2.  0.]
 [ 1.  2.  2.  2.  0.  1.  0.  1.  2.  1.  2.  0.  1.  1.  1.  0.  0.  0.
   1.  0.  0.  2.  1.  0.  0.  1.  2.  1.  1.  1.  1.  1.  0.  1.  1.  1.
   0.  1.  2.  0.  2.  2.  1.]
 [ 1.  2.  1.  0.  0.  2.  0.  1.  1.  0.  2.  0.  1.  0.  2.  2.  0.  0.
   0.  1.  0.  2.  1.  1.  2.  2.  0.  1.  1.  1.  2.  1.  0.  1.  1.  1.
   0.  2.  1.  0.  0.  2.  0.]
 [ 1.  0.  2.  2.  2.  1.  2.  0.  2.  0.  0.  2.  1.  1.  1.  1.  2.  0.
   2.  2.  2.  0.  1.  2.  2.  0.  1.  1.  1.  1.  1.  1.  0.  0.  1.  2.
   2.  1.  2.  1.  2.  0.  0.]
 [ 0.  2.  1.  2.  2.  0.  1.  0.  2.  1.  1.  2.  1.  1.  1.  1.  2.  2.
   0.  2.  2.  0.  1.  0.  2.  2.  2.  1.  1.  1.  2.  1.  2.  2.  1.  1.
   2.  2.  2.  2.  0.  2.  2.]
 [ 1.  1.  2.  0.  0.  1.  0.  1.  2.  1.  0.  0.  0.  1.  1.  1.  0.  2.
   2.  0.  1.  2.  1.  2.  0.  1.  2.  1.  1.  1.  2.  0.  0.  1.  1.  2.
   0.  1.  0.  1.  2.  0.  0.]
 [ 0.  1.  1.  1.  0.  2.  0.  2.  2.  0.  1.  0.  1.  2.  1.  2.  2.  2.
   1.  2.  0.  2.  1.  2.  1.  0.  2.  1.  1.  1.  2.  2.  0.  0.  1.  0.
   1.  1.  0.  0.  2.  1.  2.]
 [ 2.  2.  0.  0.  2.  2.  1.  2.  2.  0.  2.  2.  1.  1.  0.  2.  2.  2.
   0.  1.  0.  0.  1.  2.  2.  0.  0.  1.  1.  1.  0.  1.  2.  2.  0.  2.
   1.  0.  0.  2.  0.  1.  1.]
 [ 1.  2.  0.  1.  2.  2.  2.  0.  0.  0.  0.  2.  0.  0.  0.  0.  0.  0.
   2.  2.  0.  0.  1.  2.  1.  2.  0.  1.  1.  1.  2.  1.  0.  1.  2.  0.
   0.  0.  0.  1.  2.  0.  2.]
 [ 1.  0.  0.  1.  2.  1.  1.  1.  2.  2.  0.  2.  2.  1.  0.  1.  2.  2.
   1.  1.  2.  1.  1.  0.  1.  2.  1.  1.  1.  1.  0.  1.  0.  2.  1.  1.
   2.  2.  2.  1.  0.  2.  0.]
 [ 1.  2.  2.  2.  0.  0.  0.  2.  0.  0.  0.  0.  1.  1.  0.  0.  2.  1.
   1.  1.  1.  2.  1.  0.  0.  2.  0.  1.  1.  1.  1.  0.  0.  1.  1.  1.
   0.  2.  2.  1.  0.  2.  2.]
 [ 2.  0.  2.  0.  0.  0.  2.  0.  0.  2.  1.  0.  0.  0.  1.  0.  2.  2.
   2.  1.  1.  0.  1.  2.  1.  1.  1.  1.  1.  0.  1.  1.  2.  2.  1.  1.
   0.  0.  0.  1.  0.  1.  0.]
 [ 1.  0.  0.  1.  0.  0.  2.  0.  0.  1.  0.  0.  0.  0.  0.  1.  0.  0.
   1.  2.  0.  0.  1.  0.  2.  1.  1.  1.  2.  1.  1.  1.  0.  2.  1.  1.
   1.  2.  1.  0.  1.  0.  2.]
 [ 1.  0.  1.  1.  2.  2.  0.  2.  0.  0.  0.  2.  1.  2.  0.  0.  1.  0.
   2.  2.  1.  0.  1.  2.  0.  1.  2.  1.  1.  1.  0.  1.  2.  1.  1.  1.
   0.  0.  0.  1.  2.  0.  2.]
 [ 1.  1.  2.  2.  2.  0.  2.  2.  2.  0.  1.  2.  0.  1.  1.  1.  2.  2.
   1.  1.  0.  0.  1.  0.  0.  0.  2.  1.  1.  0.  2.  1.  2.  0.  1.  0.
   0.  0.  2.  1.  0.  1.  1.]
 [ 1.  2.  1.  2.  0.  2.  0.  2.  1.  1.  2.  0.  1.  1.  2.  0.  2.  0.
   2.  1.  0.  1.  1.  0.  2.  0.  0.  1.  1.  2.  0.  1.  0.  1.  1.  1.
   2.  1.  2.  1.  2.  2.  2.]
 [ 1.  0.  2.  0.  2.  2.  0.  2.  1.  2.  2.  2.  1.  2.  0.  1.  1.  2.
   0.  1.  1.  0.  1.  0.  0.  1.  1.  1.  1.  0.  0.  1.  0.  2.  1.  2.
   2.  2.  2.  1.  0.  1.  2.]
 [ 1.  0.  0.  0.  2.  2.  2.  0.  0.  2.  2.  2.  1.  1.  1.  0.  1.  0.
   2.  0.  0.  2.  1.  2.  1.  2.  1.  1.  1.  1.  2.  1.  2.  2.  1.  0.
   0.  1.  0.  1.  2.  1.  1.]
 [ 2.  2.  0.  1.  0.  2.  1.  2.  1.  0.  2.  0.  0.  0.  1.  2.  0.  2.
   2.  1.  0.  0.  1.  2.  0.  1.  0.  1.  1.  0.  2.  1.  0.  0.  1.  2.
   0.  0.  2.  1.  2.  2.  2.]
 [ 0.  0.  2.  1.  2.  1.  2.  2.  1.  2.  0.  2.  0.  1.  2.  0.  0.  0.
   2.  1.  2.  2.  1.  0.  0.  2.  0.  1.  1.  1.  0.  1.  2.  2.  1.  2.
   1.  2.  2.  1.  2.  0.  1.]
 [ 2.  2.  2.  1.  2.  0.  2.  0.  1.  1.  0.  2.  0.  1.  1.  2.  0.  0.
   0.  2.  2.  0.  1.  0.  2.  0.  2.  1.  1.  1.  1.  1.  0.  0.  1.  0.
   0.  2.  2.  0.  0.  0.  0.]
 [ 0.  0.  2.  2.  2.  2.  0.  0.  2.  2.  0.  2.  2.  1.  1.  1.  2.  0.
   0.  1.  0.  0.  1.  1.  2.  1.  0.  2.  1.  2.  0.  1.  0.  2.  1.  0.
   0.  0.  0.  1.  2.  0.  1.]
 [ 0.  0.  0.  2.  2.  1.  0.  0.  1.  2.  0.  2.  2.  1.  0.  1.  0.  2.
   0.  1.  2.  1.  1.  0.  0.  1.  2.  1.  1.  1.  0.  1.  2.  0.  1.  1.
   1.  0.  0.  1.  2.  1.  2.]
 [ 2.  2.  2.  2.  2.  0.  2.  2.  1.  2.  2.  2.  2.  1.  0.  1.  1.  1.
   2.  1.  1.  2.  1.  2.  1.  0.  2.  1.  1.  1.  2.  1.  0.  1.  1.  1.
   2.  1.  0.  1.  2.  1.  2.]
 [ 0.  1.  2.  1.  2.  1.  2.  0.  1.  1.  0.  2.  1.  1.  0.  0.  1.  1.
   1.  1.  2.  2.  1.  1.  1.  1.  2.  1.  1.  1.  2.  1.  0.  0.  2.  0.
   2.  1.  0.  1.  0.  2.  0.]
 [ 1.  2.  1.  1.  2.  2.  2.  1.  1.  1.  2.  2.  1.  1.  0.  1.  1.  0.
   2.  1.  2.  0.  1.  1.  0.  1.  0.  1.  1.  1.  2.  1.  2.  2.  1.  0.
   2.  1.  2.  1.  2.  1.  0.]
 [ 1.  1.  0.  2.  1.  2.  2.  2.  1.  1.  2.  1.  0.  1.  2.  0.  0.  2.
   0.  0.  2.  2.  1.  1.  2.  1.  2.  1.  1.  0.  2.  1.  2.  0.  1.  0.
   2.  2.  0.  0.  0.  0.  2.]
 [ 1.  2.  1.  0.  2.  0.  1.  2.  1.  1.  0.  2.  0.  1.  2.  1.  2.  0.
   0.  2.  0.  2.  1.  1.  1.  1.  1.  1.  1.  1.  2.  1.  0.  2.  0.  0.
   2.  0.  0.  0.  0.  2.  0.]
 [ 1.  2.  2.  1.  2.  1.  0.  2.  1.  1.  2.  2.  0.  1.  2.  0.  2.  1.
   0.  1.  1.  0.  1.  1.  1.  1.  1.  1.  1.  1.  2.  1.  2.  2.  1.  1.
   0.  0.  2.  2.  1.  2.  2.]
 [ 1.  0.  2.  0.  2.  0.  0.  0.  1.  1.  2.  2.  0.  0.  2.  1.  0.  1.
   2.  1.  2.  0.  1.  1.  1.  1.  0.  1.  1.  1.  0.  1.  2.  0.  1.  2.
   0.  0.  0.  0.  2.  0.  0.]
 [ 1.  0.  0.  0.  2.  2.  2.  2.  1.  1.  2.  2.  2.  2.  0.  2.  1.  0.
   1.  0.  0.  2.  1.  1.  2.  1.  0.  1.  1.  1.  0.  1.  0.  1.  1.  1.
   0.  0.  0.  2.  2.  2.  2.]
 [ 1.  1.  1.  2.  0.  2.  0.  0.  1.  2.  2.  0.  2.  1.  1.  0.  0.  2.
   1.  0.  1.  2.  1.  1.  0.  1.  1.  1.  1.  1.  2.  1.  2.  2.  2.  2.
   0.  2.  2.  0.  2.  0.  0.]
 [ 1.  0.  1.  1.  0.  2.  2.  0.  1.  2.  0.  0.  2.  1.  1.  2.  2.  1.
   1.  2.  2.  2.  1.  1.  0.  0.  1.  1.  1.  2.  0.  1.  0.  0.  1.  0.
   2.  0.  2.  1.  0.  2.  2.]
 [ 2.  2.  1.  1.  2.  1.  2.  1.  1.  2.  0.  2.  1.  1.  2.  2.  0.  0.
   1.  0.  2.  0.  1.  0.  0.  1.  1.  0.  1.  1.  0.  1.  2.  0.  1.  0.
   2.  2.  2.  2.  0.  0.  2.]
 [ 2.  0.  2.  1.  2.  1.  0.  1.  1.  0.  2.  2.  1.  1.  1.  1.  0.  2.
   2.  1.  1.  0.  0.  2.  2.  0.  2.  1.  1.  2.  0.  1.  2.  2.  1.  2.
   1.  1.  1.  0.  1.  1.  0.]
 [ 1.  1.  2.  1.  2.  0.  0.  1.  1.  0.  1.  2.  0.  1.  1.  1.  2.  2.
   1.  0.  2.  2.  1.  1.  2.  1.  0.  1.  1.  0.  2.  1.  1.  1.  1.  2.
   0.  0.  0.  2.  2.  0.  0.]
 [ 0.  1.  1.  1.  2.  0.  1.  1.  1.  2.  1.  2.  0.  1.  0.  2.  2.  0.
   2.  1.  2.  2.  1.  0.  1.  2.  1.  0.  1.  2.  2.  1.  2.  1.  1.  2.
   2.  0.  1.  1.  0.  2.  0.]
 [ 0.  1.  2.  2.  0.  1.  2.  1.  0.  2.  1.  0.  2.  2.  2.  1.  1.  2.
   1.  1.  1.  0.  0.  1.  2.  0.  0.  1.  1.  2.  0.  1.  2.  1.  1.  1.
   2.  1.  0.  1.  2.  2.  0.]
 [ 2.  1.  0.  2.  2.  1.  0.  1.  1.  1.  1.  2.  2.  1.  2.  0.  0.  2.
   2.  1.  2.  2.  0.  0.  0.  1.  2.  1.  1.  1.  2.  1.  2.  1.  0.  1.
   2.  2.  2.  1.  0.  0.  2.]
 [ 1.  2.  2.  1.  2.  2.  0.  1.  1.  2.  0.  2.  0.  1.  2.  0.  1.  0.
   0.  1.  0.  2.  1.  1.  1.  1.  1.  1.  1.  1.  2.  1.  0.  1.  2.  1.
   0.  1.  0.  0.  0.  2.  2.]
 [ 2.  0.  0.  0.  1.  0.  1.  1.  1.  2.  0.  1.  0.  1.  2.  2.  1.  2.
   0.  2.  0.  0.  1.  2.  2.  2.  1.  1.  1.  2.  2.  1.  2.  1.  1.  0.
   0.  0.  2.  2.  2.  2.  2.]
 [ 0.  2.  0.  1.  0.  2.  2.  1.  1.  1.  1.  0.  1.  1.  2.  2.  2.  0.
   0.  1.  2.  1.  1.  1.  2.  1.  2.  1.  1.  1.  2.  1.  0.  1.  1.  1.
   0.  2.  0.  1.  1.  0.  0.]
 [ 1.  0.  2.  0.  0.  2.  0.  0.  2.  1.  1.  0.  0.  1.  2.  1.  2.  1.
   0.  0.  1.  2.  1.  1.  0.  1.  1.  1.  2.  0.  2.  1.  2.  1.  1.  2.
   0.  1.  2.  1.  2.  1.  2.]
 [ 2.  2.  0.  2.  0.  0.  0.  1.  1.  1.  0.  0.  0.  0.  2.  2.  0.  2.
   0.  2.  2.  0.  1.  1.  0.  1.  0.  1.  1.  2.  2.  1.  2.  1.  1.  1.
   2.  2.  1.  1.  2.  0.  2.]
 [ 1.  0.  0.  1.  2.  1.  2.  1.  1.  2.  1.  2.  0.  1.  1.  0.  0.  2.
   2.  1.  1.  0.  1.  1.  2.  1.  1.  1.  1.  0.  0.  1.  2.  1.  1.  0.
   0.  2.  1.  1.  0.  2.  0.]
 [ 0.  0.  2.  0.  0.  2.  0.  2.  1.  2.  1.  0.  2.  1.  1.  0.  2.  2.
   0.  1.  0.  0.  1.  1.  2.  1.  0.  1.  1.  0.  0.  1.  0.  1.  1.  1.
   1.  0.  0.  1.  2.  1.  2.]
 [ 2.  2.  2.  1.  0.  1.  1.  0.  2.  1.  1.  0.  1.  1.  0.  2.  2.  2.
   0.  1.  1.  0.  1.  0.  1.  1.  0.  1.  1.  0.  2.  1.  2.  1.  1.  1.
   2.  0.  0.  1.  2.  0.  2.]
 [ 2.  0.  2.  0.  0.  1.  0.  1.  1.  1.  1.  0.  2.  1.  1.  0.  2.  2.
   2.  1.  2.  2.  1.  1.  1.  0.  1.  1.  1.  2.  2.  1.  2.  2.  1.  1.
   0.  2.  2.  2.  0.  2.  2.]
 [ 0.  0.  0.  1.  0.  0.  0.  1.  1.  1.  1.  0.  2.  1.  2.  1.  1.  0.
   0.  1.  1.  0.  1.  1.  0.  0.  0.  1.  1.  0.  2.  1.  2.  1.  1.  1.
   2.  0.  0.  0.  2.  1.  0.]
 [ 2.  1.  1.  1.  0.  1.  0.  1.  1.  1.  1.  0.  0.  1.  0.  0.  0.  1.
   2.  1.  0.  2.  2.  1.  0.  1.  1.  1.  1.  0.  0.  1.  0.  2.  0.  2.
   1.  1.  0.  1.  2.  1.  0.]
 [ 1.  2.  1.  1.  2.  1.  2.  0.  1.  1.  1.  2.  2.  1.  0.  1.  1.  2.
   0.  2.  2.  1.  1.  1.  2.  1.  2.  0.  1.  0.  0.  1.  0.  0.  2.  0.
   0.  2.  2.  2.  2.  0.  2.]
 [ 0.  2.  1.  1.  0.  2.  2.  0.  1.  1.  1.  0.  1.  1.  0.  2.  0.  0.
   2.  1.  2.  0.  1.  1.  2.  2.  1.  1.  1.  0.  2.  1.  2.  1.  0.  0.
   2.  1.  1.  1.  2.  2.  2.]
 [ 0.  0.  2.  0.  0.  0.  2.  1.  1.  1.  1.  0.  0.  1.  1.  2.  2.  0.
   0.  1.  0.  0.  1.  1.  0.  0.  1.  1.  1.  2.  1.  1.  2.  2.  2.  2.
   0.  2.  2.  1.  0.  0.  0.]
 [ 0.  1.  1.  1.  0.  1.  2.  1.  1.  1.  2.  0.  1.  2.  2.  2.  2.  0.
   0.  1.  2.  2.  1.  1.  0.  2.  1.  1.  1.  0.  2.  1.  2.  0.  1.  1.
   2.  0.  0.  1.  2.  1.  2.]
 [ 1.  1.  2.  1.  0.  2.  2.  1.  1.  1.  1.  0.  2.  1.  1.  2.  2.  2.
   0.  1.  2.  2.  1.  0.  0.  1.  0.  1.  1.  2.  0.  1.  2.  2.  1.  0.
   0.  1.  0.  1.  2.  1.  2.]
 [ 0.  1.  1.  1.  0.  2.  2.  1.  1.  0.  0.  0.  1.  1.  1.  0.  2.  1.
   0.  1.  0.  0.  1.  1.  1.  0.  1.  1.  1.  1.  0.  1.  0.  2.  1.  2.
   2.  2.  2.  0.  0.  2.  1.]
 [ 2.  2.  1.  1.  2.  2.  0.  1.  1.  1.  1.  2.  1.  1.  1.  0.  0.  2.
   2.  2.  2.  2.  1.  1.  2.  2.  0.  1.  1.  2.  2.  1.  0.  1.  1.  2.
   0.  2.  2.  2.  2.  2.  0.]
 [ 2.  1.  1.  1.  0.  0.  0.  1.  1.  0.  1.  0.  1.  1.  0.  1.  2.  1.
   2.  1.  0.  2.  1.  1.  1.  0.  0.  1.  1.  2.  2.  1.  0.  1.  1.  0.
   0.  2.  2.  1.  0.  2.  2.]
 [ 2.  2.  1.  1.  2.  2.  2.  2.  0.  1.  1.  2.  1.  1.  2.  0.  0.  1.
   0.  1.  2.  2.  1.  1.  1.  2.  2.  1.  1.  1.  1.  2.  0.  1.  1.  1.
   2.  0.  0.  1.  0.  0.  0.]
 [ 1.  0.  1.  1.  0.  0.  2.  2.  1.  1.  1.  0.  0.  1.  0.  0.  2.  0.
   2.  1.  2.  0.  1.  1.  1.  2.  1.  2.  1.  2.  0.  0.  2.  2.  1.  2.
   2.  2.  2.  0.  2.  2.  0.]
 [ 1.  1.  1.  1.  2.  1.  1.  0.  1.  1.  1.  2.  2.  1.  0.  2.  0.  2.
   2.  1.  2.  2.  1.  0.  2.  2.  0.  1.  1.  1.  2.  1.  2.  2.  1.  0.
   0.  0.  1.  1.  0.  1.  0.]
 [ 0.  1.  1.  2.  0.  2.  0.  2.  1.  2.  1.  0.  2.  1.  2.  2.  0.  0.
   0.  1.  0.  2.  1.  1.  2.  0.  0.  1.  1.  1.  0.  1.  0.  0.  1.  0.
   1.  1.  0.  1.  1.  2.  0.]
 [ 1.  1.  0.  2.  2.  1.  2.  1.  1.  1.  2.  2.  2.  1.  1.  0.  0.  0.
   2.  0.  2.  1.  1.  0.  2.  0.  1.  1.  1.  1.  2.  1.  2.  2.  1.  2.
   0.  2.  1.  1.  0.  1.  0.]
 [ 1.  2.  2.  1.  0.  0.  2.  1.  1.  1.  1.  0.  2.  1.  2.  0.  2.  1.
   1.  2.  2.  0.  1.  1.  1.  1.  0.  1.  1.  0.  2.  1.  0.  2.  1.  2.
   0.  1.  1.  1.  2.  0.  0.]
 [ 2.  0.  0.  1.  0.  1.  2.  0.  1.  1.  1.  0.  0.  0.  1.  2.  0.  2.
   2.  0.  2.  0.  1.  0.  0.  2.  1.  2.  1.  2.  1.  1.  2.  2.  1.  1.
   2.  1.  0.  2.  2.  2.  2.]
 [ 1.  1.  0.  0.  0.  2.  2.  1.  1.  1.  1.  0.  1.  2.  0.  2.  0.  0.
   0.  1.  1.  2.  1.  1.  1.  2.  2.  1.  2.  1.  2.  1.  2.  1.  0.  0.
   0.  2.  0.  1.  2.  1.  2.]
 [ 2.  1.  1.  0.  2.  0.  0.  1.  1.  2.  1.  2.  0.  1.  2.  2.  0.  2.
   2.  1.  2.  0.  1.  1.  1.  0.  1.  1.  1.  2.  1.  1.  2.  0.  2.  2.
   2.  1.  0.  1.  0.  2.  0.]
 [ 1.  2.  1.  0.  2.  1.  0.  1.  1.  2.  1.  2.  2.  2.  2.  0.  0.  0.
   2.  0.  2.  2.  1.  1.  0.  2.  0.  1.  1.  1.  2.  1.  0.  0.  1.  1.
   0.  2.  2.  1.  1.  0.  2.]
 [ 2.  0.  1.  1.  1.  1.  0.  1.  0.  0.  1.  1.  1.  1.  1.  0.  2.  2.
   0.  0.  2.  2.  1.  2.  1.  0.  2.  1.  1.  1.  0.  1.  2.  1.  1.  0.
   2.  1.  2.  1.  0.  2.  2.]
 [ 2.  0.  1.  2.  2.  1.  0.  1.  1.  1.  1.  2.  1.  1.  0.  2.  0.  2.
   1.  1.  0.  0.  1.  1.  2.  0.  0.  1.  1.  2.  0.  2.  1.  2.  0.  2.
   2.  1.  2.  0.  0.  1.  0.]
 [ 0.  0.  0.  0.  0.  1.  2.  1.  1.  1.  0.  0.  1.  1.  0.  2.  0.  2.
   2.  0.  0.  0.  1.  1.  1.  0.  1.  2.  1.  2.  2.  1.  1.  0.  2.  0.
   2.  1.  2.  1.  2.  0.  0.]
 [ 2.  1.  2.  1.  0.  1.  1.  1.  1.  1.  1.  0.  2.  1.  0.  2.  1.  0.
   0.  0.  2.  0.  1.  0.  2.  1.  1.  0.  1.  2.  0.  1.  0.  2.  1.  1.
   1.  0.  1.  2.  2.  0.  0.]
 [ 0.  2.  0.  1.  2.  0.  0.  1.  1.  1.  0.  2.  1.  2.  2.  2.  2.  2.
   2.  1.  0.  0.  1.  1.  1.  1.  1.  1.  1.  0.  2.  1.  0.  2.  1.  2.
   0.  1.  2.  1.  2.  0.  0.]
 [ 1.  0.  2.  1.  2.  2.  2.  1.  2.  1.  1.  2.  2.  0.  0.  0.  0.  0.
   1.  1.  0.  2.  1.  1.  1.  1.  1.  1.  1.  0.  0.  1.  2.  2.  1.  0.
   2.  1.  2.  1.  2.  0.  0.]
 [ 2.  0.  0.  2.  0.  1.  0.  2.  1.  1.  2.  0.  0.  2.  1.  0.  2.  2.
   1.  1.  1.  1.  1.  2.  1.  0.  2.  2.  1.  2.  0.  1.  2.  0.  1.  1.
   0.  0.  1.  1.  1.  0.  0.]
 [ 1.  2.  1.  1.  2.  2.  1.  1.  1.  1.  1.  2.  0.  1.  1.  2.  0.  0.
   2.  1.  0.  2.  1.  0.  1.  1.  1.  1.  0.  0.  0.  1.  2.  1.  1.  1.
   0.  1.  0.  1.  2.  2.  0.]
 [ 0.  0.  2.  0.  2.  0.  2.  2.  1.  2.  1.  2.  1.  1.  1.  0.  2.  1.
   1.  2.  0.  2.  0.  1.  1.  1.  1.  1.  1.  1.  2.  1.  2.  2.  1.  1.
   2.  1.  0.  1.  2.  1.  2.]
 [ 0.  2.  1.  1.  0.  2.  0.  1.  1.  2.  1.  0.  0.  1.  1.  0.  0.  0.
   0.  1.  0.  2.  1.  0.  1.  0.  2.  1.  1.  2.  2.  1.  0.  1.  1.  1.
   0.  1.  0.  1.  2.  1.  0.]
 [ 0.  0.  2.  1.  2.  2.  1.  1.  2.  1.  1.  2.  1.  1.  2.  2.  0.  1.
   0.  2.  2.  2.  1.  2.  1.  2.  1.  1.  1.  1.  1.  1.  2.  1.  1.  1.
   2.  2.  2.  1.  1.  1.  2.]
 [ 0.  1.  0.  1.  0.  1.  2.  1.  1.  1.  1.  0.  0.  1.  1.  0.  2.  1.
   2.  1.  0.  1.  2.  1.  1.  0.  0.  1.  1.  1.  0.  1.  2.  0.  1.  1.
   2.  2.  1.  1.  2.  1.  1.]
 [ 2.  1.  1.  1.  0.  2.  2.  1.  1.  1.  1.  0.  0.  1.  1.  2.  1.  1.
   1.  1.  2.  2.  1.  1.  0.  1.  0.  1.  1.  1.  2.  1.  1.  0.  1.  1.
   2.  1.  1.  1.  0.  2.  2.]
 [ 1.  2.  2.  0.  0.  0.  2.  1.  1.  1.  1.  0.  1.  0.  0.  2.  0.  2.
   2.  1.  2.  0.  1.  1.  1.  1.  1.  2.  1.  1.  2.  1.  0.  2.  1.  1.
   0.  1.  0.  1.  1.  0.  0.]
 [ 1.  2.  0.  2.  0.  0.  1.  1.  1.  1.  1.  0.  2.  2.  2.  0.  0.  0.
   2.  1.  2.  1.  1.  0.  1.  2.  1.  1.  1.  1.  2.  1.  1.  2.  1.  1.
   1.  1.  0.  2.  0.  1.  0.]
 [ 1.  1.  1.  0.  0.  2.  0.  0.  2.  1.  1.  0.  1.  1.  0.  0.  0.  0.
   1.  1.  2.  0.  1.  1.  1.  0.  1.  1.  1.  1.  0.  2.  2.  1.  1.  1.
   2.  1.  0.  1.  1.  0.  0.]
 [ 1.  0.  1.  2.  0.  0.  2.  1.  1.  1.  1.  0.  1.  0.  1.  0.  2.  1.
   2.  0.  0.  2.  2.  1.  1.  1.  2.  1.  2.  1.  2.  1.  2.  0.  1.  1.
   2.  1.  0.  1.  2.  2.  1.]
 [ 1.  2.  1.  0.  1.  2.  1.  1.  0.  1.  1.  1.  1.  2.  2.  0.  0.  1.
   0.  2.  0.  1.  1.  1.  2.  1.  1.  0.  1.  1.  1.  1.  1.  2.  1.  1.
   0.  1.  2.  2.  1.  2.  0.]
 [ 1.  0.  0.  2.  0.  2.  0.  2.  1.  1.  1.  0.  2.  1.  1.  2.  2.  0.
   2.  0.  0.  1.  1.  1.  1.  1.  1.  1.  1.  1.  1.  1.  1.  0.  1.  1.
   0.  1.  2.  1.  1.  0.  0.]
 [ 1.  2.  2.  0.  2.  0.  0.  0.  1.  2.  1.  2.  0.  1.  1.  0.  2.  1.
   0.  2.  2.  2.  1.  1.  1.  1.  1.  2.  1.  2.  2.  1.  0.  0.  1.  1.
   0.  1.  2.  1.  0.  0.  2.]
 [ 1.  1.  1.  1.  0.  2.  1.  0.  1.  1.  1.  0.  0.  1.  0.  0.  2.  2.
   2.  1.  1.  1.  1.  1.  0.  1.  1.  2.  1.  2.  2.  1.  1.  2.  1.  1.
   2.  1.  2.  1.  1.  2.  2.]
 [ 1.  0.  1.  1.  0.  2.  0.  0.  1.  1.  1.  0.  2.  2.  0.  0.  2.  0.
   0.  1.  0.  2.  0.  1.  1.  2.  1.  2.  0.  1.  0.  1.  0.  0.  1.  1.
   0.  2.  0.  1.  2.  1.  1.]
 [ 1.  1.  0.  0.  0.  1.  1.  1.  0.  1.  1.  0.  1.  1.  1.  2.  0.  0.
   0.  1.  2.  0.  1.  1.  1.  0.  1.  0.  0.  1.  2.  1.  1.  1.  0.  1.
   0.  1.  1.  2.  2.  2.  2.]
 [ 1.  2.  0.  1.  0.  2.  0.  1.  0.  1.  1.  0.  2.  0.  2.  0.  0.  0.
   1.  1.  2.  2.  1.  0.  2.  2.  0.  2.  2.  0.  2.  1.  1.  2.  2.  1.
   2.  1.  2.  1.  0.  0.  2.]
 [ 0.  1.  1.  2.  2.  1.  2.  2.  0.  1.  1.  2.  1.  1.  0.  2.  0.  0.
   2.  1.  1.  0.  2.  1.  1.  1.  0.  0.  2.  1.  0.  1.  1.  1.  0.  1.
   2.  1.  0.  0.  1.  0.  2.]
 [ 1.  1.  1.  0.  2.  2.  0.  1.  0.  1.  1.  2.  1.  1.  1.  2.  0.  2.
   1.  1.  0.  2.  2.  1.  1.  1.  2.  1.  0.  1.  0.  1.  2.  1.  2.  1.
   2.  1.  0.  1.  1.  2.  0.]
 [ 1.  0.  2.  0.  0.  0.  2.  2.  0.  1.  1.  0.  1.  1.  2.  0.  2.  1.
   0.  1.  2.  2.  1.  1.  0.  1.  1.  0.  0.  0.  0.  1.  0.  2.  1.  1.
   2.  1.  2.  2.  0.  2.  2.]
 [ 2.  2.  1.  0.  2.  2.  0.  1.  0.  1.  1.  2.  1.  1.  0.  2.  0.  2.
   1.  1.  0.  2.  0.  1.  0.  1.  1.  0.  0.  1.  1.  1.  2.  2.  1.  1.
   2.  1.  0.  2.  2.  0.  1.]
 [ 2.  1.  0.  2.  2.  1.  0.  2.  0.  0.  1.  2.  1.  1.  0.  2.  2.  1.
   2.  1.  1.  0.  2.  1.  1.  1.  1.  0.  0.  1.  1.  1.  1.  0.  0.  1.
   0.  1.  2.  0.  1.  0.  2.]
 [ 1.  0.  1.  1.  1.  1.  1.  1.  0.  0.  1.  1.  1.  1.  2.  0.  2.  0.
   2.  1.  0.  2.  0.  1.  1.  1.  1.  0.  0.  2.  1.  1.  1.  0.  1.  1.
   1.  1.  0.  1.  2.  1.  2.]
 [ 1.  1.  0.  2.  0.  0.  1.  1.  1.  2.  1.  0.  1.  2.  1.  0.  2.  1.
   2.  2.  0.  2.  1.  1.  0.  0.  1.  2.  1.  0.  1.  1.  1.  2.  1.  0.
   2.  1.  0.  2.  2.  0.  2.]
 [ 1.  2.  1.  2.  2.  1.  2.  1.  0.  2.  1.  2.  1.  0.  1.  0.  2.  2.
   0.  0.  2.  0.  0.  1.  2.  2.  1.  2.  0.  1.  0.  1.  1.  0.  2.  1.
   2.  1.  0.  1.  1.  2.  0.]
 [ 1.  0.  0.  0.  0.  1.  1.  1.  0.  0.  1.  0.  2.  1.  2.  2.  0.  1.
   0.  1.  2.  0.  2.  2.  1.  0.  1.  0.  0.  1.  0.  1.  2.  2.  0.  0.
   2.  1.  2.  2.  2.  2.  2.]
 [ 1.  2.  1.  1.  0.  1.  1.  1.  0.  1.  1.  0.  2.  1.  0.  2.  0.  2.
   1.  1.  1.  0.  1.  1.  2.  0.  1.  0.  0.  1.  2.  1.  2.  1.  2.  1.
   2.  1.  2.  2.  1.  0.  2.]
 [ 1.  0.  1.  0.  0.  0.  1.  1.  0.  2.  1.  0.  0.  1.  2.  0.  2.  1.
   1.  0.  2.  0.  1.  1.  2.  2.  1.  0.  0.  1.  0.  1.  0.  2.  0.  2.
   2.  1.  1.  0.  1.  1.  0.]
 [ 0.  0.  2.  0.  2.  1.  2.  1.  2.  0.  1.  2.  2.  1.  1.  0.  2.  2.
   2.  1.  0.  0.  1.  1.  2.  1.  1.  0.  2.  2.  2.  1.  2.  2.  1.  1.
   1.  1.  2.  1.  1.  1.  0.]
 [ 1.  1.  1.  2.  1.  2.  1.  1.  0.  2.  1.  1.  0.  1.  0.  0.  2.  2.
   1.  2.  0.  2.  1.  1.  0.  1.  1.  0.  2.  1.  1.  0.  1.  0.  2.  2.
   2.  1.  2.  0.  1.  1.  0.]
 [ 1.  1.  2.  1.  1.  1.  0.  1.  0.  1.  1.  1.  1.  1.  1.  0.  0.  0.
   1.  2.  0.  2.  2.  0.  0.  1.  1.  2.  2.  1.  1.  1.  1.  1.  1.  1.
   2.  1.  0.  1.  0.  0.  1.]
 [ 1.  1.  1.  0.  0.  2.  1.  1.  0.  1.  1.  0.  0.  1.  2.  1.  0.  2.
   1.  1.  2.  2.  0.  1.  0.  1.  1.  0.  0.  1.  0.  1.  1.  1.  1.  1.
   0.  1.  2.  2.  1.  0.  0.]
 [ 2.  2.  0.  1.  0.  0.  1.  1.  2.  1.  1.  0.  1.  1.  0.  2.  2.  2.
   1.  1.  2.  1.  0.  1.  2.  1.  1.  0.  0.  1.  2.  1.  1.  1.  1.  1.
   1.  1.  0.  1.  1.  0.  2.]
 [ 1.  1.  0.  2.  0.  1.  0.  1.  2.  0.  1.  0.  1.  1.  0.  2.  0.  2.
   0.  1.  1.  2.  1.  1.  0.  1.  1.  0.  0.  1.  1.  1.  0.  0.  0.  1.
   0.  1.  0.  0.  1.  0.  1.]
 [ 1.  1.  1.  1.  2.  2.  2.  1.  2.  2.  0.  2.  1.  1.  0.  0.  2.  0.
   1.  0.  0.  0.  2.  1.  0.  1.  1.  1.  2.  1.  2.  0.  1.  2.  2.  1.
   0.  1.  2.  2.  2.  2.  2.]
 [ 1.  2.  0.  1.  2.  1.  1.  1.  0.  0.  1.  2.  1.  1.  2.  0.  0.  1.
   1.  1.  2.  2.  0.  1.  0.  1.  1.  0.  0.  1.  1.  1.  2.  1.  1.  1.
   0.  1.  2.  1.  0.  0.  2.]
 [ 1.  0.  1.  0.  2.  1.  0.  1.  2.  2.  0.  2.  1.  1.  0.  2.  2.  0.
   2.  1.  2.  2.  0.  1.  2.  0.  1.  2.  2.  1.  2.  1.  1.  1.  1.  1.
   2.  1.  0.  1.  1.  2.  0.]
 [ 0.  0.  2.  0.  2.  1.  0.  1.  2.  0.  1.  2.  2.  1.  0.  0.  0.  2.
   1.  1.  2.  2.  1.  1.  2.  1.  1.  0.  0.  1.  2.  1.  1.  0.  1.  1.
   0.  1.  2.  1.  2.  0.  2.]
 [ 1.  1.  2.  0.  0.  1.  2.  1.  2.  0.  1.  0.  1.  1.  0.  0.  0.  1.
   1.  1.  0.  2.  2.  1.  0.  2.  1.  2.  2.  0.  1.  1.  1.  1.  1.  1.
   0.  1.  2.  1.  2.  0.  0.]
 [ 1.  0.  2.  2.  2.  1.  2.  1.  2.  1.  0.  2.  1.  1.  2.  2.  2.  0.
   1.  1.  1.  2.  0.  2.  0.  1.  1.  2.  1.  1.  1.  1.  0.  0.  1.  1.
   2.  1.  1.  0.  1.  2.  0.]
 [ 1.  2.  1.  2.  0.  1.  1.  1.  0.  1.  2.  0.  2.  1.  2.  0.  0.  0.
   2.  0.  2.  0.  0.  1.  0.  1.  1.  2.  1.  1.  1.  1.  0.  2.  1.  1.
   2.  1.  0.  1.  0.  2.  2.]
 [ 1.  1.  0.  0.  0.  1.  0.  1.  0.  2.  1.  0.  1.  1.  1.  2.  2.  1.
   2.  1.  2.  2.  2.  0.  0.  1.  1.  0.  1.  1.  0.  1.  1.  1.  1.  1.
   0.  1.  2.  1.  1.  2.  1.]
 [ 1.  2.  2.  1.  1.  1.  2.  1.  2.  2.  1.  1.  1.  1.  0.  0.  0.  2.
   2.  1.  1.  2.  2.  2.  2.  1.  1.  2.  1.  1.  2.  1.  0.  1.  1.  1.
   1.  1.  0.  1.  2.  1.  2.]
 [ 1.  2.  1.  2.  2.  1.  0.  1.  1.  1.  1.  2.  1.  1.  2.  2.  0.  0.
   2.  1.  0.  0.  2.  1.  0.  1.  1.  0.  1.  1.  0.  1.  2.  1.  1.  1.
   1.  1.  1.  2.  1.  1.  2.]
 [ 0.  1.  2.  1.  2.  1.  2.  1.  0.  0.  1.  2.  0.  1.  2.  0.  2.  2.
   1.  1.  0.  2.  0.  1.  1.  1.  1.  0.  1.  0.  0.  2.  0.  1.  0.  1.
   2.  1.  0.  0.  0.  2.  0.]
 [ 1.  1.  2.  2.  2.  1.  0.  1.  0.  1.  1.  2.  1.  0.  1.  2.  1.  0.
   0.  2.  1.  2.  2.  0.  2.  1.  1.  0.  2.  1.  1.  1.  2.  2.  2.  1.
   1.  1.  2.  0.  0.  1.  0.]
 [ 1.  2.  1.  2.  2.  0.  2.  2.  0.  2.  1.  2.  2.  2.  1.  0.  2.  0.
   1.  1.  2.  2.  0.  0.  0.  1.  1.  0.  1.  0.  1.  1.  2.  2.  0.  1.
   2.  1.  0.  1.  2.  1.  0.]
 [ 1.  1.  2.  0.  0.  2.  0.  1.  0.  0.  1.  0.  1.  1.  1.  0.  2.  2.
   1.  1.  2.  0.  2.  1.  2.  1.  1.  0.  0.  1.  1.  1.  0.  2.  1.  1.
   1.  1.  2.  1.  0.  0.  0.]
 [ 2.  2.  0.  2.  2.  0.  0.  1.  2.  1.  0.  2.  1.  1.  0.  2.  1.  0.
   0.  1.  0.  1.  0.  1.  0.  1.  1.  2.  2.  1.  2.  1.  2.  1.  1.  1.
   2.  1.  1.  2.  0.  2.  2.]
 [ 1.  1.  0.  0.  1.  0.  0.  0.  2.  0.  1.  1.  0.  1.  1.  2.  0.  2.
   2.  1.  1.  0.  0.  1.  0.  1.  1.  0.  0.  1.  0.  1.  0.  0.  1.  1.
   0.  1.  2.  0.  1.  2.  1.]
 [ 0.  1.  2.  1.  1.  2.  2.  1.  0.  1.  1.  1.  2.  1.  1.  2.  2.  2.
   1.  1.  1.  0.  0.  1.  1.  1.  1.  2.  2.  1.  0.  1.  1.  2.  1.  1.
   2.  1.  0.  1.  1.  0.  0.]
 [ 2.  2.  0.  1.  2.  2.  0.  1.  0.  1.  1.  2.  1.  2.  1.  0.  1.  1.
   2.  1.  2.  2.  0.  1.  2.  1.  1.  0.  0.  1.  1.  1.  2.  1.  2.  1.
   0.  1.  0.  1.  1.  2.  1.]
 [ 0.  1.  0.  0.  0.  2.  0.  0.  0.  0.  2.  0.  1.  2.  1.  0.  2.  2.
   0.  1.  0.  2.  0.  1.  2.  2.  1.  0.  2.  1.  1.  1.  0.  0.  1.  1.
   0.  1.  2.  2.  1.  1.  2.]
 [ 2.  0.  0.  1.  1.  1.  1.  0.  2.  1.  1.  1.  1.  1.  1.  0.  0.  1.
   1.  0.  0.  0.  0.  1.  0.  0.  1.  0.  0.  0.  0.  1.  1.  2.  0.  1.
   2.  1.  2.  0.  1.  2.  0.]
 [ 2.  2.  2.  0.  1.  2.  0.  1.  0.  1.  0.  1.  1.  1.  1.  2.  2.  1.
   2.  2.  2.  0.  2.  1.  1.  1.  1.  2.  0.  1.  0.  1.  2.  1.  1.  1.
   2.  1.  2.  1.  2.  0.  0.]
 [ 2.  2.  0.  1.  1.  2.  2.  1.  2.  0.  1.  1.  1.  2.  1.  0.  2.  0.
   1.  1.  0.  2.  2.  1.  0.  1.  1.  2.  2.  1.  2.  1.  0.  1.  2.  1.
   0.  1.  2.  0.  0.  2.  2.]
 [ 0.  0.  0.  2.  1.  1.  2.  2.  2.  2.  1.  1.  2.  2.  1.  0.  2.  0.
   2.  1.  1.  2.  2.  1.  2.  1.  1.  2.  0.  1.  0.  1.  2.  1.  1.  0.
   0.  1.  0.  2.  0.  1.  1.]
 [ 0.  0.  2.  1.  1.  0.  2.  1.  2.  2.  1.  1.  2.  0.  0.  2.  0.  0.
   0.  1.  0.  2.  2.  1.  0.  1.  1.  0.  0.  0.  2.  1.  0.  0.  1.  1.
   0.  1.  1.  1.  1.  1.  2.]
 [ 0.  2.  0.  1.  2.  1.  0.  1.  2.  0.  1.  2.  2.  1.  1.  1.  2.  0.
   0.  1.  0.  1.  2.  1.  0.  1.  1.  0.  0.  1.  0.  1.  0.  1.  0.  1.
   2.  1.  1.  1.  2.  2.  2.]
 [ 2.  0.  0.  1.  1.  1.  2.  1.  1.  2.  1.  1.  1.  2.  1.  2.  0.  0.
   2.  1.  1.  2.  2.  1.  0.  1.  1.  2.  2.  1.  2.  1.  0.  2.  1.  1.
   2.  1.  2.  0.  0.  2.  1.]
 [ 1.  0.  2.  1.  1.  0.  1.  1.  2.  1.  0.  1.  1.  1.  1.  2.  0.  1.
   1.  2.  0.  0.  0.  1.  2.  1.  1.  1.  2.  1.  0.  1.  0.  1.  1.  1.
   2.  1.  2.  1.  0.  1.  2.]
 [ 2.  2.  2.  0.  1.  1.  1.  1.  2.  2.  0.  1.  1.  1.  1.  2.  0.  0.
   0.  1.  2.  2.  0.  1.  2.  0.  1.  0.  2.  1.  2.  2.  1.  1.  2.  1.
   2.  1.  2.  1.  1.  1.  1.]
 [ 2.  0.  0.  1.  0.  2.  2.  1.  2.  0.  2.  0.  0.  1.  1.  1.  0.  2.
   0.  1.  0.  0.  2.  1.  2.  1.  1.  1.  2.  1.  1.  0.  1.  1.  1.  1.
   2.  1.  1.  1.  2.  1.  1.]
 [ 1.  0.  2.  1.  1.  0.  0.  1.  2.  0.  0.  1.  0.  1.  1.  0.  0.  2.
   2.  0.  2.  0.  2.  1.  2.  2.  1.  2.  0.  1.  1.  1.  1.  0.  1.  1.
   2.  1.  2.  0.  2.  2.  1.]
 [ 1.  2.  2.  1.  1.  2.  0.  1.  2.  1.  1.  1.  1.  1.  1.  1.  0.  0.
   2.  1.  1.  2.  0.  1.  2.  1.  1.  0.  0.  1.  0.  1.  0.  1.  0.  1.
   0.  1.  0.  2.  1.  1.  0.]
 [ 0.  2.  0.  1.  1.  0.  0.  1.  0.  1.  1.  1.  1.  1.  1.  0.  0.  2.
   2.  1.  1.  1.  2.  1.  0.  1.  1.  2.  2.  1.  2.  1.  2.  2.  1.  1.
   0.  1.  0.  1.  0.  1.  2.]
 [ 2.  0.  0.  2.  1.  2.  0.  1.  2.  0.  1.  1.  1.  1.  1.  2.  0.  0.
   1.  1.  2.  2.  2.  1.  1.  2.  1.  0.  0.  1.  0.  1.  2.  1.  1.  1.
   2.  1.  2.  1.  2.  0.  1.]
 [ 1.  2.  2.  1.  1.  2.  2.  0.  0.  2.  1.  1.  1.  1.  1.  1.  1.  2.
   0.  1.  0.  2.  0.  1.  1.  2.  1.  2.  0.  1.  1.  1.  0.  0.  1.  1.
   2.  1.  2.  1.  1.  1.  0.]
 [ 0.  2.  0.  1.  1.  2.  2.  1.  2.  1.  1.  1.  1.  2.  1.  0.  0.  1.
   1.  1.  2.  2.  2.  1.  1.  1.  1.  1.  0.  1.  2.  1.  2.  2.  1.  1.
   2.  1.  0.  1.  2.  0.  2.]
 [ 2.  0.  2.  1.  1.  0.  0.  1.  2.  2.  0.  1.  1.  2.  2.  1.  2.  0.
   1.  1.  0.  0.  2.  1.  1.  2.  1.  2.  2.  2.  0.  1.  1.  0.  1.  1.
   0.  1.  0.  1.  1.  2.  1.]
 [ 0.  0.  1.  2.  1.  0.  1.  1.  2.  1.  0.  1.  1.  1.  2.  1.  1.  2.
   1.  2.  0.  2.  0.  1.  0.  0.  1.  0.  0.  0.  2.  1.  1.  1.  2.  1.
   0.  1.  1.  1.  1.  2.  1.]
 [ 0.  2.  2.  1.  1.  1.  1.  2.  0.  0.  1.  1.  1.  2.  1.  1.  2.  1.
   2.  2.  2.  1.  0.  1.  1.  1.  1.  2.  2.  1.  0.  1.  0.  0.  1.  2.
   2.  1.  2.  1.  1.  1.  1.]
 [ 1.  0.  0.  0.  1.  1.  0.  1.  0.  1.  1.  1.  1.  0.  1.  1.  1.  1.
   2.  2.  0.  0.  2.  1.  2.  2.  1.  2.  2.  0.  2.  1.  0.  1.  1.  1.
   1.  1.  0.  1.  0.  0.  1.]
 [ 1.  2.  0.  0.  1.  1.  0.  1.  0.  1.  1.  1.  1.  0.  1.  1.  2.  0.
   1.  0.  2.  2.  2.  1.  0.  1.  1.  2.  2.  1.  1.  2.  2.  1.  1.  1.
   0.  1.  2.  1.  1.  2.  0.]
 [ 2.  1.  0.  2.  1.  0.  0.  1.  0.  2.  1.  1.  1.  0.  1.  2.  0.  2.
   1.  1.  1.  2.  2.  1.  2.  1.  1.  0.  2.  0.  1.  0.  1.  2.  0.  1.
   2.  1.  2.  1.  2.  1.  1.]
 [ 1.  2.  1.  0.  1.  2.  0.  0.  2.  1.  1.  1.  1.  1.  1.  2.  2.  0.
   0.  0.  1.  2.  1.  1.  2.  1.  1.  0.  2.  1.  0.  2.  2.  0.  2.  1.
   0.  1.  1.  2.  0.  1.  2.]
 [ 1.  0.  0.  1.  1.  1.  1.  1.  2.  2.  0.  1.  1.  2.  1.  1.  2.  2.
   2.  1.  1.  0.  1.  1.  0.  2.  1.  2.  1.  1.  2.  2.  0.  1.  1.  1.
   2.  1.  0.  1.  1.  2.  0.]
 [ 2.  1.  2.  1.  1.  2.  1.  1.  0.  1.  0.  1.  1.  2.  1.  1.  2.  0.
   0.  0.  2.  2.  1.  1.  1.  1.  1.  0.  0.  1.  1.  0.  2.  1.  1.  1.
   2.  1.  0.  0.  1.  1.  0.]
 [ 2.  0.  0.  2.  1.  1.  1.  1.  0.  1.  1.  1.  0.  1.  1.  1.  2.  2.
   2.  0.  0.  0.  1.  1.  0.  1.  1.  0.  2.  1.  1.  1.  0.  1.  0.  1.
   2.  1.  2.  1.  1.  2.  2.]
 [ 0.  2.  2.  0.  1.  2.  2.  0.  2.  1.  1.  1.  1.  0.  1.  1.  0.  2.
   1.  0.  2.  1.  1.  1.  2.  0.  1.  2.  0.  1.  1.  1.  2.  1.  1.  0.
   0.  1.  0.  1.  0.  1.  0.]
 [ 0.  1.  2.  1.  1.  1.  0.  1.  2.  0.  2.  1.  0.  0.  1.  1.  1.  2.
   2.  0.  2.  2.  1.  1.  0.  1.  1.  0.  0.  1.  0.  1.  2.  1.  1.  1.
   1.  1.  2.  1.  1.  2.  2.]
 [ 2.  1.  0.  1.  1.  1.  1.  1.  0.  1.  1.  1.  2.  2.  1.  1.  2.  1.
   2.  0.  2.  1.  1.  1.  2.  0.  1.  2.  2.  1.  2.  1.  1.  2.  2.  1.
   1.  1.  2.  1.  1.  2.  0.]
 [ 1.  1.  0.  1.  1.  2.  1.  2.  2.  2.  1.  1.  1.  0.  1.  1.  2.  1.
   2.  1.  0.  2.  1.  1.  0.  2.  1.  2.  2.  1.  1.  1.  2.  1.  1.  1.
   0.  1.  0.  1.  1.  2.  1.]
 [ 0.  1.  1.  2.  1.  1.  2.  1.  0.  0.  1.  1.  2.  1.  1.  0.  0.  0.
   2.  0.  1.  0.  1.  1.  0.  1.  1.  0.  2.  0.  1.  2.  2.  2.  0.  1.
   2.  1.  0.  1.  2.  2.  0.]
 [ 2.  2.  1.  1.  1.  1.  0.  1.  2.  0.  1.  1.  2.  1.  1.  0.  1.  0.
   0.  0.  2.  2.  1.  1.  2.  1.  1.  0.  1.  0.  1.  1.  0.  0.  1.  1.
   1.  2.  1.  2.  1.  0.  1.]
 [ 0.  1.  2.  1.  1.  1.  1.  2.  2.  1.  0.  1.  2.  1.  2.  1.  0.  2.
   0.  2.  2.  2.  1.  1.  0.  1.  1.  0.  0.  1.  2.  2.  1.  2.  2.  1.
   0.  1.  0.  1.  1.  0.  1.]
 [ 2.  0.  0.  1.  1.  0.  1.  1.  2.  1.  2.  1.  0.  1.  2.  1.  2.  2.
   1.  2.  0.  2.  1.  1.  1.  1.  1.  0.  2.  1.  1.  0.  2.  0.  1.  1.
   1.  1.  0.  1.  1.  1.  1.]
 [ 2.  2.  2.  2.  1.  1.  1.  1.  0.  1.  2.  1.  1.  2.  1.  2.  2.  2.
   0.  0.  2.  0.  1.  1.  2.  0.  1.  0.  0.  2.  1.  1.  2.  1.  1.  1.
   2.  1.  2.  1.  0.  2.  2.]
 [ 0.  0.  2.  1.  1.  2.  1.  1.  0.  2.  1.  1.  0.  0.  2.  1.  1.  2.
   1.  0.  2.  1.  1.  1.  1.  2.  1.  0.  2.  1.  0.  1.  1.  1.  0.  0.
   1.  1.  1.  1.  0.  0.  2.]
 [ 2.  1.  2.  2.  1.  1.  1.  1.  2.  1.  1.  1.  0.  2.  1.  2.  0.  0.
   2.  1.  1.  2.  1.  1.  1.  1.  1.  2.  2.  1.  1.  1.  1.  1.  1.  1.
   1.  1.  0.  0.  2.  2.  0.]
 [ 1.  0.  0.  2.  1.  0.  2.  1.  2.  0.  1.  1.  1.  0.  2.  0.  0.  1.
   2.  0.  0.  2.  1.  1.  2.  1.  1.  2.  0.  2.  1.  2.  0.  1.  1.  2.
   1.  1.  0.  1.  1.  0.  1.]
 [ 2.  2.  0.  0.  1.  2.  0.  1.  0.  0.  1.  1.  2.  1.  0.  0.  0.  1.
   0.  0.  2.  0.  1.  1.  2.  2.  1.  0.  2.  0.  2.  1.  2.  1.  2.  1.
   2.  1.  2.  0.  0.  2.  2.]
 [ 0.  2.  2.  2.  1.  0.  2.  1.  0.  2.  1.  1.  1.  1.  1.  0.  2.  2.
   2.  1.  2.  0.  1.  1.  0.  0.  1.  0.  2.  2.  1.  1.  0.  1.  1.  1.
   0.  1.  1.  1.  0.  2.  2.]
 [ 1.  1.  1.  0.  1.  1.  0.  2.  0.  2.  1.  1.  1.  0.  2.  1.  2.  2.
   0.  2.  0.  0.  1.  2.  1.  1.  1.  2.  0.  1.  1.  1.  0.  1.  1.  1.
   2.  1.  0.  1.  0.  2.  1.]
 [ 0.  0.  2.  2.  0.  2.  1.  0.  0.  1.  1.  0.  0.  1.  1.  1.  2.  0.
   1.  2.  0.  0.  1.  1.  0.  1.  1.  2.  2.  1.  1.  1.  0.  1.  1.  1.
   1.  1.  2.  0.  2.  0.  2.]
 [ 0.  0.  0.  2.  1.  0.  0.  1.  2.  0.  1.  1.  2.  1.  1.  0.  2.  2.
   1.  1.  1.  2.  1.  1.  2.  2.  1.  0.  0.  1.  1.  2.  1.  1.  1.  1.
   2.  0.  0.  1.  2.  2.  2.]
 [ 0.  2.  1.  1.  1.  1.  2.  1.  2.  2.  2.  1.  2.  1.  1.  2.  2.  0.
   1.  1.  2.  1.  1.  1.  2.  2.  1.  0.  0.  1.  0.  0.  1.  1.  2.  0.
   0.  1.  1.  2.  0.  2.  0.]
 [ 2.  1.  0.  2.  2.  2.  2.  1.  0.  2.  0.  2.  0.  1.  2.  2.  0.  2.
   0.  0.  2.  0.  1.  1.  0.  1.  1.  2.  2.  1.  0.  2.  2.  2.  1.  1.
   2.  0.  0.  0.  1.  2.  2.]
 [ 2.  1.  2.  2.  0.  0.  2.  1.  2.  1.  0.  0.  1.  1.  2.  0.  2.  2.
   1.  2.  0.  2.  1.  1.  0.  2.  1.  0.  2.  1.  2.  1.  2.  0.  0.  1.
   0.  1.  0.  2.  2.  1.  2.]
 [ 2.  1.  1.  1.  2.  1.  2.  2.  2.  1.  2.  2.  1.  1.  1.  1.  0.  2.
   2.  1.  0.  2.  1.  1.  2.  1.  1.  0.  0.  1.  0.  1.  1.  1.  2.  0.
   1.  2.  0.  1.  2.  2.  1.]
 [ 1.  2.  2.  0.  2.  2.  0.  1.  2.  1.  1.  2.  1.  1.  1.  2.  0.  2.
   2.  1.  0.  0.  1.  1.  0.  1.  1.  2.  1.  1.  1.  2.  1.  2.  0.  1.
   0.  1.  2.  2.  1.  2.  0.]
 [ 0.  0.  2.  0.  0.  0.  1.  1.  2.  0.  0.  0.  1.  1.  0.  1.  2.  1.
   1.  1.  1.  1.  1.  1.  0.  1.  1.  0.  2.  0.  0.  0.  1.  2.  1.  1.
   0.  2.  2.  0.  0.  2.  1.]
 [ 1.  1.  0.  1.  0.  1.  2.  1.  0.  1.  0.  0.  1.  1.  2.  1.  2.  0.
   1.  2.  0.  2.  0.  1.  2.  0.  1.  2.  0.  1.  2.  1.  1.  1.  1.  1.
   2.  1.  0.  1.  0.  2.  2.]
 [ 2.  1.  0.  1.  2.  2.  2.  0.  2.  0.  1.  2.  0.  2.  0.  1.  2.  1.
   1.  1.  0.  2.  2.  1.  2.  2.  1.  2.  2.  1.  1.  1.  1.  1.  2.  1.
   1.  1.  0.  2.  2.  0.  0.]
 [ 1.  1.  0.  2.  0.  0.  0.  1.  2.  1.  0.  0.  2.  1.  1.  1.  2.  2.
   1.  0.  0.  0.  2.  1.  1.  0.  1.  2.  2.  0.  1.  2.  0.  2.  2.  2.
   0.  1.  2.  1.  1.  0.  0.]
 [ 0.  2.  0.  0.  0.  2.  1.  1.  0.  2.  1.  0.  1.  0.  1.  1.  1.  1.
   1.  0.  2.  0.  1.  1.  0.  1.  1.  2.  1.  1.  1.  0.  1.  1.  1.  1.
   2.  1.  2.  1.  0.  1.  1.]
 [ 1.  0.  2.  2.  1.  0.  2.  1.  0.  2.  1.  1.  1.  1.  1.  2.  0.  2.
   0.  1.  1.  0.  1.  1.  0.  0.  1.  2.  2.  1.  1.  2.  1.  2.  1.  1.
   2.  1.  2.  1.  0.  2.  2.]
 [ 1.  0.  0.  2.  0.  2.  0.  1.  0.  0.  1.  0.  2.  2.  2.  0.  2.  2.
   1.  2.  2.  2.  0.  1.  1.  0.  1.  2.  1.  1.  1.  0.  2.  2.  2.  1.
   2.  1.  0.  1.  2.  2.  1.]
 [ 0.  0.  2.  0.  2.  1.  2.  1.  0.  0.  1.  2.  0.  0.  0.  2.  1.  0.
   1.  2.  2.  2.  1.  1.  2.  0.  1.  1.  0.  1.  1.  1.  0.  2.  1.  1.
   0.  1.  2.  1.  2.  0.  1.]
 [ 0.  0.  0.  2.  1.  1.  2.  1.  0.  1.  1.  1.  1.  1.  1.  1.  1.  2.
   1.  1.  0.  0.  1.  0.  2.  2.  1.  1.  1.  1.  1.  1.  0.  0.  0.  1.
   1.  1.  2.  2.  2.  1.  0.]
 [ 0.  2.  2.  0.  1.  1.  0.  1.  2.  1.  2.  1.  2.  2.  0.  1.  0.  0.
   1.  0.  0.  2.  1.  2.  1.  2.  1.  1.  1.  1.  1.  1.  0.  1.  1.  1.
   2.  2.  2.  0.  2.  2.  0.]
 [ 1.  0.  0.  0.  0.  1.  1.  1.  2.  0.  1.  0.  1.  2.  0.  1.  0.  2.
   1.  1.  1.  2.  0.  1.  0.  1.  1.  0.  1.  2.  0.  0.  2.  1.  2.  1.
   2.  1.  2.  1.  2.  0.  1.]
 [ 1.  2.  2.  0.  2.  0.  2.  2.  2.  0.  0.  2.  1.  0.  2.  1.  2.  1.
   2.  1.  0.  2.  0.  1.  2.  2.  1.  2.  1.  1.  1.  1.  0.  0.  0.  1.
   2.  2.  2.  0.  2.  2.  0.]
 [ 1.  0.  2.  1.  0.  1.  2.  1.  0.  2.  2.  0.  1.  1.  1.  1.  0.  1.
   1.  2.  2.  1.  2.  2.  2.  0.  0.  1.  2.  0.  0.  1.  0.  0.  2.  1.
   0.  1.  2.  1.  2.  2.  1.]
 [ 1.  1.  0.  0.  2.  1.  1.  0.  2.  1.  1.  2.  0.  2.  1.  1.  0.  1.
   1.  1.  0.  0.  2.  1.  0.  1.  0.  0.  1.  1.  1.  1.  0.  2.  0.  1.
   0.  1.  2.  0.  0.  2.  0.]
 [ 2.  0.  1.  0.  0.  1.  0.  1.  0.  1.  1.  0.  2.  0.  0.  1.  2.  2.
   1.  1.  0.  1.  1.  1.  2.  2.  1.  1.  1.  1.  2.  1.  2.  1.  2.  1.
   2.  1.  0.  1.  2.  0.  0.]
 [ 0.  2.  2.  2.  1.  0.  0.  1.  0.  0.  1.  1.  0.  2.  2.  1.  0.  0.
   1.  1.  1.  0.  1.  1.  2.  2.  0.  2.  0.  0.  1.  1.  2.  1.  1.  1.
   2.  1.  1.  1.  2.  2.  2.]
 [ 2.  2.  1.  1.  1.  2.  2.  1.  2.  1.  1.  1.  1.  1.  1.  2.  0.  2.
   1.  0.  1.  1.  1.  1.  2.  2.  1.  0.  1.  1.  1.  1.  0.  1.  1.  1.
   0.  1.  2.  1.  0.  2.  0.]
 [ 1.  1.  1.  0.  2.  1.  0.  1.  0.  2.  2.  2.  0.  1.  1.  1.  2.  2.
   1.  1.  0.  2.  1.  1.  0.  0.  2.  1.  1.  1.  1.  1.  2.  1.  0.  1.
   1.  1.  0.  1.  2.  0.  2.]
 [ 1.  1.  2.  0.  0.  2.  0.  1.  0.  1.  0.  0.  1.  1.  0.  1.  2.  2.
   1.  2.  0.  2.  1.  1.  1.  2.  1.  1.  1.  2.  2.  1.  2.  1.  1.  1.
   0.  1.  2.  1.  0.  2.  0.]
 [ 1.  1.  2.  2.  2.  0.  1.  1.  0.  1.  0.  2.  1.  0.  0.  1.  0.  1.
   1.  2.  0.  1.  1.  1.  2.  0.  0.  1.  0.  1.  0.  1.  2.  2.  1.  1.
   2.  1.  2.  0.  2.  1.  0.]
 [ 1.  2.  0.  1.  0.  1.  0.  1.  2.  2.  2.  0.  0.  1.  0.  0.  2.  0.
   1.  1.  1.  2.  0.  1.  1.  2.  1.  1.  1.  1.  1.  1.  0.  1.  1.  1.
   0.  1.  0.  1.  2.  2.  1.]
 [ 1.  0.  1.  0.  0.  1.  0.  1.  2.  0.  2.  0.  0.  0.  0.  1.  1.  2.
   2.  1.  2.  0.  2.  1.  0.  2.  1.  0.  1.  1.  2.  1.  1.  2.  2.  1.
   2.  1.  1.  1.  2.  2.  0.]
 [ 1.  2.  2.  2.  2.  1.  2.  2.  2.  1.  2.  2.  2.  1.  1.  1.  0.  0.
   0.  1.  2.  1.  0.  1.  0.  1.  2.  0.  1.  1.  1.  2.  0.  2.  1.  1.
   0.  1.  0.  1.  2.  2.  0.]
 [ 0.  1.  0.  0.  0.  0.  2.  1.  0.  1.  0.  0.  2.  2.  0.  1.  1.  2.
   1.  1.  1.  1.  1.  1.  0.  1.  1.  2.  1.  1.  1.  0.  2.  2.  0.  1.
   1.  1.  0.  1.  0.  0.  2.]
 [ 1.  1.  1.  2.  0.  0.  1.  1.  2.  0.  2.  0.  1.  0.  0.  0.  0.  0.
   2.  0.  2.  0.  1.  2.  0.  1.  1.  2.  1.  0.  2.  1.  1.  0.  1.  1.
   2.  1.  1.  2.  0.  1.  2.]
 [ 2.  1.  2.  2.  1.  2.  2.  2.  0.  0.  0.  1.  1.  1.  2.  1.  2.  0.
   2.  1.  2.  1.  0.  1.  2.  1.  1.  1.  1.  1.  0.  2.  1.  2.  2.  1.
   2.  1.  1.  2.  1.  2.  0.]
 [ 1.  2.  2.  1.  0.  0.  1.  0.  2.  2.  0.  0.  1.  1.  0.  0.  0.  1.
   2.  1.  1.  2.  2.  1.  1.  0.  1.  1.  0.  0.  1.  2.  0.  1.  1.  1.
   2.  1.  2.  2.  2.  0.  0.]
 [ 1.  0.  1.  1.  2.  1.  0.  0.  0.  0.  0.  2.  1.  1.  0.  1.  0.  0.
   1.  1.  0.  1.  1.  1.  1.  2.  1.  1.  1.  1.  1.  1.  1.  1.  0.  1.
   2.  1.  0.  1.  2.  0.  2.]
 [ 1.  1.  0.  2.  0.  0.  2.  1.  0.  1.  2.  0.  2.  1.  1.  1.  2.  0.
   0.  1.  0.  0.  1.  1.  1.  0.  1.  1.  1.  1.  0.  1.  2.  0.  1.  1.
   0.  1.  0.  0.  2.  2.  0.]
 [ 2.  2.  1.  0.  0.  2.  0.  0.  2.  1.  0.  0.  1.  1.  1.  1.  1.  0.
   2.  2.  1.  1.  1.  2.  1.  2.  1.  1.  1.  1.  2.  1.  0.  2.  1.  1.
   0.  1.  2.  2.  2.  0.  2.]
 [ 2.  2.  2.  0.  2.  1.  2.  1.  0.  1.  2.  2.  2.  1.  2.  1.  1.  2.
   2.  1.  0.  2.  1.  2.  0.  1.  1.  1.  1.  1.  1.  1.  2.  1.  2.  1.
   0.  1.  2.  0.  0.  0.  0.]
 [ 2.  1.  1.  2.  2.  1.  0.  1.  0.  2.  0.  2.  1.  1.  1.  1.  2.  2.
   0.  2.  1.  1.  1.  1.  0.  1.  1.  1.  1.  1.  2.  1.  0.  0.  0.  2.
   0.  0.  2.  2.  0.  2.  1.]
 [ 2.  1.  0.  2.  0.  2.  2.  1.  2.  1.  0.  0.  2.  0.  1.  1.  2.  0.
   0.  0.  0.  2.  1.  2.  1.  1.  1.  1.  1.  1.  0.  1.  0.  2.  2.  2.
   1.  2.  0.  1.  2.  1.  2.]
 [ 2.  1.  1.  0.  1.  1.  1.  1.  2.  0.  2.  1.  2.  1.  1.  1.  1.  0.
   2.  2.  0.  1.  1.  1.  2.  0.  1.  1.  1.  1.  1.  1.  2.  1.  1.  1.
   0.  1.  2.  1.  0.  2.  1.]
 [ 1.  1.  1.  2.  2.  1.  2.  0.  2.  2.  2.  2.  0.  1.  1.  1.  0.  1.
   1.  0.  0.  2.  1.  1.  1.  1.  1.  1.  1.  1.  1.  1.  2.  2.  1.  1.
   2.  1.  1.  0.  1.  0.  2.]
 [ 1.  1.  0.  2.  0.  1.  1.  0.  0.  1.  2.  0.  1.  2.  1.  1.  1.  1.
   2.  2.  1.  1.  1.  1.  1.  1.  1.  1.  1.  1.  2.  1.  2.  1.  1.  1.
   0.  1.  2.  1.  0.  1.  1.]
 [ 0.  0.  1.  1.  2.  1.  2.  2.  2.  1.  0.  2.  2.  1.  1.  0.  2.  0.
   0.  2.  2.  1.  1.  1.  1.  1.  1.  1.  1.  1.  1.  1.  2.  0.  1.  1.
   0.  0.  0.  1.  1.  0.  0.]
 [ 2.  0.  2.  1.  2.  1.  1.  0.  0.  1.  0.  2.  0.  1.  0.  1.  0.  0.
   1.  1.  2.  2.  2.  1.  1.  1.  1.  1.  1.  1.  1.  1.  2.  0.  1.  1.
   0.  0.  2.  1.  0.  2.  0.]
 [ 0.  2.  2.  0.  2.  1.  1.  2.  2.  1.  2.  2.  1.  1.  1.  1.  0.  2.
   0.  1.  1.  0.  1.  1.  0.  1.  1.  1.  1.  2.  1.  1.  0.  1.  1.  1.
   2.  2.  1.  1.  2.  0.  0.]
 [ 0.  0.  0.  1.  0.  0.  2.  2.  2.  1.  0.  0.  2.  1.  2.  2.  2.  2.
   2.  0.  2.  0.  1.  1.  0.  0.  1.  1.  1.  1.  1.  1.  0.  1.  1.  0.
   0.  0.  0.  2.  0.  2.  0.]
 [ 0.  1.  2.  1.  2.  2.  2.  0.  0.  1.  0.  2.  0.  1.  0.  0.  2.  2.
   2.  1.  1.  1.  1.  0.  1.  1.  1.  1.  1.  0.  2.  1.  0.  0.  2.  1.
   2.  2.  0.  1.  0.  2.  0.]
 [ 2.  2.  2.  2.  0.  1.  0.  2.  0.  1.  0.  0.  1.  1.  1.  2.  0.  0.
   2.  0.  1.  1.  1.  1.  2.  1.  1.  1.  2.  2.  2.  0.  0.  2.  2.  1.
   2.  1.  0.  1.  2.  2.  2.]
 [ 0.  1.  0.  2.  2.  1.  2.  0.  2.  0.  1.  2.  0.  1.  1.  0.  2.  0.
   1.  0.  0.  1.  1.  1.  0.  1.  1.  1.  1.  0.  2.  1.  0.  2.  0.  1.
   0.  2.  2.  1.  0.  0.  2.]
 [ 0.  1.  1.  1.  2.  1.  2.  2.  0.  1.  1.  2.  1.  1.  0.  0.  0.  0.
   1.  0.  0.  2.  1.  1.  1.  2.  1.  1.  1.  1.  0.  1.  2.  2.  1.  1.
   2.  1.  2.  1.  2.  1.  0.]
 [ 2.  1.  0.  1.  0.  2.  0.  1.  0.  0.  0.  0.  0.  1.  1.  0.  2.  2.
   0.  2.  2.  0.  1.  2.  1.  0.  1.  1.  2.  1.  0.  1.  2.  1.  2.  1.
   0.  1.  0.  1.  1.  1.  0.]
 [ 2.  2.  0.  1.  2.  2.  0.  1.  0.  1.  0.  2.  0.  1.  1.  1.  0.  2.
   0.  2.  2.  1.  1.  1.  2.  2.  1.  1.  1.  0.  1.  1.  0.  1.  1.  1.
   2.  0.  1.  1.  0.  1.  2.]
 [ 2.  0.  0.  1.  2.  0.  0.  1.  0.  1.  0.  2.  0.  1.  1.  1.  2.  2.
   1.  1.  2.  1.  0.  1.  0.  2.  1.  1.  1.  2.  0.  1.  2.  1.  1.  1.
   2.  0.  1.  1.  2.  1.  1.]
 [ 0.  1.  2.  0.  0.  0.  2.  2.  0.  1.  0.  0.  1.  2.  2.  1.  0.  1.
   1.  2.  2.  1.  2.  1.  2.  1.  1.  1.  1.  1.  0.  1.  0.  0.  0.  1.
   2.  0.  0.  1.  0.  1.  0.]
 [ 1.  1.  0.  0.  0.  1.  2.  0.  0.  1.  2.  0.  2.  1.  1.  1.  2.  2.
   2.  2.  2.  1.  0.  1.  1.  0.  1.  1.  0.  2.  0.  1.  2.  1.  2.  1.
   0.  0.  0.  1.  0.  0.  2.]
 [ 2.  0.  0.  1.  0.  0.  0.  1.  0.  1.  2.  0.  0.  0.  2.  1.  2.  0.
   1.  2.  0.  1.  1.  1.  1.  1.  1.  1.  0.  1.  1.  1.  2.  0.  0.  1.
   2.  0.  2.  1.  2.  2.  0.]
 [ 0.  0.  2.  1.  2.  1.  0.  0.  0.  0.  2.  2.  0.  0.  1.  1.  2.  1.
   1.  0.  2.  1.  1.  1.  2.  2.  2.  1.  2.  2.  0.  1.  0.  0.  2.  1.
   1.  0.  0.  0.  0.  0.  2.]
 [ 2.  1.  1.  1.  0.  1.  0.  2.  0.  2.  0.  0.  2.  0.  0.  0.  2.  0.
   1.  1.  0.  0.  2.  0.  0.  1.  2.  1.  1.  0.  1.  1.  0.  2.  0.  1.
   0.  0.  2.  2.  2.  1.  0.]
 [ 0.  2.  0.  2.  0.  0.  2.  1.  2.  2.  2.  0.  1.  2.  0.  1.  0.  0.
   1.  0.  2.  2.  1.  1.  0.  0.  2.  1.  1.  2.  1.  1.  2.  0.  1.  1.
   2.  2.  2.  1.  0.  2.  2.]
 [ 2.  0.  0.  1.  2.  1.  1.  2.  2.  1.  1.  2.  2.  2.  1.  1.  0.  2.
   1.  0.  0.  2.  1.  0.  2.  0.  2.  1.  1.  1.  0.  1.  0.  2.  2.  1.
   1.  2.  2.  1.  0.  0.  1.]
 [ 0.  2.  0.  2.  1.  2.  2.  0.  0.  0.  2.  1.  1.  0.  1.  2.  1.  1.
   0.  0.  0.  1.  1.  1.  2.  2.  1.  1.  1.  0.  2.  1.  0.  2.  0.  1.
   2.  2.  0.  1.  0.  0.  2.]
 [ 2.  0.  0.  2.  2.  1.  1.  1.  0.  1.  0.  2.  0.  0.  1.  1.  0.  0.
   1.  2.  2.  2.  1.  2.  0.  1.  1.  1.  1.  1.  1.  1.  2.  1.  1.  1.
   2.  2.  2.  1.  0.  2.  2.]
 [ 0.  0.  2.  1.  2.  0.  1.  1.  0.  2.  2.  2.  0.  0.  1.  0.  2.  0.
   1.  0.  1.  1.  1.  1.  0.  1.  1.  1.  1.  2.  0.  1.  2.  1.  1.  1.
   2.  2.  0.  1.  2.  1.  2.]
 [ 0.  2.  2.  0.  2.  1.  0.  1.  2.  1.  2.  2.  2.  2.  0.  2.  2.  2.
   1.  2.  1.  1.  1.  0.  0.  1.  1.  1.  1.  1.  2.  1.  1.  1.  1.  1.
   0.  2.  2.  1.  0.  2.  0.]
 [ 0.  0.  2.  1.  0.  2.  2.  2.  2.  1.  2.  0.  2.  0.  1.  2.  2.  2.
   2.  0.  2.  1.  1.  0.  2.  1.  1.  1.  1.  2.  2.  1.  2.  1.  1.  1.
   0.  1.  1.  1.  0.  0.  2.]
 [ 2.  0.  1.  2.  0.  1.  0.  1.  2.  0.  0.  0.  1.  2.  2.  1.  0.  2.
   2.  2.  0.  2.  1.  0.  0.  2.  1.  1.  1.  1.  0.  1.  2.  1.  2.  1.
   0.  0.  2.  1.  2.  1.  0.]
 [ 1.  2.  2.  0.  0.  2.  2.  2.  2.  2.  1.  0.  0.  0.  0.  2.  2.  0.
   0.  0.  2.  1.  1.  0.  0.  0.  1.  1.  1.  0.  1.  1.  0.  0.  0.  1.
   0.  2.  0.  1.  1.  2.  0.]
 [ 1.  2.  0.  2.  0.  1.  0.  2.  2.  1.  0.  0.  2.  2.  1.  1.  1.  1.
   2.  0.  2.  1.  1.  0.  1.  1.  0.  1.  0.  2.  2.  1.  1.  1.  1.  1.
   0.  1.  2.  1.  1.  0.  2.]
 [ 1.  0.  2.  2.  2.  2.  1.  2.  2.  1.  1.  2.  1.  1.  1.  1.  0.  1.
   0.  0.  0.  1.  1.  0.  0.  1.  1.  1.  1.  1.  1.  1.  2.  2.  2.  1.
   1.  2.  0.  0.  0.  1.  0.]
 [ 1.  2.  2.  0.  2.  1.  2.  0.  2.  1.  2.  2.  2.  1.  2.  0.  2.  2.
   0.  0.  2.  2.  1.  1.  1.  2.  1.  1.  1.  2.  0.  1.  1.  1.  0.  1.
   2.  2.  2.  1.  2.  0.  1.]
 [ 1.  2.  0.  2.  2.  1.  2.  1.  2.  1.  0.  2.  2.  2.  1.  1.  1.  2.
   0.  0.  1.  0.  1.  0.  0.  2.  1.  1.  1.  2.  1.  1.  0.  2.  2.  1.
   2.  1.  2.  1.  2.  2.  0.]
 [ 2.  1.  2.  0.  1.  0.  1.  1.  0.  0.  2.  1.  1.  1.  2.  0.  0.  0.
   2.  2.  2.  1.  1.  0.  2.  0.  1.  2.  1.  1.  1.  1.  1.  0.  2.  1.
   0.  2.  2.  1.  2.  1.  0.]
 [ 0.  1.  2.  0.  0.  2.  2.  2.  1.  1.  0.  0.  1.  2.  1.  0.  1.  1.
   1.  1.  0.  1.  1.  2.  0.  2.  1.  1.  1.  2.  2.  1.  2.  1.  1.  1.
   0.  1.  1.  1.  2.  0.  1.]
 [ 2.  2.  2.  0.  0.  0.  0.  0.  2.  2.  1.  0.  1.  1.  0.  0.  0.  0.
   1.  1.  1.  1.  1.  2.  0.  2.  1.  1.  1.  1.  1.  1.  2.  1.  0.  1.
   1.  0.  2.  2.  2.  2.  1.]
 [ 1.  0.  2.  2.  2.  1.  2.  0.  0.  2.  2.  2.  1.  1.  1.  0.  0.  0.
   1.  0.  1.  1.  1.  2.  0.  0.  1.  1.  1.  0.  2.  1.  0.  1.  1.  2.
   0.  1.  0.  1.  0.  1.  2.]
 [ 0.  2.  2.  1.  0.  2.  0.  1.  0.  1.  0.  0.  1.  2.  2.  0.  0.  0.
   1.  1.  2.  1.  1.  1.  2.  0.  1.  1.  1.  2.  0.  1.  2.  1.  1.  0.
   0.  1.  2.  1.  2.  0.  0.]
 [ 0.  2.  0.  1.  0.  2.  1.  0.  1.  1.  2.  0.  1.  0.  0.  2.  0.  0.
   1.  2.  0.  1.  1.  1.  0.  1.  1.  1.  1.  1.  1.  1.  2.  0.  1.  2.
   0.  2.  2.  1.  0.  2.  2.]
 [ 1.  2.  2.  0.  1.  1.  2.  1.  0.  1.  1.  1.  2.  2.  0.  2.  1.  2.
   0.  0.  0.  1.  1.  1.  2.  2.  1.  1.  1.  1.  2.  1.  0.  1.  1.  0.
   0.  2.  0.  1.  2.  2.  1.]
 [ 2.  2.  2.  2.  0.  2.  0.  1.  2.  1.  0.  0.  0.  1.  1.  1.  0.  0.
   2.  0.  0.  1.  1.  1.  0.  0.  1.  1.  1.  1.  0.  1.  1.  1.  1.  2.
   2.  2.  2.  2.  0.  1.  1.]
 [ 1.  2.  0.  0.  2.  0.  2.  1.  1.  2.  2.  2.  0.  0.  1.  0.  2.  0.
   0.  2.  2.  1.  1.  1.  2.  0.  1.  1.  1.  1.  0.  1.  2.  1.  1.  0.
   2.  0.  0.  1.  0.  2.  0.]
 [ 0.  0.  0.  2.  1.  1.  0.  0.  0.  1.  2.  1.  2.  1.  0.  1.  2.  2.
   0.  2.  1.  0.  1.  1.  2.  2.  1.  1.  1.  0.  2.  1.  2.  1.  1.  2.
   1.  1.  0.  0.  0.  0.  2.]
 [ 0.  2.  1.  2.  2.  0.  2.  1.  1.  2.  0.  2.  2.  2.  0.  1.  0.  2.
   2.  2.  1.  0.  1.  1.  2.  2.  0.  1.  1.  2.  1.  1.  2.  1.  1.  2.
   0.  2.  1.  2.  0.  0.  1.]
 [ 2.  2.  0.  0.  2.  2.  1.  1.  2.  0.  0.  2.  2.  1.  2.  1.  0.  0.
   0.  0.  0.  0.  1.  2.  0.  0.  2.  1.  1.  1.  0.  1.  0.  0.  1.  0.
   0.  1.  0.  1.  0.  2.  2.]
 [ 1.  1.  1.  2.  0.  0.  0.  1.  0.  1.  2.  0.  0.  2.  1.  0.  2.  2.
   1.  2.  2.  1.  1.  2.  1.  0.  1.  1.  1.  0.  0.  1.  1.  1.  1.  0.
   2.  1.  2.  2.  0.  0.  2.]
 [ 0.  0.  0.  1.  0.  2.  0.  1.  0.  1.  2.  0.  0.  2.  0.  1.  2.  0.
   0.  1.  1.  1.  1.  2.  2.  0.  0.  1.  1.  1.  2.  1.  1.  0.  0.  0.
   2.  1.  1.  1.  0.  0.  1.]
 [ 1.  1.  2.  2.  2.  2.  2.  0.  1.  1.  2.  2.  2.  1.  0.  2.  0.  2.
   0.  0.  2.  1.  1.  0.  0.  1.  1.  1.  1.  1.  1.  1.  1.  2.  2.  1.
   2.  0.  1.  1.  2.  2.  0.]
 [ 0.  0.  0.  0.  0.  0.  0.  1.  1.  0.  0.  0.  0.  1.  1.  0.  2.  1.
   2.  2.  2.  1.  1.  0.  2.  0.  0.  1.  1.  1.  1.  1.  1.  1.  0.  0.
   0.  0.  1.  1.  2.  2.  2.]
 [ 2.  1.  2.  1.  2.  2.  2.  1.  1.  1.  2.  2.  0.  2.  0.  1.  2.  0.
   0.  2.  0.  1.  0.  0.  0.  1.  1.  1.  1.  1.  2.  1.  2.  2.  2.  2.
   2.  1.  0.  1.  0.  0.  1.]
 [ 1.  0.  0.  1.  1.  0.  1.  2.  2.  1.  0.  1.  0.  1.  1.  1.  0.  2.
   2.  2.  2.  1.  1.  2.  1.  0.  1.  1.  1.  1.  0.  1.  0.  2.  1.  0.
   0.  1.  0.  1.  0.  0.  2.]
 [ 2.  1.  2.  1.  0.  0.  2.  1.  1.  0.  1.  0.  1.  0.  1.  2.  2.  2.
   1.  2.  2.  2.  1.  2.  0.  1.  1.  1.  1.  1.  1.  1.  0.  1.  0.  2.
   0.  1.  2.  1.  1.  0.  2.]
 [ 1.  1.  2.  0.  0.  0.  0.  1.  0.  2.  2.  0.  1.  1.  1.  0.  0.  0.
   2.  2.  2.  2.  1.  0.  1.  2.  0.  1.  1.  1.  2.  1.  0.  1.  1.  0.
   0.  2.  2.  0.  2.  0.  2.]
 [ 1.  2.  0.  2.  2.  0.  1.  1.  2.  1.  2.  2.  1.  1.  0.  0.  0.  2.
   2.  0.  0.  1.  1.  2.  2.  1.  2.  1.  1.  2.  0.  1.  1.  1.  2.  2.
   0.  2.  1.  2.  2.  2.  0.]
 [ 1.  0.  0.  0.  0.  2.  0.  1.  1.  1.  0.  0.  1.  1.  2.  0.  2.  0.
   2.  2.  2.  0.  1.  1.  0.  1.  1.  1.  1.  2.  1.  1.  1.  0.  1.  0.
   1.  0.  0.  1.  2.  2.  0.]
 [ 0.  1.  0.  2.  2.  2.  1.  1.  0.  2.  0.  2.  0.  1.  1.  1.  0.  0.
   0.  2.  2.  0.  1.  2.  0.  1.  0.  1.  1.  1.  2.  1.  2.  0.  1.  0.
   2.  0.  0.  1.  2.  0.  2.]
 [ 1.  2.  1.  1.  2.  0.  2.  1.  1.  1.  0.  2.  1.  0.  1.  1.  0.  0.
   1.  0.  0.  1.  1.  0.  1.  2.  2.  1.  1.  1.  1.  1.  2.  2.  1.  2.
   0.  2.  0.  0.  0.  1.  0.]
 [ 1.  0.  2.  2.  0.  0.  1.  1.  1.  1.  0.  0.  1.  2.  2.  2.  0.  2.
   2.  2.  0.  1.  1.  2.  0.  1.  2.  1.  1.  1.  1.  1.  2.  1.  1.  0.
   1.  0.  0.  1.  0.  2.  2.]
 [ 1.  0.  1.  2.  2.  2.  0.  2.  0.  2.  2.  2.  1.  1.  1.  0.  0.  2.
   0.  2.  1.  1.  1.  2.  1.  1.  2.  1.  1.  1.  1.  1.  2.  0.  1.  2.
   2.  0.  2.  0.  2.  0.  1.]
 [ 1.  0.  2.  0.  0.  0.  1.  2.  2.  2.  0.  0.  2.  1.  2.  0.  2.  0.
   1.  1.  0.  2.  1.  0.  0.  1.  2.  1.  2.  1.  1.  1.  0.  2.  1.  2.
   1.  2.  2.  0.  2.  2.  0.]
 [ 1.  1.  2.  2.  2.  1.  1.  2.  1.  0.  0.  2.  0.  1.  2.  2.  0.  2.
   1.  1.  0.  0.  1.  2.  2.  2.  2.  1.  1.  1.  2.  1.  2.  1.  0.  1.
   1.  1.  2.  2.  0.  0.  1.]
 [ 1.  1.  2.  2.  0.  0.  0.  2.  1.  2.  1.  0.  0.  1.  1.  1.  0.  2.
   0.  1.  0.  0.  1.  0.  0.  1.  2.  1.  1.  1.  1.  1.  2.  0.  1.  2.
   1.  0.  0.  0.  2.  2.  0.]
 [ 2.  1.  2.  1.  2.  0.  2.  1.  1.  0.  2.  2.  1.  2.  2.  1.  0.  2.
   1.  1.  2.  0.  1.  0.  0.  1.  2.  1.  2.  1.  1.  1.  2.  2.  2.  1.
   1.  2.  0.  2.  2.  2.  0.]
 [ 1.  2.  1.  0.  2.  0.  1.  0.  1.  1.  2.  2.  2.  0.  0.  2.  2.  0.
   1.  1.  2.  2.  1.  2.  0.  1.  0.  1.  1.  1.  2.  1.  2.  0.  1.  0.
   0.  0.  1.  1.  2.  2.  2.]
 [ 1.  0.  2.  2.  0.  2.  1.  0.  1.  1.  1.  0.  2.  1.  2.  1.  0.  0.
   2.  1.  0.  0.  1.  0.  0.  1.  1.  1.  1.  0.  0.  1.  2.  1.  1.  1.
   2.  1.  2.  0.  0.  2.  2.]
 [ 1.  2.  0.  2.  1.  0.  1.  2.  1.  1.  1.  1.  0.  2.  1.  2.  0.  2.
   1.  1.  2.  2.  1.  1.  1.  1.  1.  1.  1.  0.  1.  1.  2.  2.  1.  2.
   2.  2.  2.  0.  2.  1.  2.]
 [ 1.  2.  2.  0.  0.  1.  0.  0.  1.  1.  0.  0.  0.  1.  2.  1.  2.  2.
   0.  1.  1.  2.  1.  2.  1.  1.  1.  1.  1.  1.  1.  1.  2.  1.  1.  2.
   0.  1.  2.  1.  2.  2.  0.]
 [ 1.  1.  0.  1.  0.  0.  2.  2.  2.  2.  2.  0.  2.  1.  1.  2.  2.  1.
   0.  1.  2.  0.  1.  0.  1.  1.  2.  1.  1.  1.  1.  1.  0.  1.  2.  1.
   1.  1.  0.  0.  0.  1.  0.]
 [ 1.  1.  0.  1.  2.  0.  1.  0.  1.  1.  0.  2.  0.  1.  0.  1.  2.  0.
   2.  1.  1.  0.  1.  1.  0.  0.  2.  1.  1.  2.  1.  1.  2.  1.  1.  1.
   2.  1.  2.  2.  2.  0.  0.]
 [ 0.  1.  2.  0.  2.  2.  1.  2.  1.  2.  0.  2.  2.  1.  1.  2.  2.  1.
   2.  1.  2.  2.  1.  2.  0.  0.  0.  1.  1.  2.  2.  1.  2.  1.  1.  1.
   2.  2.  1.  0.  2.  0.  2.]
 [ 1.  1.  1.  0.  2.  0.  0.  0.  1.  0.  2.  2.  2.  1.  1.  1.  0.  0.
   0.  1.  0.  0.  1.  2.  2.  1.  0.  1.  1.  1.  1.  1.  0.  1.  1.  1.
   2.  2.  2.  1.  0.  1.  0.]
 [ 1.  0.  0.  0.  2.  2.  0.  2.  1.  0.  0.  2.  0.  2.  2.  1.  0.  1.
   1.  1.  2.  2.  1.  1.  0.  2.  2.  1.  1.  1.  1.  1.  2.  2.  2.  1.
   2.  1.  1.  1.  2.  2.  0.]
 [ 0.  0.  2.  1.  1.  2.  2.  0.  1.  1.  0.  1.  1.  1.  0.  0.  2.  0.
   1.  1.  0.  2.  1.  0.  2.  2.  0.  1.  1.  1.  2.  1.  2.  1.  2.  1.
   0.  2.  0.  1.  0.  1.  1.]
 [ 1.  2.  1.  1.  0.  2.  0.  2.  1.  0.  1.  0.  0.  2.  1.  0.  2.  2.
   1.  1.  0.  0.  1.  2.  2.  2.  1.  1.  1.  1.  1.  1.  2.  1.  0.  1.
   0.  1.  0.  1.  2.  1.  0.]
 [ 0.  2.  1.  2.  2.  2.  0.  2.  2.  1.  1.  2.  1.  1.  1.  2.  0.  1.
   2.  1.  0.  0.  1.  0.  1.  2.  1.  1.  1.  1.  0.  1.  2.  1.  1.  1.
   2.  2.  2.  0.  2.  0.  2.]
 [ 2.  0.  1.  1.  0.  1.  0.  0.  1.  1.  0.  0.  1.  1.  2.  1.  0.  2.
   1.  1.  1.  0.  1.  2.  0.  1.  1.  1.  1.  1.  2.  1.  2.  1.  0.  2.
   0.  1.  2.  1.  0.  2.  0.]
 [ 1.  2.  0.  2.  0.  0.  0.  2.  1.  1.  1.  0.  2.  1.  1.  1.  0.  0.
   1.  1.  2.  0.  1.  2.  0.  1.  1.  1.  1.  1.  2.  1.  2.  1.  1.  1.
   0.  2.  2.  1.  0.  0.  1.]
 [ 0.  1.  2.  0.  2.  0.  2.  0.  1.  2.  1.  2.  2.  0.  2.  1.  1.  1.
   1.  1.  1.  2.  1.  2.  0.  0.  2.  1.  1.  1.  0.  1.  1.  2.  1.  1.
   2.  2.  0.  1.  2.  0.  1.]
 [ 2.  2.  0.  2.  1.  2.  1.  0.  1.  0.  2.  1.  0.  0.  1.  1.  0.  1.
   0.  1.  1.  0.  1.  2.  2.  1.  1.  1.  1.  1.  0.  1.  1.  1.  0.  1.
   0.  2.  0.  0.  0.  2.  0.]
 [ 0.  0.  1.  0.  1.  1.  0.  1.  1.  1.  1.  1.  2.  1.  0.  1.  0.  1.
   0.  1.  2.  1.  1.  2.  2.  0.  2.  1.  1.  1.  2.  1.  1.  1.  1.  1.
   2.  0.  1.  2.  0.  2.  0.]
 [ 2.  2.  1.  1.  2.  0.  2.  2.  1.  0.  1.  2.  1.  1.  1.  0.  2.  1.
   2.  1.  2.  2.  1.  2.  2.  2.  2.  0.  1.  1.  1.  1.  0.  1.  1.  1.
   2.  0.  1.  1.  2.  0.  2.]
 [ 0.  1.  2.  0.  2.  0.  1.  2.  2.  1.  1.  2.  1.  2.  1.  1.  1.  1.
   0.  2.  0.  0.  2.  0.  2.  1.  0.  1.  1.  2.  1.  1.  0.  1.  1.  1.
   2.  0.  0.  0.  0.  1.  0.]
 [ 0.  0.  2.  1.  0.  2.  2.  1.  2.  1.  1.  0.  1.  0.  1.  2.  2.  1.
   2.  2.  2.  2.  1.  2.  0.  1.  0.  1.  0.  1.  2.  1.  0.  2.  1.  0.
   1.  1.  0.  1.  2.  1.  0.]
 [ 0.  2.  2.  1.  2.  0.  0.  0.  1.  2.  1.  2.  1.  1.  2.  0.  1.  1.
   1.  0.  2.  2.  2.  0.  1.  1.  1.  1.  1.  1.  1.  1.  2.  0.  1.  1.
   1.  0.  2.  2.  2.  0.  2.]
 [ 0.  1.  0.  2.  0.  2.  2.  1.  2.  1.  1.  0.  0.  0.  1.  1.  2.  1.
   0.  1.  2.  2.  1.  1.  1.  1.  1.  1.  1.  1.  0.  1.  0.  0.  1.  0.
   0.  1.  1.  2.  2.  2.  0.]
 [ 2.  2.  2.  0.  2.  2.  2.  0.  1.  1.  0.  2.  0.  2.  1.  2.  0.  2.
   1.  1.  2.  2.  1.  2.  1.  2.  1.  1.  1.  1.  1.  1.  1.  2.  1.  1.
   0.  2.  0.  0.  0.  1.  2.]
 [ 2.  2.  0.  1.  1.  0.  2.  0.  1.  0.  1.  1.  0.  1.  1.  1.  2.  1.
   2.  2.  0.  2.  1.  1.  0.  2.  2.  1.  1.  1.  2.  1.  2.  0.  2.  1.
   2.  2.  0.  1.  2.  2.  2.]
 [ 2.  1.  1.  1.  2.  0.  1.  2.  1.  1.  0.  2.  0.  1.  1.  1.  2.  1.
   2.  1.  0.  2.  1.  0.  2.  1.  2.  1.  0.  1.  1.  2.  2.  1.  1.  1.
   2.  0.  1.  1.  0.  0.  0.]
 [ 2.  1.  0.  1.  0.  0.  0.  2.  1.  1.  1.  0.  0.  1.  1.  1.  0.  2.
   2.  1.  2.  0.  1.  0.  2.  0.  0.  1.  0.  2.  1.  1.  2.  2.  1.  1.
   2.  1.  2.  1.  2.  1.  2.]
 [ 2.  1.  0.  2.  1.  2.  2.  0.  0.  0.  1.  1.  0.  2.  1.  0.  2.  0.
   0.  0.  2.  0.  1.  0.  1.  1.  1.  1.  1.  0.  2.  1.  0.  0.  1.  0.
   2.  2.  2.  1.  1.  0.  2.]
 [ 0.  0.  0.  1.  2.  1.  0.  1.  2.  1.  1.  2.  0.  0.  0.  2.  0.  0.
   2.  1.  1.  2.  1.  0.  0.  1.  1.  1.  1.  1.  2.  1.  0.  2.  1.  2.
   2.  1.  1.  1.  0.  2.  2.]
 [ 2.  1.  1.  0.  0.  2.  0.  1.  1.  2.  1.  0.  0.  2.  0.  1.  2.  0.
   1.  2.  2.  0.  1.  2.  1.  1.  0.  1.  1.  1.  2.  1.  0.  1.  0.  1.
   0.  1.  1.  1.  0.  0.  0.]
 [ 0.  1.  2.  0.  2.  2.  2.  2.  0.  1.  0.  2.  2.  1.  0.  2.  2.  2.
   2.  1.  0.  2.  1.  2.  1.  0.  0.  1.  1.  2.  1.  1.  2.  1.  1.  1.
   1.  1.  2.  0.  2.  2.  0.]
 [ 0.  1.  0.  2.  1.  1.  0.  2.  2.  2.  1.  1.  0.  2.  0.  0.  2.  2.
   2.  2.  1.  2.  2.  0.  1.  1.  2.  1.  1.  0.  2.  1.  2.  1.  2.  0.
   2.  1.  2.  2.  2.  2.  0.]
 [ 0.  0.  0.  1.  0.  2.  1.  0.  1.  1.  1.  0.  2.  0.  1.  2.  0.  1.
   2.  1.  2.  2.  2.  0.  2.  2.  0.  1.  1.  0.  2.  1.  2.  1.  2.  1.
   2.  1.  2.  1.  2.  0.  0.]
 [ 2.  1.  2.  1.  2.  1.  2.  0.  0.  0.  1.  2.  1.  1.  2.  2.  1.  0.
   1.  0.  1.  0.  1.  1.  1.  1.  0.  1.  1.  0.  0.  1.  0.  2.  0.  1.
   0.  1.  2.  0.  0.  0.  0.]
 [ 1.  1.  0.  1.  2.  1.  1.  1.  1.  1.  1.  2.  0.  0.  1.  2.  0.  0.
   0.  1.  0.  0.  1.  0.  1.  2.  2.  1.  1.  1.  2.  1.  0.  2.  2.  1.
   2.  1.  0.  2.  2.  0.  0.]
 [ 2.  2.  0.  2.  1.  0.  1.  2.  1.  0.  0.  1.  2.  1.  0.  0.  2.  0.
   2.  2.  2.  2.  1.  1.  2.  0.  2.  1.  1.  1.  2.  1.  0.  1.  0.  1.
   0.  0.  1.  0.  0.  0.  2.]
 [ 0.  0.  0.  2.  1.  2.  1.  1.  2.  2.  1.  1.  2.  2.  1.  0.  1.  1.
   0.  1.  1.  2.  1.  1.  2.  1.  2.  1.  1.  1.  2.  1.  0.  1.  1.  1.
   0.  1.  2.  2.  0.  1.  0.]
 [ 1.  1.  2.  2.  1.  0.  1.  2.  1.  1.  1.  1.  1.  2.  0.  2.  0.  1.
   2.  2.  0.  2.  1.  1.  1.  0.  1.  1.  1.  1.  0.  1.  0.  2.  1.  1.
   2.  1.  0.  1.  2.  1.  2.]
 [ 2.  1.  0.  0.  1.  2.  1.  0.  1.  1.  1.  1.  0.  0.  0.  0.  0.  1.
   0.  1.  1.  0.  1.  1.  0.  2.  0.  1.  1.  1.  0.  1.  0.  1.  1.  1.
   1.  2.  0.  0.  2.  2.  2.]
 [ 0.  1.  1.  1.  1.  1.  0.  0.  1.  1.  1.  1.  0.  1.  1.  2.  2.  1.
   2.  1.  2.  2.  1.  1.  2.  1.  2.  1.  1.  1.  0.  1.  2.  0.  1.  1.
   0.  1.  2.  0.  2.  2.  2.]
 [ 1.  0.  1.  1.  0.  0.  2.  2.  1.  1.  1.  0.  0.  1.  1.  2.  0.  0.
   0.  1.  1.  0.  1.  1.  0.  1.  2.  1.  1.  1.  1.  1.  0.  0.  1.  1.
   2.  1.  2.  1.  0.  0.  0.]
 [ 0.  2.  2.  1.  1.  2.  1.  1.  2.  0.  1.  1.  2.  2.  0.  0.  0.  1.
   2.  1.  2.  2.  1.  1.  0.  1.  0.  1.  1.  1.  2.  1.  0.  1.  1.  1.
   2.  2.  2.  0.  0.  0.  0.]
 [ 0.  0.  2.  0.  1.  0.  0.  0.  0.  1.  2.  1.  0.  0.  2.  0.  2.  0.
   0.  1.  0.  0.  1.  1.  0.  2.  1.  1.  1.  1.  2.  1.  0.  0.  1.  2.
   0.  1.  0.  2.  0.  2.  0.]
 [ 0.  1.  0.  1.  1.  0.  1.  0.  1.  1.  1.  1.  2.  1.  1.  2.  2.  1.
   2.  0.  2.  0.  1.  1.  2.  0.  1.  1.  1.  1.  2.  1.  2.  2.  1.  1.
   0.  0.  0.  2.  0.  2.  2.]
 [ 2.  2.  0.  1.  1.  1.  2.  0.  1.  0.  1.  1.  2.  1.  0.  0.  0.  0.
   1.  1.  1.  1.  1.  1.  2.  2.  2.  1.  2.  2.  2.  1.  2.  1.  1.  1.
   0.  2.  1.  1.  2.  0.  2.]
 [ 1.  2.  2.  1.  1.  1.  1.  2.  0.  1.  1.  1.  2.  1.  0.  0.  2.  2.
   1.  1.  1.  2.  1.  0.  1.  0.  0.  1.  1.  1.  1.  1.  2.  2.  1.  1.
   2.  1.  0.  0.  0.  2.  2.]
 [ 0.  1.  0.  1.  1.  1.  2.  1.  1.  1.  1.  1.  0.  0.  0.  0.  2.  2.
   0.  1.  2.  1.  1.  1.  0.  1.  2.  1.  1.  1.  0.  1.  2.  1.  1.  1.
   0.  1.  0.  2.  0.  0.  0.]
 [ 2.  0.  2.  0.  1.  1.  0.  1.  1.  1.  1.  1.  0.  1.  2.  0.  0.  1.
   0.  1.  1.  2.  1.  1.  0.  1.  1.  1.  1.  1.  0.  1.  0.  1.  1.  1.
   2.  1.  1.  1.  2.  0.  0.]
 [ 0.  1.  2.  1.  1.  1.  0.  2.  1.  2.  2.  1.  2.  2.  1.  2.  1.  1.
   2.  1.  2.  2.  1.  2.  2.  2.  1.  1.  1.  1.  2.  1.  0.  1.  1.  1.
   2.  1.  1.  1.  0.  2.  0.]
 [ 0.  2.  0.  2.  1.  2.  0.  0.  0.  1.  0.  1.  1.  0.  2.  0.  0.  2.
   0.  2.  2.  0.  1.  0.  0.  2.  1.  1.  1.  1.  0.  1.  0.  1.  1.  1.
   0.  1.  2.  1.  0.  0.  0.]
 [ 2.  1.  2.  0.  1.  0.  1.  1.  1.  1.  1.  1.  0.  1.  0.  0.  2.  1.
   1.  1.  0.  1.  1.  1.  0.  0.  2.  1.  0.  1.  0.  1.  0.  0.  1.  1.
   1.  1.  2.  1.  1.  1.  2.]
 [ 2.  2.  1.  0.  1.  2.  2.  1.  1.  2.  1.  1.  0.  1.  1.  1.  0.  1.
   1.  1.  0.  0.  1.  1.  1.  0.  2.  1.  1.  1.  0.  1.  2.  2.  1.  1.
   2.  1.  0.  1.  2.  2.  2.]
 [ 0.  1.  2.  0.  1.  0.  0.  1.  2.  1.  2.  1.  0.  0.  0.  0.  2.  1.
   1.  1.  2.  2.  1.  1.  0.  0.  2.  1.  2.  1.  0.  1.  2.  1.  1.  1.
   1.  1.  1.  0.  0.  2.  0.]
 [ 2.  0.  0.  0.  2.  1.  0.  1.  1.  1.  2.  2.  2.  1.  0.  2.  0.  2.
   2.  0.  0.  1.  1.  0.  2.  2.  0.  1.  0.  0.  2.  1.  0.  2.  1.  1.
   0.  1.  2.  1.  0.  0.  2.]
 [ 2.  2.  2.  0.  1.  1.  1.  1.  2.  0.  1.  1.  0.  2.  0.  0.  1.  2.
   2.  1.  0.  2.  1.  1.  0.  2.  2.  1.  2.  1.  1.  1.  0.  1.  1.  1.
   2.  1.  2.  0.  2.  1.  2.]
 [ 0.  2.  2.  2.  0.  1.  1.  1.  1.  1.  1.  0.  2.  1.  1.  0.  1.  2.
   2.  1.  2.  0.  1.  0.  1.  1.  1.  2.  2.  1.  2.  1.  2.  1.  2.  1.
   1.  1.  2.  1.  2.  0.  2.]
 [ 2.  1.  2.  1.  1.  1.  2.  1.  2.  1.  1.  1.  1.  1.  0.  0.  1.  1.
   1.  1.  0.  2.  1.  2.  0.  0.  1.  1.  2.  1.  0.  1.  0.  2.  1.  1.
   2.  1.  0.  1.  1.  0.  0.]
 [ 1.  0.  1.  1.  1.  1.  1.  1.  2.  2.  1.  1.  2.  1.  1.  2.  1.  2.
   0.  1.  0.  0.  0.  1.  2.  1.  0.  1.  1.  0.  2.  1.  2.  1.  1.  1.
   2.  1.  0.  0.  0.  2.  2.]
 [ 0.  2.  2.  2.  1.  2.  1.  1.  0.  2.  1.  1.  1.  1.  0.  2.  0.  2.
   1.  1.  2.  2.  1.  1.  2.  1.  1.  1.  1.  1.  0.  1.  2.  1.  1.  2.
   2.  1.  2.  2.  1.  1.  1.]
 [ 2.  1.  0.  0.  1.  1.  2.  1.  2.  0.  1.  1.  1.  2.  0.  0.  1.  1.
   2.  1.  0.  2.  1.  1.  1.  2.  1.  1.  2.  1.  2.  1.  0.  2.  1.  1.
   2.  1.  2.  1.  0.  2.  2.]
 [ 2.  1.  1.  2.  1.  0.  2.  1.  0.  1.  1.  1.  2.  0.  2.  0.  0.  0.
   0.  1.  0.  0.  1.  1.  2.  1.  1.  1.  0.  1.  2.  1.  2.  1.  1.  1.
   2.  1.  2.  0.  0.  1.  0.]
 [ 0.  2.  2.  2.  1.  2.  2.  1.  1.  1.  1.  1.  1.  1.  1.  0.  1.  1.
   0.  1.  2.  1.  1.  0.  2.  0.  1.  1.  0.  1.  2.  1.  0.  1.  1.  1.
   0.  1.  0.  1.  0.  0.  0.]
 [ 0.  1.  1.  2.  1.  2.  0.  1.  2.  1.  1.  1.  2.  1.  0.  2.  0.  1.
   0.  1.  0.  1.  1.  0.  0.  1.  1.  1.  1.  1.  1.  2.  2.  1.  1.  1.
   2.  1.  0.  1.  2.  0.  2.]
 [ 0.  0.  2.  1.  2.  2.  1.  0.  1.  1.  1.  2.  0.  1.  1.  0.  2.  1.
   0.  1.  1.  2.  1.  2.  0.  1.  0.  1.  0.  1.  2.  2.  0.  2.  0.  1.
   2.  1.  2.  2.  0.  0.  0.]]
... loading data
... building the model
... training
epoch 1, minibatch 15/15, validation error 73.348837 % average loss nan %
     epoch 1, minibatch 15/15, test error of best model 72.069767 % average loss nan %
epoch 2, minibatch 15/15, validation error 73.348837 % average loss nan %
[[0 0 0 0 0 0 0 0 0 0 0 0 0 0 0 0 0 0 0 0 0 0 0 0 0 0 0 0 0 0 0 0 0 0 0 0 0
  0 0 0 0 0 0]
 [0 0 0 0 0 0 0 0 0 0 0 0 0 0 0 0 0 0 0 0 0 0 0 0 0 0 0 0 0 0 0 0 0 0 0 0 0
  0 0 0 0 0 0]
 [0 0 0 0 0 0 0 0 0 0 0 0 0 0 0 0 0 0 0 0 0 0 0 0 0 0 0 0 0 0 0 0 0 0 0 0 0
  0 0 0 0 0 0]
 [0 0 0 0 0 0 0 0 0 0 0 0 0 0 0 0 0 0 0 0 0 0 0 0 0 0 0 0 0 0 0 0 0 0 0 0 0
  0 0 0 0 0 0]
 [0 0 0 0 0 0 0 0 0 0 0 0 0 0 0 0 0 0 0 0 0 0 0 0 0 0 0 0 0 0 0 0 0 0 0 0 0
  0 0 0 0 0 0]
 [0 0 0 0 0 0 0 0 0 0 0 0 0 0 0 0 0 0 0 0 0 0 0 0 0 0 0 0 0 0 0 0 0 0 0 0 0
  0 0 0 0 0 0]
 [0 0 0 0 0 0 0 0 0 0 0 0 0 0 0 0 0 0 0 0 0 0 0 0 0 0 0 0 0 0 0 0 0 0 0 0 0
  0 0 0 0 0 0]
 [0 0 0 0 0 0 0 0 0 0 0 0 0 0 0 0 0 0 0 0 0 0 0 0 0 0 0 0 0 0 0 0 0 0 0 0 0
  0 0 0 0 0 0]
 [0 0 0 0 0 0 0 0 0 0 0 0 0 0 0 0 0 0 0 0 0 0 0 0 0 0 0 0 0 0 0 0 0 0 0 0 0
  0 0 0 0 0 0]
 [0 0 0 0 0 0 0 0 0 0 0 0 0 0 0 0 0 0 0 0 0 0 0 0 0 0 0 0 0 0 0 0 0 0 0 0 0
  0 0 0 0 0 0]
 [0 0 0 0 0 0 0 0 0 0 0 0 0 0 0 0 0 0 0 0 0 0 0 0 0 0 0 0 0 0 0 0 0 0 0 0 0
  0 0 0 0 0 0]
 [0 0 0 0 0 0 0 0 0 0 0 0 0 0 0 0 0 0 0 0 0 0 0 0 0 0 0 0 0 0 0 0 0 0 0 0 0
  0 0 0 0 0 0]
 [0 0 0 0 0 0 0 0 0 0 0 0 0 0 0 0 0 0 0 0 0 0 0 0 0 0 0 0 0 0 0 0 0 0 0 0 0
  0 0 0 0 0 0]
 [0 0 0 0 0 0 0 0 0 0 0 0 0 0 0 0 0 0 0 0 0 0 0 0 0 0 0 0 0 0 0 0 0 0 0 0 0
  0 0 0 0 0 0]
 [0 0 0 0 0 0 0 0 0 0 0 0 0 0 0 0 0 0 0 0 0 0 0 0 0 0 0 0 0 0 0 0 0 0 0 0 0
  0 0 0 0 0 0]
 [0 0 0 0 0 0 0 0 0 0 0 0 0 0 0 0 0 0 0 0 0 0 0 0 0 0 0 0 0 0 0 0 0 0 0 0 0
  0 0 0 0 0 0]
 [0 0 0 0 0 0 0 0 0 0 0 0 0 0 0 0 0 0 0 0 0 0 0 0 0 0 0 0 0 0 0 0 0 0 0 0 0
  0 0 0 0 0 0]
 [0 0 0 0 0 0 0 0 0 0 0 0 0 0 0 0 0 0 0 0 0 0 0 0 0 0 0 0 0 0 0 0 0 0 0 0 0
  0 0 0 0 0 0]
 [0 0 0 0 0 0 0 0 0 0 0 0 0 0 0 0 0 0 0 0 0 0 0 0 0 0 0 0 0 0 0 0 0 0 0 0 0
  0 0 0 0 0 0]
 [0 0 0 0 0 0 0 0 0 0 0 0 0 0 0 0 0 0 0 0 0 0 0 0 0 0 0 0 0 0 0 0 0 0 0 0 0
  0 0 0 0 0 0]
 [0 0 0 0 0 0 0 0 0 0 0 0 0 0 0 0 0 0 0 0 0 0 0 0 0 0 0 0 0 0 0 0 0 0 0 0 0
  0 0 0 0 0 0]
 [0 0 0 0 0 0 0 0 0 0 0 0 0 0 0 0 0 0 0 0 0 0 0 0 0 0 0 0 0 0 0 0 0 0 0 0 0
  0 0 0 0 0 0]
 [0 0 0 0 0 0 0 0 0 0 0 0 0 0 0 0 0 0 0 0 0 0 0 0 0 0 0 0 0 0 0 0 0 0 0 0 0
  0 0 0 0 0 0]
 [0 0 0 0 0 0 0 0 0 0 0 0 0 0 0 0 0 0 0 0 0 0 0 0 0 0 0 0 0 0 0 0 0 0 0 0 0
  0 0 0 0 0 0]
 [0 0 0 0 0 0 0 0 0 0 0 0 0 0 0 0 0 0 0 0 0 0 0 0 0 0 0 0 0 0 0 0 0 0 0 0 0
  0 0 0 0 0 0]
 [0 0 0 0 0 0 0 0 0 0 0 0 0 0 0 0 0 0 0 0 0 0 0 0 0 0 0 0 0 0 0 0 0 0 0 0 0
  0 0 0 0 0 0]
 [0 0 0 0 0 0 0 0 0 0 0 0 0 0 0 0 0 0 0 0 0 0 0 0 0 0 0 0 0 0 0 0 0 0 0 0 0
  0 0 0 0 0 0]
 [0 0 0 0 0 0 0 0 0 0 0 0 0 0 0 0 0 0 0 0 0 0 0 0 0 0 0 0 0 0 0 0 0 0 0 0 0
  0 0 0 0 0 0]
 [0 0 0 0 0 0 0 0 0 0 0 0 0 0 0 0 0 0 0 0 0 0 0 0 0 0 0 0 0 0 0 0 0 0 0 0 0
  0 0 0 0 0 0]
 [0 0 0 0 0 0 0 0 0 0 0 0 0 0 0 0 0 0 0 0 0 0 0 0 0 0 0 0 0 0 0 0 0 0 0 0 0
  0 0 0 0 0 0]
 [0 0 0 0 0 0 0 0 0 0 0 0 0 0 0 0 0 0 0 0 0 0 0 0 0 0 0 0 0 0 0 0 0 0 0 0 0
  0 0 0 0 0 0]
 [0 0 0 0 0 0 0 0 0 0 0 0 0 0 0 0 0 0 0 0 0 0 0 0 0 0 0 0 0 0 0 0 0 0 0 0 0
  0 0 0 0 0 0]
 [0 0 0 0 0 0 0 0 0 0 0 0 0 0 0 0 0 0 0 0 0 0 0 0 0 0 0 0 0 0 0 0 0 0 0 0 0
  0 0 0 0 0 0]
 [0 0 0 0 0 0 0 0 0 0 0 0 0 0 0 0 0 0 0 0 0 0 0 0 0 0 0 0 0 0 0 0 0 0 0 0 0
  0 0 0 0 0 0]
 [0 0 0 0 0 0 0 0 0 0 0 0 0 0 0 0 0 0 0 0 0 0 0 0 0 0 0 0 0 0 0 0 0 0 0 0 0
  0 0 0 0 0 0]
 [0 0 0 0 0 0 0 0 0 0 0 0 0 0 0 0 0 0 0 0 0 0 0 0 0 0 0 0 0 0 0 0 0 0 0 0 0
  0 0 0 0 0 0]
 [0 0 0 0 0 0 0 0 0 0 0 0 0 0 0 0 0 0 0 0 0 0 0 0 0 0 0 0 0 0 0 0 0 0 0 0 0
  0 0 0 0 0 0]
 [0 0 0 0 0 0 0 0 0 0 0 0 0 0 0 0 0 0 0 0 0 0 0 0 0 0 0 0 0 0 0 0 0 0 0 0 0
  0 0 0 0 0 0]
 [0 0 0 0 0 0 0 0 0 0 0 0 0 0 0 0 0 0 0 0 0 0 0 0 0 0 0 0 0 0 0 0 0 0 0 0 0
  0 0 0 0 0 0]
 [0 0 0 0 0 0 0 0 0 0 0 0 0 0 0 0 0 0 0 0 0 0 0 0 0 0 0 0 0 0 0 0 0 0 0 0 0
  0 0 0 0 0 0]
 [0 0 0 0 0 0 0 0 0 0 0 0 0 0 0 0 0 0 0 0 0 0 0 0 0 0 0 0 0 0 0 0 0 0 0 0 0
  0 0 0 0 0 0]
 [0 0 0 0 0 0 0 0 0 0 0 0 0 0 0 0 0 0 0 0 0 0 0 0 0 0 0 0 0 0 0 0 0 0 0 0 0
  0 0 0 0 0 0]
 [0 0 0 0 0 0 0 0 0 0 0 0 0 0 0 0 0 0 0 0 0 0 0 0 0 0 0 0 0 0 0 0 0 0 0 0 0
  0 0 0 0 0 0]
 [0 0 0 0 0 0 0 0 0 0 0 0 0 0 0 0 0 0 0 0 0 0 0 0 0 0 0 0 0 0 0 0 0 0 0 0 0
  0 0 0 0 0 0]
 [0 0 0 0 0 0 0 0 0 0 0 0 0 0 0 0 0 0 0 0 0 0 0 0 0 0 0 0 0 0 0 0 0 0 0 0 0
  0 0 0 0 0 0]
 [0 0 0 0 0 0 0 0 0 0 0 0 0 0 0 0 0 0 0 0 0 0 0 0 0 0 0 0 0 0 0 0 0 0 0 0 0
  0 0 0 0 0 0]
 [0 0 0 0 0 0 0 0 0 0 0 0 0 0 0 0 0 0 0 0 0 0 0 0 0 0 0 0 0 0 0 0 0 0 0 0 0
  0 0 0 0 0 0]
 [0 0 0 0 0 0 0 0 0 0 0 0 0 0 0 0 0 0 0 0 0 0 0 0 0 0 0 0 0 0 0 0 0 0 0 0 0
  0 0 0 0 0 0]
 [0 0 0 0 0 0 0 0 0 0 0 0 0 0 0 0 0 0 0 0 0 0 0 0 0 0 0 0 0 0 0 0 0 0 0 0 0
  0 0 0 0 0 0]
 [0 0 0 0 0 0 0 0 0 0 0 0 0 0 0 0 0 0 0 0 0 0 0 0 0 0 0 0 0 0 0 0 0 0 0 0 0
  0 0 0 0 0 0]
 [0 0 0 0 0 0 0 0 0 0 0 0 0 0 0 0 0 0 0 0 0 0 0 0 0 0 0 0 0 0 0 0 0 0 0 0 0
  0 0 0 0 0 0]
 [0 0 0 0 0 0 0 0 0 0 0 0 0 0 0 0 0 0 0 0 0 0 0 0 0 0 0 0 0 0 0 0 0 0 0 0 0
  0 0 0 0 0 0]
 [0 0 0 0 0 0 0 0 0 0 0 0 0 0 0 0 0 0 0 0 0 0 0 0 0 0 0 0 0 0 0 0 0 0 0 0 0
  0 0 0 0 0 0]
 [0 0 0 0 0 0 0 0 0 0 0 0 0 0 0 0 0 0 0 0 0 0 0 0 0 0 0 0 0 0 0 0 0 0 0 0 0
  0 0 0 0 0 0]
 [0 0 0 0 0 0 0 0 0 0 0 0 0 0 0 0 0 0 0 0 0 0 0 0 0 0 0 0 0 0 0 0 0 0 0 0 0
  0 0 0 0 0 0]
 [0 0 0 0 0 0 0 0 0 0 0 0 0 0 0 0 0 0 0 0 0 0 0 0 0 0 0 0 0 0 0 0 0 0 0 0 0
  0 0 0 0 0 0]
 [0 0 0 0 0 0 0 0 0 0 0 0 0 0 0 0 0 0 0 0 0 0 0 0 0 0 0 0 0 0 0 0 0 0 0 0 0
  0 0 0 0 0 0]
 [0 0 0 0 0 0 0 0 0 0 0 0 0 0 0 0 0 0 0 0 0 0 0 0 0 0 0 0 0 0 0 0 0 0 0 0 0
  0 0 0 0 0 0]
 [0 0 0 0 0 0 0 0 0 0 0 0 0 0 0 0 0 0 0 0 0 0 0 0 0 0 0 0 0 0 0 0 0 0 0 0 0
  0 0 0 0 0 0]
 [0 0 0 0 0 0 0 0 0 0 0 0 0 0 0 0 0 0 0 0 0 0 0 0 0 0 0 0 0 0 0 0 0 0 0 0 0
  0 0 0 0 0 0]
 [0 0 0 0 0 0 0 0 0 0 0 0 0 0 0 0 0 0 0 0 0 0 0 0 0 0 0 0 0 0 0 0 0 0 0 0 0
  0 0 0 0 0 0]
 [0 0 0 0 0 0 0 0 0 0 0 0 0 0 0 0 0 0 0 0 0 0 0 0 0 0 0 0 0 0 0 0 0 0 0 0 0
  0 0 0 0 0 0]
 [0 0 0 0 0 0 0 0 0 0 0 0 0 0 0 0 0 0 0 0 0 0 0 0 0 0 0 0 0 0 0 0 0 0 0 0 0
  0 0 0 0 0 0]
 [0 0 0 0 0 0 0 0 0 0 0 0 0 0 0 0 0 0 0 0 0 0 0 0 0 0 0 0 0 0 0 0 0 0 0 0 0
  0 0 0 0 0 0]
 [0 0 0 0 0 0 0 0 0 0 0 0 0 0 0 0 0 0 0 0 0 0 0 0 0 0 0 0 0 0 0 0 0 0 0 0 0
  0 0 0 0 0 0]
 [0 0 0 0 0 0 0 0 0 0 0 0 0 0 0 0 0 0 0 0 0 0 0 0 0 0 0 0 0 0 0 0 0 0 0 0 0
  0 0 0 0 0 0]
 [0 0 0 0 0 0 0 0 0 0 0 0 0 0 0 0 0 0 0 0 0 0 0 0 0 0 0 0 0 0 0 0 0 0 0 0 0
  0 0 0 0 0 0]
 [0 0 0 0 0 0 0 0 0 0 0 0 0 0 0 0 0 0 0 0 0 0 0 0 0 0 0 0 0 0 0 0 0 0 0 0 0
  0 0 0 0 0 0]
 [0 0 0 0 0 0 0 0 0 0 0 0 0 0 0 0 0 0 0 0 0 0 0 0 0 0 0 0 0 0 0 0 0 0 0 0 0
  0 0 0 0 0 0]
 [0 0 0 0 0 0 0 0 0 0 0 0 0 0 0 0 0 0 0 0 0 0 0 0 0 0 0 0 0 0 0 0 0 0 0 0 0
  0 0 0 0 0 0]
 [0 0 0 0 0 0 0 0 0 0 0 0 0 0 0 0 0 0 0 0 0 0 0 0 0 0 0 0 0 0 0 0 0 0 0 0 0
  0 0 0 0 0 0]
 [0 0 0 0 0 0 0 0 0 0 0 0 0 0 0 0 0 0 0 0 0 0 0 0 0 0 0 0 0 0 0 0 0 0 0 0 0
  0 0 0 0 0 0]
 [0 0 0 0 0 0 0 0 0 0 0 0 0 0 0 0 0 0 0 0 0 0 0 0 0 0 0 0 0 0 0 0 0 0 0 0 0
  0 0 0 0 0 0]
 [0 0 0 0 0 0 0 0 0 0 0 0 0 0 0 0 0 0 0 0 0 0 0 0 0 0 0 0 0 0 0 0 0 0 0 0 0
  0 0 0 0 0 0]
 [0 0 0 0 0 0 0 0 0 0 0 0 0 0 0 0 0 0 0 0 0 0 0 0 0 0 0 0 0 0 0 0 0 0 0 0 0
  0 0 0 0 0 0]
 [0 0 0 0 0 0 0 0 0 0 0 0 0 0 0 0 0 0 0 0 0 0 0 0 0 0 0 0 0 0 0 0 0 0 0 0 0
  0 0 0 0 0 0]
 [0 0 0 0 0 0 0 0 0 0 0 0 0 0 0 0 0 0 0 0 0 0 0 0 0 0 0 0 0 0 0 0 0 0 0 0 0
  0 0 0 0 0 0]
 [0 0 0 0 0 0 0 0 0 0 0 0 0 0 0 0 0 0 0 0 0 0 0 0 0 0 0 0 0 0 0 0 0 0 0 0 0
  0 0 0 0 0 0]
 [0 0 0 0 0 0 0 0 0 0 0 0 0 0 0 0 0 0 0 0 0 0 0 0 0 0 0 0 0 0 0 0 0 0 0 0 0
  0 0 0 0 0 0]
 [0 0 0 0 0 0 0 0 0 0 0 0 0 0 0 0 0 0 0 0 0 0 0 0 0 0 0 0 0 0 0 0 0 0 0 0 0
  0 0 0 0 0 0]
 [0 0 0 0 0 0 0 0 0 0 0 0 0 0 0 0 0 0 0 0 0 0 0 0 0 0 0 0 0 0 0 0 0 0 0 0 0
  0 0 0 0 0 0]
 [0 0 0 0 0 0 0 0 0 0 0 0 0 0 0 0 0 0 0 0 0 0 0 0 0 0 0 0 0 0 0 0 0 0 0 0 0
  0 0 0 0 0 0]
 [0 0 0 0 0 0 0 0 0 0 0 0 0 0 0 0 0 0 0 0 0 0 0 0 0 0 0 0 0 0 0 0 0 0 0 0 0
  0 0 0 0 0 0]
 [0 0 0 0 0 0 0 0 0 0 0 0 0 0 0 0 0 0 0 0 0 0 0 0 0 0 0 0 0 0 0 0 0 0 0 0 0
  0 0 0 0 0 0]
 [0 0 0 0 0 0 0 0 0 0 0 0 0 0 0 0 0 0 0 0 0 0 0 0 0 0 0 0 0 0 0 0 0 0 0 0 0
  0 0 0 0 0 0]
 [0 0 0 0 0 0 0 0 0 0 0 0 0 0 0 0 0 0 0 0 0 0 0 0 0 0 0 0 0 0 0 0 0 0 0 0 0
  0 0 0 0 0 0]
 [0 0 0 0 0 0 0 0 0 0 0 0 0 0 0 0 0 0 0 0 0 0 0 0 0 0 0 0 0 0 0 0 0 0 0 0 0
  0 0 0 0 0 0]
 [0 0 0 0 0 0 0 0 0 0 0 0 0 0 0 0 0 0 0 0 0 0 0 0 0 0 0 0 0 0 0 0 0 0 0 0 0
  0 0 0 0 0 0]
 [0 0 0 0 0 0 0 0 0 0 0 0 0 0 0 0 0 0 0 0 0 0 0 0 0 0 0 0 0 0 0 0 0 0 0 0 0
  0 0 0 0 0 0]
 [0 0 0 0 0 0 0 0 0 0 0 0 0 0 0 0 0 0 0 0 0 0 0 0 0 0 0 0 0 0 0 0 0 0 0 0 0
  0 0 0 0 0 0]
 [0 0 0 0 0 0 0 0 0 0 0 0 0 0 0 0 0 0 0 0 0 0 0 0 0 0 0 0 0 0 0 0 0 0 0 0 0
  0 0 0 0 0 0]
 [0 0 0 0 0 0 0 0 0 0 0 0 0 0 0 0 0 0 0 0 0 0 0 0 0 0 0 0 0 0 0 0 0 0 0 0 0
  0 0 0 0 0 0]
 [0 0 0 0 0 0 0 0 0 0 0 0 0 0 0 0 0 0 0 0 0 0 0 0 0 0 0 0 0 0 0 0 0 0 0 0 0
  0 0 0 0 0 0]
 [0 0 0 0 0 0 0 0 0 0 0 0 0 0 0 0 0 0 0 0 0 0 0 0 0 0 0 0 0 0 0 0 0 0 0 0 0
  0 0 0 0 0 0]
 [0 0 0 0 0 0 0 0 0 0 0 0 0 0 0 0 0 0 0 0 0 0 0 0 0 0 0 0 0 0 0 0 0 0 0 0 0
  0 0 0 0 0 0]
 [0 0 0 0 0 0 0 0 0 0 0 0 0 0 0 0 0 0 0 0 0 0 0 0 0 0 0 0 0 0 0 0 0 0 0 0 0
  0 0 0 0 0 0]
 [0 0 0 0 0 0 0 0 0 0 0 0 0 0 0 0 0 0 0 0 0 0 0 0 0 0 0 0 0 0 0 0 0 0 0 0 0
  0 0 0 0 0 0]
 [0 0 0 0 0 0 0 0 0 0 0 0 0 0 0 0 0 0 0 0 0 0 0 0 0 0 0 0 0 0 0 0 0 0 0 0 0
  0 0 0 0 0 0]
 [0 0 0 0 0 0 0 0 0 0 0 0 0 0 0 0 0 0 0 0 0 0 0 0 0 0 0 0 0 0 0 0 0 0 0 0 0
  0 0 0 0 0 0]
 [0 0 0 0 0 0 0 0 0 0 0 0 0 0 0 0 0 0 0 0 0 0 0 0 0 0 0 0 0 0 0 0 0 0 0 0 0
  0 0 0 0 0 0]]
Optimization complete. Best validation score of 73.348837 % obtained at iteration 15, with test performance 72.069767 %
The code for file SGD4FFN.py ran for 0.48m
             precision    recall  f1-score   support

          0       1.00      1.00      1.00       100
          1       0.00      0.00      0.00       100
          2       0.00      0.00      0.00       100

avg / total       0.33      0.33      0.33       300

