train_set_x
[ 600 9460]
train_set_y
[600  43]
valid_set_x
[ 200 9460]
valid_set_y
[200  43]
test_set_x
[ 200 9460]
test_set_y
[200  43]
... building the model
W
[[ 1.  1.  1. ...,  1.  1.  1.]
 [ 1.  1.  1. ...,  1.  1.  1.]
 [ 1.  1.  1. ...,  1.  1.  1.]
 ..., 
 [ 1.  1.  1. ...,  1.  1.  1.]
 [ 1.  1.  1. ...,  1.  1.  1.]
 [ 1.  1.  1. ...,  1.  1.  1.]]
B
[ 1.  1.  1. ...,  1.  1.  1.]
... training
epoch 1, minibatch 30/30, validation error 48.000000 % average loss 11.846631 %
     epoch 1, minibatch 30/30, test error of best model 66.000000 % average loss 11.846631 %
epoch 2, minibatch 30/30, validation error 48.000000 % average loss 11.826786 %
[[  1.60961950e-01   6.69907999e-01   1.56526661e-01 ...,   1.00026902e-04
    1.00026902e-04   1.00026902e-04]
 [  1.60957230e-01   6.69916400e-01   1.56523137e-01 ...,   1.00025661e-04
    1.00025661e-04   1.00025661e-04]
 [  1.60960301e-01   6.69910647e-01   1.56525069e-01 ...,   1.00031611e-04
    1.00031611e-04   1.00031611e-04]
 ..., 
 [  1.60960371e-01   6.69930291e-01   1.56518735e-01 ...,   9.99254100e-05
    9.99254100e-05   9.99254100e-05]
 [  1.60961502e-01   6.69934324e-01   1.56516078e-01 ...,   9.99055271e-05
    9.99055271e-05   9.99055271e-05]
 [  1.60958997e-01   6.69940048e-01   1.56514291e-01 ...,   9.98941607e-05
    9.98941607e-05   9.98941607e-05]]
[1 1 1 ..., 1 1 1]
Optimization complete. Best validation score of 48.000000 % obtained at iteration 30, with test performance 66.000000 %
The code for file SGD4FFN.py ran for 1.05m
